ERROR - 2023-06-28 21:53:04 --> mysqli_sql_exception: Table 'bimbel.buku' doesn't exist in C:\Users\10\Desktop\LandingPage\CI-Arsal\system\Database\MySQLi\Connection.php:292
Stack trace:
#0 C:\Users\10\Desktop\LandingPage\CI-Arsal\system\Database\MySQLi\Connection.php(292): mysqli->query('SELECT COUNT(*)...', 0)
#1 C:\Users\10\Desktop\LandingPage\CI-Arsal\system\Database\BaseConnection.php(666): CodeIgniter\Database\MySQLi\Connection->execute('SELECT COUNT(*)...')
#2 C:\Users\10\Desktop\LandingPage\CI-Arsal\system\Database\BaseConnection.php(593): CodeIgniter\Database\BaseConnection->simpleQuery('SELECT COUNT(*)...')
#3 C:\Users\10\Desktop\LandingPage\CI-Arsal\system\Database\BaseBuilder.php(1669): CodeIgniter\Database\BaseConnection->query('SELECT COUNT(*)...', Array, false)
#4 C:\Users\10\Desktop\LandingPage\CI-Arsal\system\Model.php(551): CodeIgniter\Database\BaseBuilder->countAllResults(false)
#5 C:\Users\10\Desktop\LandingPage\CI-Arsal\system\BaseModel.php(1106): CodeIgniter\Model->countAllResults(false)
#6 C:\Users\10\Desktop\LandingPage\CI-Arsal\app\Controllers\Admin.php(30): CodeIgniter\BaseModel->paginate(5, 'daftar')
#7 C:\Users\10\Desktop\LandingPage\CI-Arsal\system\CodeIgniter.php(927): App\Controllers\Admin->index()
#8 C:\Users\10\Desktop\LandingPage\CI-Arsal\system\CodeIgniter.php(482): CodeIgniter\CodeIgniter->runController(Object(App\Controllers\Admin))
#9 C:\Users\10\Desktop\LandingPage\CI-Arsal\system\CodeIgniter.php(351): CodeIgniter\CodeIgniter->handleRequest(NULL, Object(Config\Cache), false)
#10 C:\Users\10\Desktop\LandingPage\CI-Arsal\public\index.php(67): CodeIgniter\CodeIgniter->run()
#11 C:\Users\10\Desktop\LandingPage\CI-Arsal\system\Commands\Server\rewrite.php(46): require_once('C:\\Users\\10\\Des...')
#12 {main}
CRITICAL - 2023-06-28 21:53:04 --> Table 'bimbel.buku' doesn't exist
in SYSTEMPATH\Database\MySQLi\Connection.php on line 292.
 1 SYSTEMPATH\Database\MySQLi\Connection.php(292): mysqli->query('SELECT COUNT(*) AS `numrows`
FROM `buku`', 0)
 2 SYSTEMPATH\Database\BaseConnection.php(666): CodeIgniter\Database\MySQLi\Connection->execute('SELECT COUNT(*) AS `numrows`
FROM `buku`')
 3 SYSTEMPATH\Database\BaseConnection.php(593): CodeIgniter\Database\BaseConnection->simpleQuery('SELECT COUNT(*) AS `numrows`
FROM `buku`')
 4 SYSTEMPATH\Database\BaseBuilder.php(1669): CodeIgniter\Database\BaseConnection->query('SELECT COUNT(*) AS `numrows`
FROM `buku`', [], false)
 5 SYSTEMPATH\Model.php(551): CodeIgniter\Database\BaseBuilder->countAllResults(false)
 6 SYSTEMPATH\BaseModel.php(1106): CodeIgniter\Model->countAllResults(false)
 7 APPPATH\Controllers\Admin.php(30): CodeIgniter\BaseModel->paginate(5, 'daftar')
 8 SYSTEMPATH\CodeIgniter.php(927): App\Controllers\Admin->index()
 9 SYSTEMPATH\CodeIgniter.php(482): CodeIgniter\CodeIgniter->runController(Object(App\Controllers\Admin))
10 SYSTEMPATH\CodeIgniter.php(351): CodeIgniter\CodeIgniter->handleRequest(null, Object(Config\Cache), false)
11 FCPATH\index.php(67): CodeIgniter\CodeIgniter->run()
12 SYSTEMPATH\Commands\Server\rewrite.php(46): require_once('FCPATH\\index.php')
ERROR - 2023-06-28 21:54:02 --> mysqli_sql_exception: Table 'bimbel.buku' doesn't exist in C:\Users\10\Desktop\LandingPage\CI-Arsal\system\Database\MySQLi\Connection.php:292
Stack trace:
#0 C:\Users\10\Desktop\LandingPage\CI-Arsal\system\Database\MySQLi\Connection.php(292): mysqli->query('SELECT COUNT(*)...', 0)
#1 C:\Users\10\Desktop\LandingPage\CI-Arsal\system\Database\BaseConnection.php(666): CodeIgniter\Database\MySQLi\Connection->execute('SELECT COUNT(*)...')
#2 C:\Users\10\Desktop\LandingPage\CI-Arsal\system\Database\BaseConnection.php(593): CodeIgniter\Database\BaseConnection->simpleQuery('SELECT COUNT(*)...')
#3 C:\Users\10\Desktop\LandingPage\CI-Arsal\system\Database\BaseBuilder.php(1669): CodeIgniter\Database\BaseConnection->query('SELECT COUNT(*)...', Array, false)
#4 C:\Users\10\Desktop\LandingPage\CI-Arsal\system\Model.php(551): CodeIgniter\Database\BaseBuilder->countAllResults(false)
#5 C:\Users\10\Desktop\LandingPage\CI-Arsal\system\BaseModel.php(1106): CodeIgniter\Model->countAllResults(false)
#6 C:\Users\10\Desktop\LandingPage\CI-Arsal\app\Controllers\Admin.php(30): CodeIgniter\BaseModel->paginate(5, 'daftar')
#7 C:\Users\10\Desktop\LandingPage\CI-Arsal\system\CodeIgniter.php(927): App\Controllers\Admin->index()
#8 C:\Users\10\Desktop\LandingPage\CI-Arsal\system\CodeIgniter.php(482): CodeIgniter\CodeIgniter->runController(Object(App\Controllers\Admin))
#9 C:\Users\10\Desktop\LandingPage\CI-Arsal\system\CodeIgniter.php(351): CodeIgniter\CodeIgniter->handleRequest(NULL, Object(Config\Cache), false)
#10 C:\Users\10\Desktop\LandingPage\CI-Arsal\public\index.php(67): CodeIgniter\CodeIgniter->run()
#11 C:\Users\10\Desktop\LandingPage\CI-Arsal\system\Commands\Server\rewrite.php(46): require_once('C:\\Users\\10\\Des...')
#12 {main}
CRITICAL - 2023-06-28 21:54:02 --> Table 'bimbel.buku' doesn't exist
in SYSTEMPATH\Database\MySQLi\Connection.php on line 292.
 1 SYSTEMPATH\Database\MySQLi\Connection.php(292): mysqli->query('SELECT COUNT(*) AS `numrows`
FROM `buku`', 0)
 2 SYSTEMPATH\Database\BaseConnection.php(666): CodeIgniter\Database\MySQLi\Connection->execute('SELECT COUNT(*) AS `numrows`
FROM `buku`')
 3 SYSTEMPATH\Database\BaseConnection.php(593): CodeIgniter\Database\BaseConnection->simpleQuery('SELECT COUNT(*) AS `numrows`
FROM `buku`')
 4 SYSTEMPATH\Database\BaseBuilder.php(1669): CodeIgniter\Database\BaseConnection->query('SELECT COUNT(*) AS `numrows`
FROM `buku`', [], false)
 5 SYSTEMPATH\Model.php(551): CodeIgniter\Database\BaseBuilder->countAllResults(false)
 6 SYSTEMPATH\BaseModel.php(1106): CodeIgniter\Model->countAllResults(false)
 7 APPPATH\Controllers\Admin.php(30): CodeIgniter\BaseModel->paginate(5, 'daftar')
 8 SYSTEMPATH\CodeIgniter.php(927): App\Controllers\Admin->index()
 9 SYSTEMPATH\CodeIgniter.php(482): CodeIgniter\CodeIgniter->runController(Object(App\Controllers\Admin))
10 SYSTEMPATH\CodeIgniter.php(351): CodeIgniter\CodeIgniter->handleRequest(null, Object(Config\Cache), false)
11 FCPATH\index.php(67): CodeIgniter\CodeIgniter->run()
12 SYSTEMPATH\Commands\Server\rewrite.php(46): require_once('FCPATH\\index.php')
ERROR - 2023-06-28 21:54:04 --> mysqli_sql_exception: Table 'bimbel.buku' doesn't exist in C:\Users\10\Desktop\LandingPage\CI-Arsal\system\Database\MySQLi\Connection.php:292
Stack trace:
#0 C:\Users\10\Desktop\LandingPage\CI-Arsal\system\Database\MySQLi\Connection.php(292): mysqli->query('SELECT COUNT(*)...', 0)
#1 C:\Users\10\Desktop\LandingPage\CI-Arsal\system\Database\BaseConnection.php(666): CodeIgniter\Database\MySQLi\Connection->execute('SELECT COUNT(*)...')
#2 C:\Users\10\Desktop\LandingPage\CI-Arsal\system\Database\BaseConnection.php(593): CodeIgniter\Database\BaseConnection->simpleQuery('SELECT COUNT(*)...')
#3 C:\Users\10\Desktop\LandingPage\CI-Arsal\system\Database\BaseBuilder.php(1669): CodeIgniter\Database\BaseConnection->query('SELECT COUNT(*)...', Array, false)
#4 C:\Users\10\Desktop\LandingPage\CI-Arsal\system\Model.php(551): CodeIgniter\Database\BaseBuilder->countAllResults(false)
#5 C:\Users\10\Desktop\LandingPage\CI-Arsal\system\BaseModel.php(1106): CodeIgniter\Model->countAllResults(false)
#6 C:\Users\10\Desktop\LandingPage\CI-Arsal\app\Controllers\Admin.php(30): CodeIgniter\BaseModel->paginate(5, 'daftar')
#7 C:\Users\10\Desktop\LandingPage\CI-Arsal\system\CodeIgniter.php(927): App\Controllers\Admin->index()
#8 C:\Users\10\Desktop\LandingPage\CI-Arsal\system\CodeIgniter.php(482): CodeIgniter\CodeIgniter->runController(Object(App\Controllers\Admin))
#9 C:\Users\10\Desktop\LandingPage\CI-Arsal\system\CodeIgniter.php(351): CodeIgniter\CodeIgniter->handleRequest(NULL, Object(Config\Cache), false)
#10 C:\Users\10\Desktop\LandingPage\CI-Arsal\public\index.php(67): CodeIgniter\CodeIgniter->run()
#11 C:\Users\10\Desktop\LandingPage\CI-Arsal\system\Commands\Server\rewrite.php(46): require_once('C:\\Users\\10\\Des...')
#12 {main}
CRITICAL - 2023-06-28 21:54:04 --> Table 'bimbel.buku' doesn't exist
in SYSTEMPATH\Database\MySQLi\Connection.php on line 292.
 1 SYSTEMPATH\Database\MySQLi\Connection.php(292): mysqli->query('SELECT COUNT(*) AS `numrows`
FROM `buku`', 0)
 2 SYSTEMPATH\Database\BaseConnection.php(666): CodeIgniter\Database\MySQLi\Connection->execute('SELECT COUNT(*) AS `numrows`
FROM `buku`')
 3 SYSTEMPATH\Database\BaseConnection.php(593): CodeIgniter\Database\BaseConnection->simpleQuery('SELECT COUNT(*) AS `numrows`
FROM `buku`')
 4 SYSTEMPATH\Database\BaseBuilder.php(1669): CodeIgniter\Database\BaseConnection->query('SELECT COUNT(*) AS `numrows`
FROM `buku`', [], false)
 5 SYSTEMPATH\Model.php(551): CodeIgniter\Database\BaseBuilder->countAllResults(false)
 6 SYSTEMPATH\BaseModel.php(1106): CodeIgniter\Model->countAllResults(false)
 7 APPPATH\Controllers\Admin.php(30): CodeIgniter\BaseModel->paginate(5, 'daftar')
 8 SYSTEMPATH\CodeIgniter.php(927): App\Controllers\Admin->index()
 9 SYSTEMPATH\CodeIgniter.php(482): CodeIgniter\CodeIgniter->runController(Object(App\Controllers\Admin))
10 SYSTEMPATH\CodeIgniter.php(351): CodeIgniter\CodeIgniter->handleRequest(null, Object(Config\Cache), false)
11 FCPATH\index.php(67): CodeIgniter\CodeIgniter->run()
12 SYSTEMPATH\Commands\Server\rewrite.php(46): require_once('FCPATH\\index.php')
CRITICAL - 2023-06-28 21:54:39 --> Undefined array key ""
in APPPATH\Views\kategori\viewkategori.php on line 44.
 1 APPPATH\Views\kategori\viewkategori.php(44): CodeIgniter\Debug\Exceptions->errorHandler(2, 'Undefined array key ""', 'APPPATH\\Views\\kategori\\viewkategori.php', 44)
 2 SYSTEMPATH\View\View.php(213): include('APPPATH\\Views\\kategori\\viewkategori.php')
 3 SYSTEMPATH\View\View.php(216): CodeIgniter\View\View->CodeIgniter\View\{closure}()
 4 SYSTEMPATH\Common.php(1134): CodeIgniter\View\View->render('kategori/viewkategori', [], true)
 5 APPPATH\Controllers\Admin.php(42): view('kategori/viewkategori', [...])
 6 SYSTEMPATH\CodeIgniter.php(927): App\Controllers\Admin->index()
 7 SYSTEMPATH\CodeIgniter.php(482): CodeIgniter\CodeIgniter->runController(Object(App\Controllers\Admin))
 8 SYSTEMPATH\CodeIgniter.php(351): CodeIgniter\CodeIgniter->handleRequest(null, Object(Config\Cache), false)
 9 FCPATH\index.php(67): CodeIgniter\CodeIgniter->run()
10 SYSTEMPATH\Commands\Server\rewrite.php(46): require_once('FCPATH\\index.php')
CRITICAL - 2023-06-28 21:57:24 --> Undefined array key "bukti_transfer"
in APPPATH\Views\kategori\viewkategori.php on line 50.
 1 APPPATH\Views\kategori\viewkategori.php(50): CodeIgniter\Debug\Exceptions->errorHandler(2, 'Undefined array key "bukti_transfer"', 'APPPATH\\Views\\kategori\\viewkategori.php', 50)
 2 SYSTEMPATH\View\View.php(213): include('APPPATH\\Views\\kategori\\viewkategori.php')
 3 SYSTEMPATH\View\View.php(216): CodeIgniter\View\View->CodeIgniter\View\{closure}()
 4 SYSTEMPATH\Common.php(1134): CodeIgniter\View\View->render('kategori/viewkategori', [], true)
 5 APPPATH\Controllers\Admin.php(42): view('kategori/viewkategori', [...])
 6 SYSTEMPATH\CodeIgniter.php(927): App\Controllers\Admin->index()
 7 SYSTEMPATH\CodeIgniter.php(482): CodeIgniter\CodeIgniter->runController(Object(App\Controllers\Admin))
 8 SYSTEMPATH\CodeIgniter.php(351): CodeIgniter\CodeIgniter->handleRequest(null, Object(Config\Cache), false)
 9 FCPATH\index.php(67): CodeIgniter\CodeIgniter->run()
10 SYSTEMPATH\Commands\Server\rewrite.php(46): require_once('FCPATH\\index.php')
ERROR - 2023-06-28 22:49:53 --> Error connecting to the database: mysqli_sql_exception: No connection could be made because the target machine actively refused it in C:\Users\10\Desktop\LandingPage\CI-Arsal\system\Database\MySQLi\Connection.php:171
Stack trace:
#0 C:\Users\10\Desktop\LandingPage\CI-Arsal\system\Database\MySQLi\Connection.php(171): mysqli->real_connect('localhost', 'root', '', 'bimbel', 3306, '', 0)
#1 C:\Users\10\Desktop\LandingPage\CI-Arsal\system\Database\BaseConnection.php(382): CodeIgniter\Database\MySQLi\Connection->connect(false)
#2 C:\Users\10\Desktop\LandingPage\CI-Arsal\system\Database\BaseConnection.php(561): CodeIgniter\Database\BaseConnection->initialize()
#3 C:\Users\10\Desktop\LandingPage\CI-Arsal\system\Database\BaseBuilder.php(1585): CodeIgniter\Database\BaseConnection->query('SELECT *\nFROM `...', Array, false)
#4 C:\Users\10\Desktop\LandingPage\CI-Arsal\system\Model.php(250): CodeIgniter\Database\BaseBuilder->get()
#5 C:\Users\10\Desktop\LandingPage\CI-Arsal\system\BaseModel.php(623): CodeIgniter\Model->doFirst()
#6 C:\Users\10\Desktop\LandingPage\CI-Arsal\vendor\myth\auth\src\Authentication\LocalAuthenticator.php(140): CodeIgniter\BaseModel->first()
#7 C:\Users\10\Desktop\LandingPage\CI-Arsal\vendor\myth\auth\src\Authentication\LocalAuthenticator.php(19): Myth\Auth\Authentication\LocalAuthenticator->validate(Array, true)
#8 C:\Users\10\Desktop\LandingPage\CI-Arsal\vendor\myth\auth\src\Controllers\AuthController.php(87): Myth\Auth\Authentication\LocalAuthenticator->attempt(Array, false)
#9 C:\Users\10\Desktop\LandingPage\CI-Arsal\system\CodeIgniter.php(927): Myth\Auth\Controllers\AuthController->attemptLogin()
#10 C:\Users\10\Desktop\LandingPage\CI-Arsal\system\CodeIgniter.php(482): CodeIgniter\CodeIgniter->runController(Object(Myth\Auth\Controllers\AuthController))
#11 C:\Users\10\Desktop\LandingPage\CI-Arsal\system\CodeIgniter.php(351): CodeIgniter\CodeIgniter->handleRequest(NULL, Object(Config\Cache), false)
#12 C:\Users\10\Desktop\LandingPage\CI-Arsal\public\index.php(67): CodeIgniter\CodeIgniter->run()
#13 C:\Users\10\Desktop\LandingPage\CI-Arsal\system\Commands\Server\rewrite.php(46): require_once('C:\\Users\\10\\Des...')
#14 {main}

Next CodeIgniter\Database\Exceptions\DatabaseException: No connection could be made because the target machine actively refused it in C:\Users\10\Desktop\LandingPage\CI-Arsal\system\Database\MySQLi\Connection.php:215
Stack trace:
#0 C:\Users\10\Desktop\LandingPage\CI-Arsal\system\Database\BaseConnection.php(382): CodeIgniter\Database\MySQLi\Connection->connect(false)
#1 C:\Users\10\Desktop\LandingPage\CI-Arsal\system\Database\BaseConnection.php(561): CodeIgniter\Database\BaseConnection->initialize()
#2 C:\Users\10\Desktop\LandingPage\CI-Arsal\system\Database\BaseBuilder.php(1585): CodeIgniter\Database\BaseConnection->query('SELECT *\nFROM `...', Array, false)
#3 C:\Users\10\Desktop\LandingPage\CI-Arsal\system\Model.php(250): CodeIgniter\Database\BaseBuilder->get()
#4 C:\Users\10\Desktop\LandingPage\CI-Arsal\system\BaseModel.php(623): CodeIgniter\Model->doFirst()
#5 C:\Users\10\Desktop\LandingPage\CI-Arsal\vendor\myth\auth\src\Authentication\LocalAuthenticator.php(140): CodeIgniter\BaseModel->first()
#6 C:\Users\10\Desktop\LandingPage\CI-Arsal\vendor\myth\auth\src\Authentication\LocalAuthenticator.php(19): Myth\Auth\Authentication\LocalAuthenticator->validate(Array, true)
#7 C:\Users\10\Desktop\LandingPage\CI-Arsal\vendor\myth\auth\src\Controllers\AuthController.php(87): Myth\Auth\Authentication\LocalAuthenticator->attempt(Array, false)
#8 C:\Users\10\Desktop\LandingPage\CI-Arsal\system\CodeIgniter.php(927): Myth\Auth\Controllers\AuthController->attemptLogin()
#9 C:\Users\10\Desktop\LandingPage\CI-Arsal\system\CodeIgniter.php(482): CodeIgniter\CodeIgniter->runController(Object(Myth\Auth\Controllers\AuthController))
#10 C:\Users\10\Desktop\LandingPage\CI-Arsal\system\CodeIgniter.php(351): CodeIgniter\CodeIgniter->handleRequest(NULL, Object(Config\Cache), false)
#11 C:\Users\10\Desktop\LandingPage\CI-Arsal\public\index.php(67): CodeIgniter\CodeIgniter->run()
#12 C:\Users\10\Desktop\LandingPage\CI-Arsal\system\Commands\Server\rewrite.php(46): require_once('C:\\Users\\10\\Des...')
#13 {main}
CRITICAL - 2023-06-28 22:49:53 --> Unable to connect to the database.
Main connection [MySQLi]: No connection could be made because the target machine actively refused it
in SYSTEMPATH\Database\BaseConnection.php on line 418.
 1 SYSTEMPATH\Database\BaseConnection.php(561): CodeIgniter\Database\BaseConnection->initialize()
 2 SYSTEMPATH\Database\BaseBuilder.php(1585): CodeIgniter\Database\BaseConnection->query('SELECT *
FROM `users`
WHERE `username` = :username:
AND `users`.`deleted_at` IS NULL
 LIMIT 1', [...], false)
 3 SYSTEMPATH\Model.php(250): CodeIgniter\Database\BaseBuilder->get()
 4 SYSTEMPATH\BaseModel.php(623): CodeIgniter\Model->doFirst()
 5 VENDORPATH\myth\auth\src\Authentication\LocalAuthenticator.php(140): CodeIgniter\BaseModel->first()
 6 VENDORPATH\myth\auth\src\Authentication\LocalAuthenticator.php(19): Myth\Auth\Authentication\LocalAuthenticator->validate([...], true)
 7 VENDORPATH\myth\auth\src\Controllers\AuthController.php(87): Myth\Auth\Authentication\LocalAuthenticator->attempt([...], false)
 8 SYSTEMPATH\CodeIgniter.php(927): Myth\Auth\Controllers\AuthController->attemptLogin()
 9 SYSTEMPATH\CodeIgniter.php(482): CodeIgniter\CodeIgniter->runController(Object(Myth\Auth\Controllers\AuthController))
10 SYSTEMPATH\CodeIgniter.php(351): CodeIgniter\CodeIgniter->handleRequest(null, Object(Config\Cache), false)
11 FCPATH\index.php(67): CodeIgniter\CodeIgniter->run()
12 SYSTEMPATH\Commands\Server\rewrite.php(46): require_once('FCPATH\\index.php')
CRITICAL - 2023-06-28 23:44:38 --> Undefined variable $validation
in APPPATH\Views\kategori\formtambah.php on line 13.
 1 APPPATH\Views\kategori\formtambah.php(13): CodeIgniter\Debug\Exceptions->errorHandler(2, 'Undefined variable $validation', 'APPPATH\\Views\\kategori\\formtambah.php', 13)
 2 SYSTEMPATH\View\View.php(213): include('APPPATH\\Views\\kategori\\formtambah.php')
 3 SYSTEMPATH\View\View.php(216): CodeIgniter\View\View->CodeIgniter\View\{closure}()
 4 SYSTEMPATH\Common.php(1134): CodeIgniter\View\View->render('kategori/formtambah', [], true)
 5 APPPATH\Controllers\User.php(14): view('kategori/formtambah')
 6 SYSTEMPATH\CodeIgniter.php(927): App\Controllers\User->create()
 7 SYSTEMPATH\CodeIgniter.php(482): CodeIgniter\CodeIgniter->runController(Object(App\Controllers\User))
 8 SYSTEMPATH\CodeIgniter.php(351): CodeIgniter\CodeIgniter->handleRequest(null, Object(Config\Cache), false)
 9 FCPATH\index.php(67): CodeIgniter\CodeIgniter->run()
10 SYSTEMPATH\Commands\Server\rewrite.php(46): require_once('FCPATH\\index.php')
CRITICAL - 2023-06-28 23:48:12 --> Undefined variable $section
in APPPATH\Views\kategori\formtambah.php on line 3.
 1 APPPATH\Views\kategori\formtambah.php(3): CodeIgniter\Debug\Exceptions->errorHandler(2, 'Undefined variable $section', 'APPPATH\\Views\\kategori\\formtambah.php', 3)
 2 SYSTEMPATH\View\View.php(213): include('APPPATH\\Views\\kategori\\formtambah.php')
 3 SYSTEMPATH\View\View.php(216): CodeIgniter\View\View->CodeIgniter\View\{closure}()
 4 SYSTEMPATH\Common.php(1134): CodeIgniter\View\View->render('kategori/formtambah', [], true)
 5 APPPATH\Controllers\User.php(14): view('kategori/formtambah')
 6 SYSTEMPATH\CodeIgniter.php(927): App\Controllers\User->create()
 7 SYSTEMPATH\CodeIgniter.php(482): CodeIgniter\CodeIgniter->runController(Object(App\Controllers\User))
 8 SYSTEMPATH\CodeIgniter.php(351): CodeIgniter\CodeIgniter->handleRequest(null, Object(Config\Cache), false)
 9 FCPATH\index.php(67): CodeIgniter\CodeIgniter->run()
10 SYSTEMPATH\Commands\Server\rewrite.php(46): require_once('FCPATH\\index.php')
