CRITICAL - 2022-12-16 02:52:30 --> Undefined property: App\Controllers\Satuan::$satuan
in APPPATH\Controllers\Satuan.php on line 13.
 1 APPPATH\Controllers\Satuan.php(13): CodeIgniter\Debug\Exceptions->errorHandler(2, 'Undefined property: App\\Controllers\\Satuan::$satuan', 'APPPATH\\Controllers\\Satuan.php', 13)
 2 SYSTEMPATH\CodeIgniter.php(927): App\Controllers\Satuan->index()
 3 SYSTEMPATH\CodeIgniter.php(482): CodeIgniter\CodeIgniter->runController(Object(App\Controllers\Satuan))
 4 SYSTEMPATH\CodeIgniter.php(351): CodeIgniter\CodeIgniter->handleRequest(null, Object(Config\Cache), false)
 5 FCPATH\index.php(67): CodeIgniter\CodeIgniter->run()
 6 SYSTEMPATH\Commands\Server\rewrite.php(46): require_once('FCPATH\\index.php')
CRITICAL - 2022-12-16 02:53:06 --> Undefined variable $data
in APPPATH\Controllers\Satuan.php on line 13.
 1 APPPATH\Controllers\Satuan.php(13): CodeIgniter\Debug\Exceptions->errorHandler(2, 'Undefined variable $data', 'APPPATH\\Controllers\\Satuan.php', 13)
 2 SYSTEMPATH\CodeIgniter.php(927): App\Controllers\Satuan->index()
 3 SYSTEMPATH\CodeIgniter.php(482): CodeIgniter\CodeIgniter->runController(Object(App\Controllers\Satuan))
 4 SYSTEMPATH\CodeIgniter.php(351): CodeIgniter\CodeIgniter->handleRequest(null, Object(Config\Cache), false)
 5 FCPATH\index.php(67): CodeIgniter\CodeIgniter->run()
 6 SYSTEMPATH\Commands\Server\rewrite.php(46): require_once('FCPATH\\index.php')
CRITICAL - 2022-12-16 03:05:21 --> Undefined property: App\Controllers\Satuan::$kategori
in APPPATH\Controllers\Satuan.php on line 19.
 1 APPPATH\Controllers\Satuan.php(19): CodeIgniter\Debug\Exceptions->errorHandler(2, 'Undefined property: App\\Controllers\\Satuan::$kategori', 'APPPATH\\Controllers\\Satuan.php', 19)
 2 SYSTEMPATH\CodeIgniter.php(927): App\Controllers\Satuan->index()
 3 SYSTEMPATH\CodeIgniter.php(482): CodeIgniter\CodeIgniter->runController(Object(App\Controllers\Satuan))
 4 SYSTEMPATH\CodeIgniter.php(351): CodeIgniter\CodeIgniter->handleRequest(null, Object(Config\Cache), false)
 5 FCPATH\index.php(67): CodeIgniter\CodeIgniter->run()
 6 SYSTEMPATH\Commands\Server\rewrite.php(46): require_once('FCPATH\\index.php')
CRITICAL - 2022-12-16 03:03:57 --> Undefined variable $nohalaman
in APPPATH\Views\satuan\viewsatuan.php on line 38.
 1 APPPATH\Views\satuan\viewsatuan.php(38): CodeIgniter\Debug\Exceptions->errorHandler(2, 'Undefined variable $nohalaman', 'APPPATH\\Views\\satuan\\viewsatuan.php', 38)
 2 SYSTEMPATH\View\View.php(213): include('APPPATH\\Views\\satuan\\viewsatuan.php')
 3 SYSTEMPATH\View\View.php(216): CodeIgniter\View\View->CodeIgniter\View\{closure}()
 4 SYSTEMPATH\Common.php(1134): CodeIgniter\View\View->render('satuan/viewsatuan', [], true)
 5 APPPATH\Controllers\Satuan.php(21): view('satuan/viewsatuan', [...])
 6 SYSTEMPATH\CodeIgniter.php(927): App\Controllers\Satuan->index()
 7 SYSTEMPATH\CodeIgniter.php(482): CodeIgniter\CodeIgniter->runController(Object(App\Controllers\Satuan))
 8 SYSTEMPATH\CodeIgniter.php(351): CodeIgniter\CodeIgniter->handleRequest(null, Object(Config\Cache), false)
 9 FCPATH\index.php(67): CodeIgniter\CodeIgniter->run()
10 SYSTEMPATH\Commands\Server\rewrite.php(46): require_once('FCPATH\\index.php')
CRITICAL - 2022-12-16 03:06:22 --> Undefined variable $nohalaman
in APPPATH\Views\satuan\viewsatuan.php on line 38.
 1 APPPATH\Views\satuan\viewsatuan.php(38): CodeIgniter\Debug\Exceptions->errorHandler(2, 'Undefined variable $nohalaman', 'APPPATH\\Views\\satuan\\viewsatuan.php', 38)
 2 SYSTEMPATH\View\View.php(213): include('APPPATH\\Views\\satuan\\viewsatuan.php')
 3 SYSTEMPATH\View\View.php(216): CodeIgniter\View\View->CodeIgniter\View\{closure}()
 4 SYSTEMPATH\Common.php(1134): CodeIgniter\View\View->render('satuan/viewsatuan', [], true)
 5 APPPATH\Controllers\Satuan.php(21): view('satuan/viewsatuan', [...])
 6 SYSTEMPATH\CodeIgniter.php(927): App\Controllers\Satuan->index()
 7 SYSTEMPATH\CodeIgniter.php(482): CodeIgniter\CodeIgniter->runController(Object(App\Controllers\Satuan))
 8 SYSTEMPATH\CodeIgniter.php(351): CodeIgniter\CodeIgniter->handleRequest(null, Object(Config\Cache), false)
 9 FCPATH\index.php(67): CodeIgniter\CodeIgniter->run()
10 SYSTEMPATH\Commands\Server\rewrite.php(46): require_once('FCPATH\\index.php')
CRITICAL - 2022-12-16 03:06:25 --> Undefined variable $nohalaman
in APPPATH\Views\satuan\viewsatuan.php on line 38.
 1 APPPATH\Views\satuan\viewsatuan.php(38): CodeIgniter\Debug\Exceptions->errorHandler(2, 'Undefined variable $nohalaman', 'APPPATH\\Views\\satuan\\viewsatuan.php', 38)
 2 SYSTEMPATH\View\View.php(213): include('APPPATH\\Views\\satuan\\viewsatuan.php')
 3 SYSTEMPATH\View\View.php(216): CodeIgniter\View\View->CodeIgniter\View\{closure}()
 4 SYSTEMPATH\Common.php(1134): CodeIgniter\View\View->render('satuan/viewsatuan', [], true)
 5 APPPATH\Controllers\Satuan.php(21): view('satuan/viewsatuan', [...])
 6 SYSTEMPATH\CodeIgniter.php(927): App\Controllers\Satuan->index()
 7 SYSTEMPATH\CodeIgniter.php(482): CodeIgniter\CodeIgniter->runController(Object(App\Controllers\Satuan))
 8 SYSTEMPATH\CodeIgniter.php(351): CodeIgniter\CodeIgniter->handleRequest(null, Object(Config\Cache), false)
 9 FCPATH\index.php(67): CodeIgniter\CodeIgniter->run()
10 SYSTEMPATH\Commands\Server\rewrite.php(46): require_once('FCPATH\\index.php')
CRITICAL - 2022-12-16 03:06:37 --> Undefined variable $nomor
in APPPATH\Views\satuan\viewsatuan.php on line 42.
 1 APPPATH\Views\satuan\viewsatuan.php(42): CodeIgniter\Debug\Exceptions->errorHandler(2, 'Undefined variable $nomor', 'APPPATH\\Views\\satuan\\viewsatuan.php', 42)
 2 SYSTEMPATH\View\View.php(213): include('APPPATH\\Views\\satuan\\viewsatuan.php')
 3 SYSTEMPATH\View\View.php(216): CodeIgniter\View\View->CodeIgniter\View\{closure}()
 4 SYSTEMPATH\Common.php(1134): CodeIgniter\View\View->render('satuan/viewsatuan', [], true)
 5 APPPATH\Controllers\Satuan.php(21): view('satuan/viewsatuan', [...])
 6 SYSTEMPATH\CodeIgniter.php(927): App\Controllers\Satuan->index()
 7 SYSTEMPATH\CodeIgniter.php(482): CodeIgniter\CodeIgniter->runController(Object(App\Controllers\Satuan))
 8 SYSTEMPATH\CodeIgniter.php(351): CodeIgniter\CodeIgniter->handleRequest(null, Object(Config\Cache), false)
 9 FCPATH\index.php(67): CodeIgniter\CodeIgniter->run()
10 SYSTEMPATH\Commands\Server\rewrite.php(46): require_once('FCPATH\\index.php')
CRITICAL - 2022-12-16 03:13:05 --> Undefined property: App\Controllers\Satuan::$kategori
in APPPATH\Controllers\Satuan.php on line 29.
 1 APPPATH\Controllers\Satuan.php(29): CodeIgniter\Debug\Exceptions->errorHandler(2, 'Undefined property: App\\Controllers\\Satuan::$kategori', 'APPPATH\\Controllers\\Satuan.php', 29)
 2 SYSTEMPATH\CodeIgniter.php(927): App\Controllers\Satuan->index()
 3 SYSTEMPATH\CodeIgniter.php(482): CodeIgniter\CodeIgniter->runController(Object(App\Controllers\Satuan))
 4 SYSTEMPATH\CodeIgniter.php(351): CodeIgniter\CodeIgniter->handleRequest(null, Object(Config\Cache), false)
 5 FCPATH\index.php(67): CodeIgniter\CodeIgniter->run()
 6 SYSTEMPATH\Commands\Server\rewrite.php(46): require_once('FCPATH\\index.php')
CRITICAL - 2022-12-16 03:13:38 --> Undefined property: App\Controllers\Satuan::$kategori
in APPPATH\Controllers\Satuan.php on line 29.
 1 APPPATH\Controllers\Satuan.php(29): CodeIgniter\Debug\Exceptions->errorHandler(2, 'Undefined property: App\\Controllers\\Satuan::$kategori', 'APPPATH\\Controllers\\Satuan.php', 29)
 2 SYSTEMPATH\CodeIgniter.php(927): App\Controllers\Satuan->index()
 3 SYSTEMPATH\CodeIgniter.php(482): CodeIgniter\CodeIgniter->runController(Object(App\Controllers\Satuan))
 4 SYSTEMPATH\CodeIgniter.php(351): CodeIgniter\CodeIgniter->handleRequest(null, Object(Config\Cache), false)
 5 FCPATH\index.php(67): CodeIgniter\CodeIgniter->run()
 6 SYSTEMPATH\Commands\Server\rewrite.php(46): require_once('FCPATH\\index.php')
CRITICAL - 2022-12-16 03:14:04 --> Undefined variable $dataKategori
in APPPATH\Controllers\Satuan.php on line 32.
 1 APPPATH\Controllers\Satuan.php(32): CodeIgniter\Debug\Exceptions->errorHandler(2, 'Undefined variable $dataKategori', 'APPPATH\\Controllers\\Satuan.php', 32)
 2 SYSTEMPATH\CodeIgniter.php(927): App\Controllers\Satuan->index()
 3 SYSTEMPATH\CodeIgniter.php(482): CodeIgniter\CodeIgniter->runController(Object(App\Controllers\Satuan))
 4 SYSTEMPATH\CodeIgniter.php(351): CodeIgniter\CodeIgniter->handleRequest(null, Object(Config\Cache), false)
 5 FCPATH\index.php(67): CodeIgniter\CodeIgniter->run()
 6 SYSTEMPATH\Commands\Server\rewrite.php(46): require_once('FCPATH\\index.php')
CRITICAL - 2022-12-16 03:14:27 --> Undefined variable $nomor
in APPPATH\Views\satuan\viewsatuan.php on line 42.
 1 APPPATH\Views\satuan\viewsatuan.php(42): CodeIgniter\Debug\Exceptions->errorHandler(2, 'Undefined variable $nomor', 'APPPATH\\Views\\satuan\\viewsatuan.php', 42)
 2 SYSTEMPATH\View\View.php(213): include('APPPATH\\Views\\satuan\\viewsatuan.php')
 3 SYSTEMPATH\View\View.php(216): CodeIgniter\View\View->CodeIgniter\View\{closure}()
 4 SYSTEMPATH\Common.php(1134): CodeIgniter\View\View->render('satuan/viewsatuan', [], true)
 5 APPPATH\Controllers\Satuan.php(36): view('satuan/viewsatuan', [...])
 6 SYSTEMPATH\CodeIgniter.php(927): App\Controllers\Satuan->index()
 7 SYSTEMPATH\CodeIgniter.php(482): CodeIgniter\CodeIgniter->runController(Object(App\Controllers\Satuan))
 8 SYSTEMPATH\CodeIgniter.php(351): CodeIgniter\CodeIgniter->handleRequest(null, Object(Config\Cache), false)
 9 FCPATH\index.php(67): CodeIgniter\CodeIgniter->run()
10 SYSTEMPATH\Commands\Server\rewrite.php(46): require_once('FCPATH\\index.php')
