ERROR - 2023-07-15 19:10:36 --> Error connecting to the database: mysqli_sql_exception: No connection could be made because the target machine actively refused it in C:\Users\10\Downloads\Bimbel-app\system\Database\MySQLi\Connection.php:171
Stack trace:
#0 C:\Users\10\Downloads\Bimbel-app\system\Database\MySQLi\Connection.php(171): mysqli->real_connect('localhost', 'root', '', 'bimbel', 3306, '', 0)
#1 C:\Users\10\Downloads\Bimbel-app\system\Database\BaseConnection.php(382): CodeIgniter\Database\MySQLi\Connection->connect(false)
#2 C:\Users\10\Downloads\Bimbel-app\system\Database\BaseConnection.php(561): CodeIgniter\Database\BaseConnection->initialize()
#3 C:\Users\10\Downloads\Bimbel-app\system\Database\BaseBuilder.php(1585): CodeIgniter\Database\BaseConnection->query('SELECT 1\nFROM `...', Array, false)
#4 C:\Users\10\Downloads\Bimbel-app\system\Validation\Rules.php(142): CodeIgniter\Database\BaseBuilder->get()
#5 C:\Users\10\Downloads\Bimbel-app\system\Validation\Validation.php(315): CodeIgniter\Validation\Rules->is_unique('Aris', 'nama_lengkap', Array, NULL, 'nama_lengkap')
#6 C:\Users\10\Downloads\Bimbel-app\system\Validation\Validation.php(175): CodeIgniter\Validation\Validation->processRules('nama_lengkap', 'nama_lengkap', 'Aris', Array, Array)
#7 C:\Users\10\Downloads\Bimbel-app\system\Controller.php(140): CodeIgniter\Validation\Validation->run()
#8 C:\Users\10\Downloads\Bimbel-app\app\Controllers\Admin.php(45): CodeIgniter\Controller->validate(Array)
#9 C:\Users\10\Downloads\Bimbel-app\system\CodeIgniter.php(927): App\Controllers\Admin->simpan()
#10 C:\Users\10\Downloads\Bimbel-app\system\CodeIgniter.php(482): CodeIgniter\CodeIgniter->runController(Object(App\Controllers\Admin))
#11 C:\Users\10\Downloads\Bimbel-app\system\CodeIgniter.php(351): CodeIgniter\CodeIgniter->handleRequest(NULL, Object(Config\Cache), false)
#12 C:\Users\10\Downloads\Bimbel-app\public\index.php(67): CodeIgniter\CodeIgniter->run()
#13 C:\Users\10\Downloads\Bimbel-app\system\Commands\Server\rewrite.php(46): require_once('C:\\Users\\10\\Dow...')
#14 {main}

Next CodeIgniter\Database\Exceptions\DatabaseException: No connection could be made because the target machine actively refused it in C:\Users\10\Downloads\Bimbel-app\system\Database\MySQLi\Connection.php:215
Stack trace:
#0 C:\Users\10\Downloads\Bimbel-app\system\Database\BaseConnection.php(382): CodeIgniter\Database\MySQLi\Connection->connect(false)
#1 C:\Users\10\Downloads\Bimbel-app\system\Database\BaseConnection.php(561): CodeIgniter\Database\BaseConnection->initialize()
#2 C:\Users\10\Downloads\Bimbel-app\system\Database\BaseBuilder.php(1585): CodeIgniter\Database\BaseConnection->query('SELECT 1\nFROM `...', Array, false)
#3 C:\Users\10\Downloads\Bimbel-app\system\Validation\Rules.php(142): CodeIgniter\Database\BaseBuilder->get()
#4 C:\Users\10\Downloads\Bimbel-app\system\Validation\Validation.php(315): CodeIgniter\Validation\Rules->is_unique('Aris', 'nama_lengkap', Array, NULL, 'nama_lengkap')
#5 C:\Users\10\Downloads\Bimbel-app\system\Validation\Validation.php(175): CodeIgniter\Validation\Validation->processRules('nama_lengkap', 'nama_lengkap', 'Aris', Array, Array)
#6 C:\Users\10\Downloads\Bimbel-app\system\Controller.php(140): CodeIgniter\Validation\Validation->run()
#7 C:\Users\10\Downloads\Bimbel-app\app\Controllers\Admin.php(45): CodeIgniter\Controller->validate(Array)
#8 C:\Users\10\Downloads\Bimbel-app\system\CodeIgniter.php(927): App\Controllers\Admin->simpan()
#9 C:\Users\10\Downloads\Bimbel-app\system\CodeIgniter.php(482): CodeIgniter\CodeIgniter->runController(Object(App\Controllers\Admin))
#10 C:\Users\10\Downloads\Bimbel-app\system\CodeIgniter.php(351): CodeIgniter\CodeIgniter->handleRequest(NULL, Object(Config\Cache), false)
#11 C:\Users\10\Downloads\Bimbel-app\public\index.php(67): CodeIgniter\CodeIgniter->run()
#12 C:\Users\10\Downloads\Bimbel-app\system\Commands\Server\rewrite.php(46): require_once('C:\\Users\\10\\Dow...')
#13 {main}
CRITICAL - 2023-07-15 19:10:36 --> Unable to connect to the database.
Main connection [MySQLi]: No connection could be made because the target machine actively refused it
in SYSTEMPATH\Database\BaseConnection.php on line 418.
 1 SYSTEMPATH\Database\BaseConnection.php(561): CodeIgniter\Database\BaseConnection->initialize()
 2 SYSTEMPATH\Database\BaseBuilder.php(1585): CodeIgniter\Database\BaseConnection->query('SELECT 1
FROM `daftar`
WHERE `nama_lengkap` = :nama_lengkap:
 LIMIT 1', [...], false)
 3 SYSTEMPATH\Validation\Rules.php(142): CodeIgniter\Database\BaseBuilder->get()
 4 SYSTEMPATH\Validation\Validation.php(315): CodeIgniter\Validation\Rules->is_unique('Aris', 'nama_lengkap', [...], null, 'nama_lengkap')
 5 SYSTEMPATH\Validation\Validation.php(175): CodeIgniter\Validation\Validation->processRules('nama_lengkap', 'nama_lengkap', 'Aris', [...], [...])
 6 SYSTEMPATH\Controller.php(140): CodeIgniter\Validation\Validation->run()
 7 APPPATH\Controllers\Admin.php(45): CodeIgniter\Controller->validate([...])
 8 SYSTEMPATH\CodeIgniter.php(927): App\Controllers\Admin->simpan()
 9 SYSTEMPATH\CodeIgniter.php(482): CodeIgniter\CodeIgniter->runController(Object(App\Controllers\Admin))
10 SYSTEMPATH\CodeIgniter.php(351): CodeIgniter\CodeIgniter->handleRequest(null, Object(Config\Cache), false)
11 FCPATH\index.php(67): CodeIgniter\CodeIgniter->run()
12 SYSTEMPATH\Commands\Server\rewrite.php(46): require_once('FCPATH\\index.php')
