ERROR - 2022-12-23 21:24:35 --> Error connecting to the database: mysqli_sql_exception: No connection could be made because the target machine actively refused it in C:\Users\10\Desktop\lth\CI-Putri\system\Database\MySQLi\Connection.php:171
Stack trace:
#0 C:\Users\10\Desktop\lth\CI-Putri\system\Database\MySQLi\Connection.php(171): mysqli->real_connect('localhost', 'root', '', 'dbarsal', 3306, '', 0)
#1 C:\Users\10\Desktop\lth\CI-Putri\system\Database\BaseConnection.php(382): CodeIgniter\Database\MySQLi\Connection->connect(false)
#2 C:\Users\10\Desktop\lth\CI-Putri\system\Database\BaseConnection.php(561): CodeIgniter\Database\BaseConnection->initialize()
#3 C:\Users\10\Desktop\lth\CI-Putri\system\Database\BaseBuilder.php(1669): CodeIgniter\Database\BaseConnection->query('SELECT COUNT(*)...', Array, false)
#4 C:\Users\10\Desktop\lth\CI-Putri\system\Model.php(551): CodeIgniter\Database\BaseBuilder->countAllResults(false)
#5 C:\Users\10\Desktop\lth\CI-Putri\system\BaseModel.php(1106): CodeIgniter\Model->countAllResults(false)
#6 C:\Users\10\Desktop\lth\CI-Putri\app\Controllers\Kategori.php(30): CodeIgniter\BaseModel->paginate(5, 'kategori')
#7 C:\Users\10\Desktop\lth\CI-Putri\system\CodeIgniter.php(927): App\Controllers\Kategori->index()
#8 C:\Users\10\Desktop\lth\CI-Putri\system\CodeIgniter.php(482): CodeIgniter\CodeIgniter->runController(Object(App\Controllers\Kategori))
#9 C:\Users\10\Desktop\lth\CI-Putri\system\CodeIgniter.php(351): CodeIgniter\CodeIgniter->handleRequest(NULL, Object(Config\Cache), false)
#10 C:\Users\10\Desktop\lth\CI-Putri\public\index.php(67): CodeIgniter\CodeIgniter->run()
#11 C:\Users\10\Desktop\lth\CI-Putri\system\Commands\Server\rewrite.php(46): require_once('C:\\Users\\10\\Des...')
#12 {main}

Next CodeIgniter\Database\Exceptions\DatabaseException: No connection could be made because the target machine actively refused it in C:\Users\10\Desktop\lth\CI-Putri\system\Database\MySQLi\Connection.php:215
Stack trace:
#0 C:\Users\10\Desktop\lth\CI-Putri\system\Database\BaseConnection.php(382): CodeIgniter\Database\MySQLi\Connection->connect(false)
#1 C:\Users\10\Desktop\lth\CI-Putri\system\Database\BaseConnection.php(561): CodeIgniter\Database\BaseConnection->initialize()
#2 C:\Users\10\Desktop\lth\CI-Putri\system\Database\BaseBuilder.php(1669): CodeIgniter\Database\BaseConnection->query('SELECT COUNT(*)...', Array, false)
#3 C:\Users\10\Desktop\lth\CI-Putri\system\Model.php(551): CodeIgniter\Database\BaseBuilder->countAllResults(false)
#4 C:\Users\10\Desktop\lth\CI-Putri\system\BaseModel.php(1106): CodeIgniter\Model->countAllResults(false)
#5 C:\Users\10\Desktop\lth\CI-Putri\app\Controllers\Kategori.php(30): CodeIgniter\BaseModel->paginate(5, 'kategori')
#6 C:\Users\10\Desktop\lth\CI-Putri\system\CodeIgniter.php(927): App\Controllers\Kategori->index()
#7 C:\Users\10\Desktop\lth\CI-Putri\system\CodeIgniter.php(482): CodeIgniter\CodeIgniter->runController(Object(App\Controllers\Kategori))
#8 C:\Users\10\Desktop\lth\CI-Putri\system\CodeIgniter.php(351): CodeIgniter\CodeIgniter->handleRequest(NULL, Object(Config\Cache), false)
#9 C:\Users\10\Desktop\lth\CI-Putri\public\index.php(67): CodeIgniter\CodeIgniter->run()
#10 C:\Users\10\Desktop\lth\CI-Putri\system\Commands\Server\rewrite.php(46): require_once('C:\\Users\\10\\Des...')
#11 {main}
CRITICAL - 2022-12-23 21:24:35 --> Unable to connect to the database.
Main connection [MySQLi]: No connection could be made because the target machine actively refused it
in SYSTEMPATH\Database\BaseConnection.php on line 418.
 1 SYSTEMPATH\Database\BaseConnection.php(561): CodeIgniter\Database\BaseConnection->initialize()
 2 SYSTEMPATH\Database\BaseBuilder.php(1669): CodeIgniter\Database\BaseConnection->query('SELECT COUNT(*) AS `numrows`
FROM `kategori`', [], false)
 3 SYSTEMPATH\Model.php(551): CodeIgniter\Database\BaseBuilder->countAllResults(false)
 4 SYSTEMPATH\BaseModel.php(1106): CodeIgniter\Model->countAllResults(false)
 5 APPPATH\Controllers\Kategori.php(30): CodeIgniter\BaseModel->paginate(5, 'kategori')
 6 SYSTEMPATH\CodeIgniter.php(927): App\Controllers\Kategori->index()
 7 SYSTEMPATH\CodeIgniter.php(482): CodeIgniter\CodeIgniter->runController(Object(App\Controllers\Kategori))
 8 SYSTEMPATH\CodeIgniter.php(351): CodeIgniter\CodeIgniter->handleRequest(null, Object(Config\Cache), false)
 9 FCPATH\index.php(67): CodeIgniter\CodeIgniter->run()
10 SYSTEMPATH\Commands\Server\rewrite.php(46): require_once('FCPATH\\index.php')
