CRITICAL - 2023-07-12 05:52:27 --> Undefined variable $image
in APPPATH\Controllers\Admin.php on line 93.
 1 APPPATH\Controllers\Admin.php(93): CodeIgniter\Debug\Exceptions->errorHandler(2, 'Undefined variable $image', 'APPPATH\\Controllers\\Admin.php', 93)
 2 SYSTEMPATH\CodeIgniter.php(927): App\Controllers\Admin->simpan()
 3 SYSTEMPATH\CodeIgniter.php(482): CodeIgniter\CodeIgniter->runController(Object(App\Controllers\Admin))
 4 SYSTEMPATH\CodeIgniter.php(351): CodeIgniter\CodeIgniter->handleRequest(null, Object(Config\Cache), false)
 5 FCPATH\index.php(67): CodeIgniter\CodeIgniter->run()
 6 SYSTEMPATH\Commands\Server\rewrite.php(46): require_once('FCPATH\\index.php')
CRITICAL - 2023-07-12 05:53:06 --> The original file is not a valid file.
in SYSTEMPATH\HTTP\Files\UploadedFile.php on line 137.
 1 SYSTEMPATH\HTTP\Files\UploadedFile.php(137): CodeIgniter\HTTP\Exceptions\HTTPException::forInvalidFile()
 2 APPPATH\Controllers\Admin.php(95): CodeIgniter\HTTP\Files\UploadedFile->move('FCPATH\\uploads', '1689159186_a9c7a17edb5e0057d438')
 3 SYSTEMPATH\CodeIgniter.php(927): App\Controllers\Admin->simpan()
 4 SYSTEMPATH\CodeIgniter.php(482): CodeIgniter\CodeIgniter->runController(Object(App\Controllers\Admin))
 5 SYSTEMPATH\CodeIgniter.php(351): CodeIgniter\CodeIgniter->handleRequest(null, Object(Config\Cache), false)
 6 FCPATH\index.php(67): CodeIgniter\CodeIgniter->run()
 7 SYSTEMPATH\Commands\Server\rewrite.php(46): require_once('FCPATH\\index.php')
CRITICAL - 2023-07-12 05:54:43 --> Class "App\Controllers\UserModel" not found
in APPPATH\Controllers\Admin.php on line 97.
 1 SYSTEMPATH\CodeIgniter.php(927): App\Controllers\Admin->simpan()
 2 SYSTEMPATH\CodeIgniter.php(482): CodeIgniter\CodeIgniter->runController(Object(App\Controllers\Admin))
 3 SYSTEMPATH\CodeIgniter.php(351): CodeIgniter\CodeIgniter->handleRequest(null, Object(Config\Cache), false)
 4 FCPATH\index.php(67): CodeIgniter\CodeIgniter->run()
 5 SYSTEMPATH\Commands\Server\rewrite.php(46): require_once('FCPATH\\index.php')
CRITICAL - 2023-07-12 06:35:24 --> Too few arguments to function App\Controllers\Admin::formedit(), 0 passed in D:\Bimbel-app\system\CodeIgniter.php on line 927 and exactly 1 expected
in APPPATH\Controllers\Admin.php on line 179.
 1 SYSTEMPATH\CodeIgniter.php(927): App\Controllers\Admin->formedit()
 2 SYSTEMPATH\CodeIgniter.php(482): CodeIgniter\CodeIgniter->runController(Object(App\Controllers\Admin))
 3 SYSTEMPATH\CodeIgniter.php(351): CodeIgniter\CodeIgniter->handleRequest(null, Object(Config\Cache), false)
 4 FCPATH\index.php(67): CodeIgniter\CodeIgniter->run()
 5 SYSTEMPATH\Commands\Server\rewrite.php(46): require_once('FCPATH\\index.php')
CRITICAL - 2023-07-12 06:38:37 --> Too few arguments to function App\Controllers\Admin::formedit(), 0 passed in D:\Bimbel-app\system\CodeIgniter.php on line 927 and exactly 1 expected
in APPPATH\Controllers\Admin.php on line 179.
 1 SYSTEMPATH\CodeIgniter.php(927): App\Controllers\Admin->formedit()
 2 SYSTEMPATH\CodeIgniter.php(482): CodeIgniter\CodeIgniter->runController(Object(App\Controllers\Admin))
 3 SYSTEMPATH\CodeIgniter.php(351): CodeIgniter\CodeIgniter->handleRequest(null, Object(Config\Cache), false)
 4 FCPATH\index.php(67): CodeIgniter\CodeIgniter->run()
 5 SYSTEMPATH\Commands\Server\rewrite.php(46): require_once('FCPATH\\index.php')
CRITICAL - 2023-07-12 06:38:40 --> Too few arguments to function App\Controllers\Admin::formedit(), 0 passed in D:\Bimbel-app\system\CodeIgniter.php on line 927 and exactly 1 expected
in APPPATH\Controllers\Admin.php on line 179.
 1 SYSTEMPATH\CodeIgniter.php(927): App\Controllers\Admin->formedit()
 2 SYSTEMPATH\CodeIgniter.php(482): CodeIgniter\CodeIgniter->runController(Object(App\Controllers\Admin))
 3 SYSTEMPATH\CodeIgniter.php(351): CodeIgniter\CodeIgniter->handleRequest(null, Object(Config\Cache), false)
 4 FCPATH\index.php(67): CodeIgniter\CodeIgniter->run()
 5 SYSTEMPATH\Commands\Server\rewrite.php(46): require_once('FCPATH\\index.php')
CRITICAL - 2023-07-12 06:38:42 --> Too few arguments to function App\Controllers\Admin::formedit(), 0 passed in D:\Bimbel-app\system\CodeIgniter.php on line 927 and exactly 1 expected
in APPPATH\Controllers\Admin.php on line 179.
 1 SYSTEMPATH\CodeIgniter.php(927): App\Controllers\Admin->formedit()
 2 SYSTEMPATH\CodeIgniter.php(482): CodeIgniter\CodeIgniter->runController(Object(App\Controllers\Admin))
 3 SYSTEMPATH\CodeIgniter.php(351): CodeIgniter\CodeIgniter->handleRequest(null, Object(Config\Cache), false)
 4 FCPATH\index.php(67): CodeIgniter\CodeIgniter->run()
 5 SYSTEMPATH\Commands\Server\rewrite.php(46): require_once('FCPATH\\index.php')
CRITICAL - 2023-07-12 06:42:22 --> Too few arguments to function App\Controllers\Admin::formedit(), 0 passed in D:\Bimbel-app\system\CodeIgniter.php on line 927 and exactly 1 expected
in APPPATH\Controllers\Admin.php on line 179.
 1 SYSTEMPATH\CodeIgniter.php(927): App\Controllers\Admin->formedit()
 2 SYSTEMPATH\CodeIgniter.php(482): CodeIgniter\CodeIgniter->runController(Object(App\Controllers\Admin))
 3 SYSTEMPATH\CodeIgniter.php(351): CodeIgniter\CodeIgniter->handleRequest(null, Object(Config\Cache), false)
 4 FCPATH\index.php(67): CodeIgniter\CodeIgniter->run()
 5 SYSTEMPATH\Commands\Server\rewrite.php(46): require_once('FCPATH\\index.php')
CRITICAL - 2023-07-12 06:42:25 --> Too few arguments to function App\Controllers\Admin::formedit(), 0 passed in D:\Bimbel-app\system\CodeIgniter.php on line 927 and exactly 1 expected
in APPPATH\Controllers\Admin.php on line 179.
 1 SYSTEMPATH\CodeIgniter.php(927): App\Controllers\Admin->formedit()
 2 SYSTEMPATH\CodeIgniter.php(482): CodeIgniter\CodeIgniter->runController(Object(App\Controllers\Admin))
 3 SYSTEMPATH\CodeIgniter.php(351): CodeIgniter\CodeIgniter->handleRequest(null, Object(Config\Cache), false)
 4 FCPATH\index.php(67): CodeIgniter\CodeIgniter->run()
 5 SYSTEMPATH\Commands\Server\rewrite.php(46): require_once('FCPATH\\index.php')
CRITICAL - 2023-07-12 06:45:46 --> Too few arguments to function App\Controllers\Admin::formemail(), 0 passed in D:\Bimbel-app\system\CodeIgniter.php on line 927 and exactly 1 expected
in APPPATH\Controllers\Admin.php on line 126.
 1 SYSTEMPATH\CodeIgniter.php(927): App\Controllers\Admin->formemail()
 2 SYSTEMPATH\CodeIgniter.php(482): CodeIgniter\CodeIgniter->runController(Object(App\Controllers\Admin))
 3 SYSTEMPATH\CodeIgniter.php(351): CodeIgniter\CodeIgniter->handleRequest(null, Object(Config\Cache), false)
 4 FCPATH\index.php(67): CodeIgniter\CodeIgniter->run()
 5 SYSTEMPATH\Commands\Server\rewrite.php(46): require_once('FCPATH\\index.php')
ERROR - 2023-07-12 06:57:23 --> Email: sendWithMail throwed ErrorException: mail(): Failed to connect to mailserver at &quot;localhost&quot; port 25, verify your &quot;SMTP&quot; and &quot;smtp_port&quot; setting in php.ini or use ini_set() in D:\Bimbel-app\system\Email\Email.php:1730
Stack trace:
#0 [internal function]: CodeIgniter\Debug\Exceptions->errorHandler(2, 'mail(): Failed ...', 'D:\\Bimbel-app\\s...', 1730)
#1 D:\Bimbel-app\system\Email\Email.php(1730): mail('alexanderjulius...', '=?UTF-8?Q?Conto...', 'This is a multi...', 'Date: Wed, 12 J...', '-f bimbelrankin...')
#2 D:\Bimbel-app\system\Email\Email.php(1662): CodeIgniter\Email\Email->sendWithMail()
#3 D:\Bimbel-app\system\Email\Email.php(1560): CodeIgniter\Email\Email->spoolEmail()
#4 D:\Bimbel-app\app\Controllers\Admin.php(147): CodeIgniter\Email\Email->send()
#5 D:\Bimbel-app\system\CodeIgniter.php(927): App\Controllers\Admin->sendEmail()
#6 D:\Bimbel-app\system\CodeIgniter.php(482): CodeIgniter\CodeIgniter->runController(Object(App\Controllers\Admin))
#7 D:\Bimbel-app\system\CodeIgniter.php(351): CodeIgniter\CodeIgniter->handleRequest(NULL, Object(Config\Cache), false)
#8 D:\Bimbel-app\public\index.php(67): CodeIgniter\CodeIgniter->run()
#9 D:\Bimbel-app\system\Commands\Server\rewrite.php(46): require_once('D:\\Bimbel-app\\p...')
#10 {main}
ERROR - 2023-07-12 06:57:23 --> Email: Unable to send email using PHP mail(). Your server might not be configured to send mail using this method.
ERROR - 2023-07-12 06:57:23 --> 
ERROR - 2023-07-12 06:57:30 --> Email: sendWithMail throwed ErrorException: mail(): Failed to connect to mailserver at &quot;localhost&quot; port 25, verify your &quot;SMTP&quot; and &quot;smtp_port&quot; setting in php.ini or use ini_set() in D:\Bimbel-app\system\Email\Email.php:1730
Stack trace:
#0 [internal function]: CodeIgniter\Debug\Exceptions->errorHandler(2, 'mail(): Failed ...', 'D:\\Bimbel-app\\s...', 1730)
#1 D:\Bimbel-app\system\Email\Email.php(1730): mail('alexanderjulius...', '=?UTF-8?Q?Conto...', 'This is a multi...', 'Date: Wed, 12 J...', '-f bimbelrankin...')
#2 D:\Bimbel-app\system\Email\Email.php(1662): CodeIgniter\Email\Email->sendWithMail()
#3 D:\Bimbel-app\system\Email\Email.php(1560): CodeIgniter\Email\Email->spoolEmail()
#4 D:\Bimbel-app\app\Controllers\Admin.php(147): CodeIgniter\Email\Email->send()
#5 D:\Bimbel-app\system\CodeIgniter.php(927): App\Controllers\Admin->sendEmail()
#6 D:\Bimbel-app\system\CodeIgniter.php(482): CodeIgniter\CodeIgniter->runController(Object(App\Controllers\Admin))
#7 D:\Bimbel-app\system\CodeIgniter.php(351): CodeIgniter\CodeIgniter->handleRequest(NULL, Object(Config\Cache), false)
#8 D:\Bimbel-app\public\index.php(67): CodeIgniter\CodeIgniter->run()
#9 D:\Bimbel-app\system\Commands\Server\rewrite.php(46): require_once('D:\\Bimbel-app\\p...')
#10 {main}
ERROR - 2023-07-12 06:57:30 --> Email: Unable to send email using PHP mail(). Your server might not be configured to send mail using this method.
ERROR - 2023-07-12 06:57:30 --> 
ERROR - 2023-07-12 07:00:03 --> Email: sendWithMail throwed ErrorException: mail(): Failed to connect to mailserver at &quot;localhost&quot; port 25, verify your &quot;SMTP&quot; and &quot;smtp_port&quot; setting in php.ini or use ini_set() in D:\Bimbel-app\system\Email\Email.php:1730
Stack trace:
#0 [internal function]: CodeIgniter\Debug\Exceptions->errorHandler(2, 'mail(): Failed ...', 'D:\\Bimbel-app\\s...', 1730)
#1 D:\Bimbel-app\system\Email\Email.php(1730): mail('uwuseren@gmail....', '=?UTF-8?Q?Conto...', 'This is a multi...', 'Date: Wed, 12 J...', '-f bimbelrankin...')
#2 D:\Bimbel-app\system\Email\Email.php(1662): CodeIgniter\Email\Email->sendWithMail()
#3 D:\Bimbel-app\system\Email\Email.php(1560): CodeIgniter\Email\Email->spoolEmail()
#4 D:\Bimbel-app\app\Controllers\Admin.php(147): CodeIgniter\Email\Email->send()
#5 D:\Bimbel-app\system\CodeIgniter.php(927): App\Controllers\Admin->sendEmail()
#6 D:\Bimbel-app\system\CodeIgniter.php(482): CodeIgniter\CodeIgniter->runController(Object(App\Controllers\Admin))
#7 D:\Bimbel-app\system\CodeIgniter.php(351): CodeIgniter\CodeIgniter->handleRequest(NULL, Object(Config\Cache), false)
#8 D:\Bimbel-app\public\index.php(67): CodeIgniter\CodeIgniter->run()
#9 D:\Bimbel-app\system\Commands\Server\rewrite.php(46): require_once('D:\\Bimbel-app\\p...')
#10 {main}
ERROR - 2023-07-12 07:00:03 --> Email: Unable to send email using PHP mail(). Your server might not be configured to send mail using this method.
ERROR - 2023-07-12 07:00:03 --> 
ERROR - 2023-07-12 07:24:40 --> Email: sendWithMail throwed ErrorException: mail(): Failed to connect to mailserver at &quot;localhost&quot; port 25, verify your &quot;SMTP&quot; and &quot;smtp_port&quot; setting in php.ini or use ini_set() in D:\Bimbel-app\system\Email\Email.php:1730
Stack trace:
#0 [internal function]: CodeIgniter\Debug\Exceptions->errorHandler(2, 'mail(): Failed ...', 'D:\\Bimbel-app\\s...', 1730)
#1 D:\Bimbel-app\system\Email\Email.php(1730): mail('alexanderjulius...', '=?UTF-8?Q?Conto...', 'This is a multi...', 'Date: Wed, 12 J...', '-f bimbelrankin...')
#2 D:\Bimbel-app\system\Email\Email.php(1662): CodeIgniter\Email\Email->sendWithMail()
#3 D:\Bimbel-app\system\Email\Email.php(1560): CodeIgniter\Email\Email->spoolEmail()
#4 D:\Bimbel-app\app\Controllers\Admin.php(146): CodeIgniter\Email\Email->send()
#5 D:\Bimbel-app\system\CodeIgniter.php(927): App\Controllers\Admin->sendEmail()
#6 D:\Bimbel-app\system\CodeIgniter.php(482): CodeIgniter\CodeIgniter->runController(Object(App\Controllers\Admin))
#7 D:\Bimbel-app\system\CodeIgniter.php(351): CodeIgniter\CodeIgniter->handleRequest(NULL, Object(Config\Cache), false)
#8 D:\Bimbel-app\public\index.php(67): CodeIgniter\CodeIgniter->run()
#9 D:\Bimbel-app\system\Commands\Server\rewrite.php(46): require_once('D:\\Bimbel-app\\p...')
#10 {main}
ERROR - 2023-07-12 07:24:40 --> Email: Unable to send email using PHP mail(). Your server might not be configured to send mail using this method.
ERROR - 2023-07-12 07:24:40 --> 
ERROR - 2023-07-12 07:26:45 --> Email: sendWithMail throwed ErrorException: mail(): Failed to connect to mailserver at &quot;localhost&quot; port 25, verify your &quot;SMTP&quot; and &quot;smtp_port&quot; setting in php.ini or use ini_set() in D:\Bimbel-app\system\Email\Email.php:1730
Stack trace:
#0 [internal function]: CodeIgniter\Debug\Exceptions->errorHandler(2, 'mail(): Failed ...', 'D:\\Bimbel-app\\s...', 1730)
#1 D:\Bimbel-app\system\Email\Email.php(1730): mail('alexanderjulius...', '=?UTF-8?Q?Conto...', 'This is a multi...', 'Date: Wed, 12 J...', '-f uwuseren@gma...')
#2 D:\Bimbel-app\system\Email\Email.php(1662): CodeIgniter\Email\Email->sendWithMail()
#3 D:\Bimbel-app\system\Email\Email.php(1560): CodeIgniter\Email\Email->spoolEmail()
#4 D:\Bimbel-app\app\Controllers\Admin.php(146): CodeIgniter\Email\Email->send()
#5 D:\Bimbel-app\system\CodeIgniter.php(927): App\Controllers\Admin->sendEmail()
#6 D:\Bimbel-app\system\CodeIgniter.php(482): CodeIgniter\CodeIgniter->runController(Object(App\Controllers\Admin))
#7 D:\Bimbel-app\system\CodeIgniter.php(351): CodeIgniter\CodeIgniter->handleRequest(NULL, Object(Config\Cache), false)
#8 D:\Bimbel-app\public\index.php(67): CodeIgniter\CodeIgniter->run()
#9 D:\Bimbel-app\system\Commands\Server\rewrite.php(46): require_once('D:\\Bimbel-app\\p...')
#10 {main}
ERROR - 2023-07-12 07:26:45 --> Email: Unable to send email using PHP mail(). Your server might not be configured to send mail using this method.
ERROR - 2023-07-12 07:26:45 --> 
CRITICAL - 2023-07-12 07:26:49 --> Too few arguments to function App\Controllers\Admin::formemail(), 0 passed in D:\Bimbel-app\system\CodeIgniter.php on line 927 and exactly 1 expected
in APPPATH\Controllers\Admin.php on line 126.
 1 SYSTEMPATH\CodeIgniter.php(927): App\Controllers\Admin->formemail()
 2 SYSTEMPATH\CodeIgniter.php(482): CodeIgniter\CodeIgniter->runController(Object(App\Controllers\Admin))
 3 SYSTEMPATH\CodeIgniter.php(351): CodeIgniter\CodeIgniter->handleRequest(null, Object(Config\Cache), false)
 4 FCPATH\index.php(67): CodeIgniter\CodeIgniter->run()
 5 SYSTEMPATH\Commands\Server\rewrite.php(46): require_once('FCPATH\\index.php')
ERROR - 2023-07-12 07:27:05 --> Email: sendWithMail throwed ErrorException: mail(): Failed to connect to mailserver at &quot;localhost&quot; port 25, verify your &quot;SMTP&quot; and &quot;smtp_port&quot; setting in php.ini or use ini_set() in D:\Bimbel-app\system\Email\Email.php:1730
Stack trace:
#0 [internal function]: CodeIgniter\Debug\Exceptions->errorHandler(2, 'mail(): Failed ...', 'D:\\Bimbel-app\\s...', 1730)
#1 D:\Bimbel-app\system\Email\Email.php(1730): mail('alexanderjulius...', '=?UTF-8?Q?Conto...', 'This is a multi...', 'Date: Wed, 12 J...', '-f uwuseren@gma...')
#2 D:\Bimbel-app\system\Email\Email.php(1662): CodeIgniter\Email\Email->sendWithMail()
#3 D:\Bimbel-app\system\Email\Email.php(1560): CodeIgniter\Email\Email->spoolEmail()
#4 D:\Bimbel-app\app\Controllers\Admin.php(146): CodeIgniter\Email\Email->send()
#5 D:\Bimbel-app\system\CodeIgniter.php(927): App\Controllers\Admin->sendEmail()
#6 D:\Bimbel-app\system\CodeIgniter.php(482): CodeIgniter\CodeIgniter->runController(Object(App\Controllers\Admin))
#7 D:\Bimbel-app\system\CodeIgniter.php(351): CodeIgniter\CodeIgniter->handleRequest(NULL, Object(Config\Cache), false)
#8 D:\Bimbel-app\public\index.php(67): CodeIgniter\CodeIgniter->run()
#9 D:\Bimbel-app\system\Commands\Server\rewrite.php(46): require_once('D:\\Bimbel-app\\p...')
#10 {main}
ERROR - 2023-07-12 07:27:05 --> Email: Unable to send email using PHP mail(). Your server might not be configured to send mail using this method.
ERROR - 2023-07-12 07:27:05 --> 
ERROR - 2023-07-12 07:27:08 --> Email: sendWithMail throwed ErrorException: mail(): Failed to connect to mailserver at &quot;localhost&quot; port 25, verify your &quot;SMTP&quot; and &quot;smtp_port&quot; setting in php.ini or use ini_set() in D:\Bimbel-app\system\Email\Email.php:1730
Stack trace:
#0 [internal function]: CodeIgniter\Debug\Exceptions->errorHandler(2, 'mail(): Failed ...', 'D:\\Bimbel-app\\s...', 1730)
#1 D:\Bimbel-app\system\Email\Email.php(1730): mail('alexanderjulius...', '=?UTF-8?Q?Conto...', 'This is a multi...', 'Date: Wed, 12 J...', '-f uwuseren@gma...')
#2 D:\Bimbel-app\system\Email\Email.php(1662): CodeIgniter\Email\Email->sendWithMail()
#3 D:\Bimbel-app\system\Email\Email.php(1560): CodeIgniter\Email\Email->spoolEmail()
#4 D:\Bimbel-app\app\Controllers\Admin.php(146): CodeIgniter\Email\Email->send()
#5 D:\Bimbel-app\system\CodeIgniter.php(927): App\Controllers\Admin->sendEmail()
#6 D:\Bimbel-app\system\CodeIgniter.php(482): CodeIgniter\CodeIgniter->runController(Object(App\Controllers\Admin))
#7 D:\Bimbel-app\system\CodeIgniter.php(351): CodeIgniter\CodeIgniter->handleRequest(NULL, Object(Config\Cache), false)
#8 D:\Bimbel-app\public\index.php(67): CodeIgniter\CodeIgniter->run()
#9 D:\Bimbel-app\system\Commands\Server\rewrite.php(46): require_once('D:\\Bimbel-app\\p...')
#10 {main}
ERROR - 2023-07-12 07:27:08 --> Email: Unable to send email using PHP mail(). Your server might not be configured to send mail using this method.
ERROR - 2023-07-12 07:27:08 --> 
ERROR - 2023-07-12 07:27:23 --> Email: sendWithMail throwed ErrorException: mail(): Failed to connect to mailserver at &quot;localhost&quot; port 25, verify your &quot;SMTP&quot; and &quot;smtp_port&quot; setting in php.ini or use ini_set() in D:\Bimbel-app\system\Email\Email.php:1730
Stack trace:
#0 [internal function]: CodeIgniter\Debug\Exceptions->errorHandler(2, 'mail(): Failed ...', 'D:\\Bimbel-app\\s...', 1730)
#1 D:\Bimbel-app\system\Email\Email.php(1730): mail('alexanderjulius...', '=?UTF-8?Q?Conto...', 'This is a multi...', 'Date: Wed, 12 J...', '-f uwuseren@gma...')
#2 D:\Bimbel-app\system\Email\Email.php(1662): CodeIgniter\Email\Email->sendWithMail()
#3 D:\Bimbel-app\system\Email\Email.php(1560): CodeIgniter\Email\Email->spoolEmail()
#4 D:\Bimbel-app\app\Controllers\Admin.php(147): CodeIgniter\Email\Email->send()
#5 D:\Bimbel-app\system\CodeIgniter.php(927): App\Controllers\Admin->sendEmail()
#6 D:\Bimbel-app\system\CodeIgniter.php(482): CodeIgniter\CodeIgniter->runController(Object(App\Controllers\Admin))
#7 D:\Bimbel-app\system\CodeIgniter.php(351): CodeIgniter\CodeIgniter->handleRequest(NULL, Object(Config\Cache), false)
#8 D:\Bimbel-app\public\index.php(67): CodeIgniter\CodeIgniter->run()
#9 D:\Bimbel-app\system\Commands\Server\rewrite.php(46): require_once('D:\\Bimbel-app\\p...')
#10 {main}
ERROR - 2023-07-12 07:27:23 --> Email: Unable to send email using PHP mail(). Your server might not be configured to send mail using this method.
ERROR - 2023-07-12 07:27:23 --> 
ERROR - 2023-07-12 07:27:26 --> Email: sendWithMail throwed ErrorException: mail(): Failed to connect to mailserver at &quot;localhost&quot; port 25, verify your &quot;SMTP&quot; and &quot;smtp_port&quot; setting in php.ini or use ini_set() in D:\Bimbel-app\system\Email\Email.php:1730
Stack trace:
#0 [internal function]: CodeIgniter\Debug\Exceptions->errorHandler(2, 'mail(): Failed ...', 'D:\\Bimbel-app\\s...', 1730)
#1 D:\Bimbel-app\system\Email\Email.php(1730): mail('alexanderjulius...', '=?UTF-8?Q?Conto...', 'This is a multi...', 'Date: Wed, 12 J...', '-f uwuseren@gma...')
#2 D:\Bimbel-app\system\Email\Email.php(1662): CodeIgniter\Email\Email->sendWithMail()
#3 D:\Bimbel-app\system\Email\Email.php(1560): CodeIgniter\Email\Email->spoolEmail()
#4 D:\Bimbel-app\app\Controllers\Admin.php(147): CodeIgniter\Email\Email->send()
#5 D:\Bimbel-app\system\CodeIgniter.php(927): App\Controllers\Admin->sendEmail()
#6 D:\Bimbel-app\system\CodeIgniter.php(482): CodeIgniter\CodeIgniter->runController(Object(App\Controllers\Admin))
#7 D:\Bimbel-app\system\CodeIgniter.php(351): CodeIgniter\CodeIgniter->handleRequest(NULL, Object(Config\Cache), false)
#8 D:\Bimbel-app\public\index.php(67): CodeIgniter\CodeIgniter->run()
#9 D:\Bimbel-app\system\Commands\Server\rewrite.php(46): require_once('D:\\Bimbel-app\\p...')
#10 {main}
ERROR - 2023-07-12 07:27:26 --> Email: Unable to send email using PHP mail(). Your server might not be configured to send mail using this method.
ERROR - 2023-07-12 07:27:26 --> 
ERROR - 2023-07-12 07:27:51 --> Email: sendWithMail throwed ErrorException: mail(): Failed to connect to mailserver at &quot;localhost&quot; port 25, verify your &quot;SMTP&quot; and &quot;smtp_port&quot; setting in php.ini or use ini_set() in D:\Bimbel-app\system\Email\Email.php:1730
Stack trace:
#0 [internal function]: CodeIgniter\Debug\Exceptions->errorHandler(2, 'mail(): Failed ...', 'D:\\Bimbel-app\\s...', 1730)
#1 D:\Bimbel-app\system\Email\Email.php(1730): mail('uwuseren@gmail....', '=?UTF-8?Q?Conto...', 'This is a multi...', 'Date: Wed, 12 J...', '-f uwuseren@gma...')
#2 D:\Bimbel-app\system\Email\Email.php(1662): CodeIgniter\Email\Email->sendWithMail()
#3 D:\Bimbel-app\system\Email\Email.php(1560): CodeIgniter\Email\Email->spoolEmail()
#4 D:\Bimbel-app\app\Controllers\Admin.php(147): CodeIgniter\Email\Email->send()
#5 D:\Bimbel-app\system\CodeIgniter.php(927): App\Controllers\Admin->sendEmail()
#6 D:\Bimbel-app\system\CodeIgniter.php(482): CodeIgniter\CodeIgniter->runController(Object(App\Controllers\Admin))
#7 D:\Bimbel-app\system\CodeIgniter.php(351): CodeIgniter\CodeIgniter->handleRequest(NULL, Object(Config\Cache), false)
#8 D:\Bimbel-app\public\index.php(67): CodeIgniter\CodeIgniter->run()
#9 D:\Bimbel-app\system\Commands\Server\rewrite.php(46): require_once('D:\\Bimbel-app\\p...')
#10 {main}
ERROR - 2023-07-12 07:27:51 --> Email: Unable to send email using PHP mail(). Your server might not be configured to send mail using this method.
ERROR - 2023-07-12 07:27:51 --> 
CRITICAL - 2023-07-12 07:42:35 --> The route for "/Admin" cannot be found.
in SYSTEMPATH\HTTP\RedirectResponse.php on line 60.
 1 SYSTEMPATH\HTTP\RedirectResponse.php(60): CodeIgniter\HTTP\Exceptions\HTTPException::forInvalidRedirectRoute('/Admin')
 2 SYSTEMPATH\Common.php(860): CodeIgniter\HTTP\RedirectResponse->route(false)
 3 APPPATH\Controllers\Admin.php(150): redirect('/Admin')
 4 SYSTEMPATH\CodeIgniter.php(927): App\Controllers\Admin->sendEmail()
 5 SYSTEMPATH\CodeIgniter.php(482): CodeIgniter\CodeIgniter->runController(Object(App\Controllers\Admin))
 6 SYSTEMPATH\CodeIgniter.php(351): CodeIgniter\CodeIgniter->handleRequest(null, Object(Config\Cache), false)
 7 FCPATH\index.php(67): CodeIgniter\CodeIgniter->run()
 8 SYSTEMPATH\Commands\Server\rewrite.php(46): require_once('FCPATH\\index.php')
ERROR - 2023-07-12 22:09:34 --> Error connecting to the database: mysqli_sql_exception: No connection could be made because the target machine actively refused it in C:\Users\10\Downloads\Bimbel-app\system\Database\MySQLi\Connection.php:171
Stack trace:
#0 C:\Users\10\Downloads\Bimbel-app\system\Database\MySQLi\Connection.php(171): mysqli->real_connect('localhost', 'root', '', 'bimbel', 3306, '', 0)
#1 C:\Users\10\Downloads\Bimbel-app\system\Database\BaseConnection.php(382): CodeIgniter\Database\MySQLi\Connection->connect(false)
#2 C:\Users\10\Downloads\Bimbel-app\system\Database\BaseConnection.php(561): CodeIgniter\Database\BaseConnection->initialize()
#3 C:\Users\10\Downloads\Bimbel-app\system\Database\BaseBuilder.php(1585): CodeIgniter\Database\BaseConnection->query('SELECT 1\nFROM `...', Array, false)
#4 C:\Users\10\Downloads\Bimbel-app\system\Validation\Rules.php(142): CodeIgniter\Database\BaseBuilder->get()
#5 C:\Users\10\Downloads\Bimbel-app\system\Validation\Validation.php(315): CodeIgniter\Validation\Rules->is_unique('ismanto', 'nama_lengkap', Array, NULL, 'nama_lengkap')
#6 C:\Users\10\Downloads\Bimbel-app\system\Validation\Validation.php(175): CodeIgniter\Validation\Validation->processRules('nama_lengkap', 'nama_lengkap', 'ismanto', Array, Array)
#7 C:\Users\10\Downloads\Bimbel-app\system\Controller.php(140): CodeIgniter\Validation\Validation->run()
#8 C:\Users\10\Downloads\Bimbel-app\app\Controllers\Admin.php(45): CodeIgniter\Controller->validate(Array)
#9 C:\Users\10\Downloads\Bimbel-app\system\CodeIgniter.php(927): App\Controllers\Admin->simpan()
#10 C:\Users\10\Downloads\Bimbel-app\system\CodeIgniter.php(482): CodeIgniter\CodeIgniter->runController(Object(App\Controllers\Admin))
#11 C:\Users\10\Downloads\Bimbel-app\system\CodeIgniter.php(351): CodeIgniter\CodeIgniter->handleRequest(NULL, Object(Config\Cache), false)
#12 C:\Users\10\Downloads\Bimbel-app\public\index.php(67): CodeIgniter\CodeIgniter->run()
#13 C:\Users\10\Downloads\Bimbel-app\system\Commands\Server\rewrite.php(46): require_once('C:\\Users\\10\\Dow...')
#14 {main}

Next CodeIgniter\Database\Exceptions\DatabaseException: No connection could be made because the target machine actively refused it in C:\Users\10\Downloads\Bimbel-app\system\Database\MySQLi\Connection.php:215
Stack trace:
#0 C:\Users\10\Downloads\Bimbel-app\system\Database\BaseConnection.php(382): CodeIgniter\Database\MySQLi\Connection->connect(false)
#1 C:\Users\10\Downloads\Bimbel-app\system\Database\BaseConnection.php(561): CodeIgniter\Database\BaseConnection->initialize()
#2 C:\Users\10\Downloads\Bimbel-app\system\Database\BaseBuilder.php(1585): CodeIgniter\Database\BaseConnection->query('SELECT 1\nFROM `...', Array, false)
#3 C:\Users\10\Downloads\Bimbel-app\system\Validation\Rules.php(142): CodeIgniter\Database\BaseBuilder->get()
#4 C:\Users\10\Downloads\Bimbel-app\system\Validation\Validation.php(315): CodeIgniter\Validation\Rules->is_unique('ismanto', 'nama_lengkap', Array, NULL, 'nama_lengkap')
#5 C:\Users\10\Downloads\Bimbel-app\system\Validation\Validation.php(175): CodeIgniter\Validation\Validation->processRules('nama_lengkap', 'nama_lengkap', 'ismanto', Array, Array)
#6 C:\Users\10\Downloads\Bimbel-app\system\Controller.php(140): CodeIgniter\Validation\Validation->run()
#7 C:\Users\10\Downloads\Bimbel-app\app\Controllers\Admin.php(45): CodeIgniter\Controller->validate(Array)
#8 C:\Users\10\Downloads\Bimbel-app\system\CodeIgniter.php(927): App\Controllers\Admin->simpan()
#9 C:\Users\10\Downloads\Bimbel-app\system\CodeIgniter.php(482): CodeIgniter\CodeIgniter->runController(Object(App\Controllers\Admin))
#10 C:\Users\10\Downloads\Bimbel-app\system\CodeIgniter.php(351): CodeIgniter\CodeIgniter->handleRequest(NULL, Object(Config\Cache), false)
#11 C:\Users\10\Downloads\Bimbel-app\public\index.php(67): CodeIgniter\CodeIgniter->run()
#12 C:\Users\10\Downloads\Bimbel-app\system\Commands\Server\rewrite.php(46): require_once('C:\\Users\\10\\Dow...')
#13 {main}
CRITICAL - 2023-07-12 22:09:34 --> Unable to connect to the database.
Main connection [MySQLi]: No connection could be made because the target machine actively refused it
in SYSTEMPATH\Database\BaseConnection.php on line 418.
 1 SYSTEMPATH\Database\BaseConnection.php(561): CodeIgniter\Database\BaseConnection->initialize()
 2 SYSTEMPATH\Database\BaseBuilder.php(1585): CodeIgniter\Database\BaseConnection->query('SELECT 1
FROM `daftar`
WHERE `nama_lengkap` = :nama_lengkap:
 LIMIT 1', [...], false)
 3 SYSTEMPATH\Validation\Rules.php(142): CodeIgniter\Database\BaseBuilder->get()
 4 SYSTEMPATH\Validation\Validation.php(315): CodeIgniter\Validation\Rules->is_unique('ismanto', 'nama_lengkap', [...], null, 'nama_lengkap')
 5 SYSTEMPATH\Validation\Validation.php(175): CodeIgniter\Validation\Validation->processRules('nama_lengkap', 'nama_lengkap', 'ismanto', [...], [...])
 6 SYSTEMPATH\Controller.php(140): CodeIgniter\Validation\Validation->run()
 7 APPPATH\Controllers\Admin.php(45): CodeIgniter\Controller->validate([...])
 8 SYSTEMPATH\CodeIgniter.php(927): App\Controllers\Admin->simpan()
 9 SYSTEMPATH\CodeIgniter.php(482): CodeIgniter\CodeIgniter->runController(Object(App\Controllers\Admin))
10 SYSTEMPATH\CodeIgniter.php(351): CodeIgniter\CodeIgniter->handleRequest(null, Object(Config\Cache), false)
11 FCPATH\index.php(67): CodeIgniter\CodeIgniter->run()
12 SYSTEMPATH\Commands\Server\rewrite.php(46): require_once('FCPATH\\index.php')
ERROR - 2023-07-12 22:12:32 --> Email: sendWithSmtp throwed ErrorException: stream_socket_enable_crypto(): SSL: Handshake timed out in C:\Users\10\Downloads\Bimbel-app\system\Email\Email.php:1881
Stack trace:
#0 [internal function]: CodeIgniter\Debug\Exceptions->errorHandler(2, 'stream_socket_e...', 'C:\\Users\\10\\Dow...', 1881)
#1 C:\Users\10\Downloads\Bimbel-app\system\Email\Email.php(1881): stream_socket_enable_crypto(Resource id #161, true, 57)
#2 C:\Users\10\Downloads\Bimbel-app\system\Email\Email.php(1777): CodeIgniter\Email\Email->SMTPConnect()
#3 C:\Users\10\Downloads\Bimbel-app\system\Email\Email.php(1662): CodeIgniter\Email\Email->sendWithSmtp()
#4 C:\Users\10\Downloads\Bimbel-app\system\Email\Email.php(1560): CodeIgniter\Email\Email->spoolEmail()
#5 C:\Users\10\Downloads\Bimbel-app\app\Controllers\Admin.php(148): CodeIgniter\Email\Email->send()
#6 C:\Users\10\Downloads\Bimbel-app\system\CodeIgniter.php(927): App\Controllers\Admin->sendEmail()
#7 C:\Users\10\Downloads\Bimbel-app\system\CodeIgniter.php(482): CodeIgniter\CodeIgniter->runController(Object(App\Controllers\Admin))
#8 C:\Users\10\Downloads\Bimbel-app\system\CodeIgniter.php(351): CodeIgniter\CodeIgniter->handleRequest(NULL, Object(Config\Cache), false)
#9 C:\Users\10\Downloads\Bimbel-app\public\index.php(67): CodeIgniter\CodeIgniter->run()
#10 C:\Users\10\Downloads\Bimbel-app\system\Commands\Server\rewrite.php(46): require_once('C:\\Users\\10\\Dow...')
#11 {main}
ERROR - 2023-07-12 22:12:32 --> Email: Unable to send email using SMTP. Your server might not be configured to send mail using this method.
ERROR - 2023-07-12 22:12:32 --> 220 smtp.gmail.com ESMTP a28-20020a63705c000000b00528513c6bbcsm4298473pgn.28 - gsmtp

hello: 250-smtp.gmail.com at your service, [118.97.22.202]
250-SIZE 35882577
250-8BITMIME
250-STARTTLS
250-ENHANCEDSTATUSCODES
250-PIPELINING
250-CHUNKING
250 SMTPUTF8

starttls: 220 2.0.0 Ready to start TLS

