CRITICAL - 2023-01-26 02:18:50 --> You must set the database table to be used with your query.
in SYSTEMPATH\Database\BaseConnection.php on line 845.
 1 SYSTEMPATH\Model.php(587): CodeIgniter\Database\BaseConnection->table('ROOTPATH\\public')
 2 SYSTEMPATH\Model.php(216): CodeIgniter\Model->builder()
 3 SYSTEMPATH\BaseModel.php(585): CodeIgniter\Model->doFindAll(0, 0)
 4 APPPATH\Controllers\Kategori.php(17): CodeIgniter\BaseModel->findAll()
 5 SYSTEMPATH\CodeIgniter.php(927): App\Controllers\Kategori->index()
 6 SYSTEMPATH\CodeIgniter.php(482): CodeIgniter\CodeIgniter->runController(Object(App\Controllers\Kategori))
 7 SYSTEMPATH\CodeIgniter.php(351): CodeIgniter\CodeIgniter->handleRequest(null, Object(Config\Cache), false)
 8 FCPATH\index.php(67): CodeIgniter\CodeIgniter->run()
 9 SYSTEMPATH\Commands\Server\rewrite.php(46): require_once('FCPATH\\index.php')
ERROR - 2023-01-26 02:21:03 --> Error connecting to the database: mysqli_sql_exception: Unknown database 'coba' in C:\Users\10\Desktop\lth\CI-Arsal\system\Database\MySQLi\Connection.php:170
Stack trace:
#0 C:\Users\10\Desktop\lth\CI-Arsal\system\Database\MySQLi\Connection.php(170): mysqli->real_connect('localhost', 'root', Object(SensitiveParameterValue), 'coba', 3306, '', 0)
#1 C:\Users\10\Desktop\lth\CI-Arsal\system\Database\BaseConnection.php(382): CodeIgniter\Database\MySQLi\Connection->connect(false)
#2 C:\Users\10\Desktop\lth\CI-Arsal\system\Database\BaseConnection.php(561): CodeIgniter\Database\BaseConnection->initialize()
#3 C:\Users\10\Desktop\lth\CI-Arsal\system\Database\BaseBuilder.php(1585): CodeIgniter\Database\BaseConnection->query('SELECT *\nFROM `...', Array, false)
#4 C:\Users\10\Desktop\lth\CI-Arsal\system\Model.php(223): CodeIgniter\Database\BaseBuilder->get()
#5 C:\Users\10\Desktop\lth\CI-Arsal\system\BaseModel.php(585): CodeIgniter\Model->doFindAll(0, 0)
#6 C:\Users\10\Desktop\lth\CI-Arsal\app\Controllers\Kategori.php(17): CodeIgniter\BaseModel->findAll()
#7 C:\Users\10\Desktop\lth\CI-Arsal\system\CodeIgniter.php(927): App\Controllers\Kategori->index()
#8 C:\Users\10\Desktop\lth\CI-Arsal\system\CodeIgniter.php(482): CodeIgniter\CodeIgniter->runController(Object(App\Controllers\Kategori))
#9 C:\Users\10\Desktop\lth\CI-Arsal\system\CodeIgniter.php(351): CodeIgniter\CodeIgniter->handleRequest(NULL, Object(Config\Cache), false)
#10 C:\Users\10\Desktop\lth\CI-Arsal\public\index.php(67): CodeIgniter\CodeIgniter->run()
#11 C:\Users\10\Desktop\lth\CI-Arsal\system\Commands\Server\rewrite.php(46): require_once('C:\\Users\\10\\Des...')
#12 {main}

Next CodeIgniter\Database\Exceptions\DatabaseException: Unknown database 'coba' in C:\Users\10\Desktop\lth\CI-Arsal\system\Database\MySQLi\Connection.php:215
Stack trace:
#0 C:\Users\10\Desktop\lth\CI-Arsal\system\Database\BaseConnection.php(382): CodeIgniter\Database\MySQLi\Connection->connect(false)
#1 C:\Users\10\Desktop\lth\CI-Arsal\system\Database\BaseConnection.php(561): CodeIgniter\Database\BaseConnection->initialize()
#2 C:\Users\10\Desktop\lth\CI-Arsal\system\Database\BaseBuilder.php(1585): CodeIgniter\Database\BaseConnection->query('SELECT *\nFROM `...', Array, false)
#3 C:\Users\10\Desktop\lth\CI-Arsal\system\Model.php(223): CodeIgniter\Database\BaseBuilder->get()
#4 C:\Users\10\Desktop\lth\CI-Arsal\system\BaseModel.php(585): CodeIgniter\Model->doFindAll(0, 0)
#5 C:\Users\10\Desktop\lth\CI-Arsal\app\Controllers\Kategori.php(17): CodeIgniter\BaseModel->findAll()
#6 C:\Users\10\Desktop\lth\CI-Arsal\system\CodeIgniter.php(927): App\Controllers\Kategori->index()
#7 C:\Users\10\Desktop\lth\CI-Arsal\system\CodeIgniter.php(482): CodeIgniter\CodeIgniter->runController(Object(App\Controllers\Kategori))
#8 C:\Users\10\Desktop\lth\CI-Arsal\system\CodeIgniter.php(351): CodeIgniter\CodeIgniter->handleRequest(NULL, Object(Config\Cache), false)
#9 C:\Users\10\Desktop\lth\CI-Arsal\public\index.php(67): CodeIgniter\CodeIgniter->run()
#10 C:\Users\10\Desktop\lth\CI-Arsal\system\Commands\Server\rewrite.php(46): require_once('C:\\Users\\10\\Des...')
#11 {main}
CRITICAL - 2023-01-26 02:21:03 --> Unable to connect to the database.
Main connection [MySQLi]: Unknown database 'coba'
in SYSTEMPATH\Database\BaseConnection.php on line 418.
 1 SYSTEMPATH\Database\BaseConnection.php(561): CodeIgniter\Database\BaseConnection->initialize()
 2 SYSTEMPATH\Database\BaseBuilder.php(1585): CodeIgniter\Database\BaseConnection->query('SELECT *
FROM `products`', [], false)
 3 SYSTEMPATH\Model.php(223): CodeIgniter\Database\BaseBuilder->get()
 4 SYSTEMPATH\BaseModel.php(585): CodeIgniter\Model->doFindAll(0, 0)
 5 APPPATH\Controllers\Kategori.php(17): CodeIgniter\BaseModel->findAll()
 6 SYSTEMPATH\CodeIgniter.php(927): App\Controllers\Kategori->index()
 7 SYSTEMPATH\CodeIgniter.php(482): CodeIgniter\CodeIgniter->runController(Object(App\Controllers\Kategori))
 8 SYSTEMPATH\CodeIgniter.php(351): CodeIgniter\CodeIgniter->handleRequest(null, Object(Config\Cache), false)
 9 FCPATH\index.php(67): CodeIgniter\CodeIgniter->run()
10 SYSTEMPATH\Commands\Server\rewrite.php(46): require_once('FCPATH\\index.php')
CRITICAL - 2023-01-26 02:21:22 --> Invalid file: Produk/index.php
in SYSTEMPATH\Exceptions\FrameworkException.php on line 33.
 1 SYSTEMPATH\View\View.php(201): CodeIgniter\Exceptions\FrameworkException::forInvalidFile('Produk/index.php')
 2 SYSTEMPATH\Common.php(1134): CodeIgniter\View\View->render('Produk/index', [], true)
 3 APPPATH\Controllers\Kategori.php(24): view('Produk/index', [...])
 4 SYSTEMPATH\CodeIgniter.php(927): App\Controllers\Kategori->index()
 5 SYSTEMPATH\CodeIgniter.php(482): CodeIgniter\CodeIgniter->runController(Object(App\Controllers\Kategori))
 6 SYSTEMPATH\CodeIgniter.php(351): CodeIgniter\CodeIgniter->handleRequest(null, Object(Config\Cache), false)
 7 FCPATH\index.php(67): CodeIgniter\CodeIgniter->run()
 8 SYSTEMPATH\Commands\Server\rewrite.php(46): require_once('FCPATH\\index.php')
CRITICAL - 2023-01-26 03:09:49 --> Undefined array key "product_name"
in APPPATH\Views\kategori\viewkategori.php on line 43.
 1 APPPATH\Views\kategori\viewkategori.php(43): CodeIgniter\Debug\Exceptions->errorHandler(2, 'Undefined array key "product_name"', 'APPPATH\\Views\\kategori\\viewkategori.php', 43)
 2 SYSTEMPATH\View\View.php(213): include('APPPATH\\Views\\kategori\\viewkategori.php')
 3 SYSTEMPATH\View\View.php(216): CodeIgniter\View\View->CodeIgniter\View\{closure}()
 4 SYSTEMPATH\Common.php(1134): CodeIgniter\View\View->render('kategori/viewkategori', [], true)
 5 APPPATH\Controllers\Kategori.php(24): view('kategori/viewkategori', [...])
 6 SYSTEMPATH\CodeIgniter.php(927): App\Controllers\Kategori->index()
 7 SYSTEMPATH\CodeIgniter.php(482): CodeIgniter\CodeIgniter->runController(Object(App\Controllers\Kategori))
 8 SYSTEMPATH\CodeIgniter.php(351): CodeIgniter\CodeIgniter->handleRequest(null, Object(Config\Cache), false)
 9 FCPATH\index.php(67): CodeIgniter\CodeIgniter->run()
10 SYSTEMPATH\Commands\Server\rewrite.php(46): require_once('FCPATH\\index.php')
ERROR - 2023-01-26 03:19:19 --> mysqli_sql_exception: Duplicate entry '' for key 'PRIMARY' in C:\Users\10\Desktop\lth\CI-Arsal\system\Database\MySQLi\Connection.php:292
Stack trace:
#0 C:\Users\10\Desktop\lth\CI-Arsal\system\Database\MySQLi\Connection.php(292): mysqli->query('INSERT INTO `mo...', 0)
#1 C:\Users\10\Desktop\lth\CI-Arsal\system\Database\BaseConnection.php(666): CodeIgniter\Database\MySQLi\Connection->execute('INSERT INTO `mo...')
#2 C:\Users\10\Desktop\lth\CI-Arsal\system\Database\BaseConnection.php(593): CodeIgniter\Database\BaseConnection->simpleQuery('INSERT INTO `mo...')
#3 C:\Users\10\Desktop\lth\CI-Arsal\system\Database\BaseBuilder.php(1916): CodeIgniter\Database\BaseConnection->query('INSERT INTO `mo...', Array, false)
#4 C:\Users\10\Desktop\lth\CI-Arsal\system\Model.php(279): CodeIgniter\Database\BaseBuilder->insert()
#5 C:\Users\10\Desktop\lth\CI-Arsal\system\BaseModel.php(749): CodeIgniter\Model->doInsert(Array)
#6 C:\Users\10\Desktop\lth\CI-Arsal\system\Model.php(667): CodeIgniter\BaseModel->insert(Array, false)
#7 C:\Users\10\Desktop\lth\CI-Arsal\system\BaseModel.php(659): CodeIgniter\Model->insert(Array, false)
#8 C:\Users\10\Desktop\lth\CI-Arsal\app\Controllers\Kategori.php(41): CodeIgniter\BaseModel->save(Array)
#9 C:\Users\10\Desktop\lth\CI-Arsal\system\CodeIgniter.php(927): App\Controllers\Kategori->simpan()
#10 C:\Users\10\Desktop\lth\CI-Arsal\system\CodeIgniter.php(482): CodeIgniter\CodeIgniter->runController(Object(App\Controllers\Kategori))
#11 C:\Users\10\Desktop\lth\CI-Arsal\system\CodeIgniter.php(351): CodeIgniter\CodeIgniter->handleRequest(NULL, Object(Config\Cache), false)
#12 C:\Users\10\Desktop\lth\CI-Arsal\public\index.php(67): CodeIgniter\CodeIgniter->run()
#13 C:\Users\10\Desktop\lth\CI-Arsal\system\Commands\Server\rewrite.php(46): require_once('C:\\Users\\10\\Des...')
#14 {main}
CRITICAL - 2023-01-26 03:19:19 --> Duplicate entry '' for key 'PRIMARY'
in SYSTEMPATH\Database\MySQLi\Connection.php on line 292.
 1 SYSTEMPATH\Database\MySQLi\Connection.php(292): mysqli->query('INSERT INTO `mobil0143` (`jenis_mobil`, `stok_mobil`, `harga_sewa`) VALUES (\'Alphard\', \'4\', \'1000\')', 0)
 2 SYSTEMPATH\Database\BaseConnection.php(666): CodeIgniter\Database\MySQLi\Connection->execute('INSERT INTO `mobil0143` (`jenis_mobil`, `stok_mobil`, `harga_sewa`) VALUES (\'Alphard\', \'4\', \'1000\')')
 3 SYSTEMPATH\Database\BaseConnection.php(593): CodeIgniter\Database\BaseConnection->simpleQuery('INSERT INTO `mobil0143` (`jenis_mobil`, `stok_mobil`, `harga_sewa`) VALUES (\'Alphard\', \'4\', \'1000\')')
 4 SYSTEMPATH\Database\BaseBuilder.php(1916): CodeIgniter\Database\BaseConnection->query('INSERT INTO `mobil0143` (`jenis_mobil`, `stok_mobil`, `harga_sewa`) VALUES (:jenis_mobil:, :stok_mobil:, :harga_sewa:)', [...], false)
 5 SYSTEMPATH\Model.php(279): CodeIgniter\Database\BaseBuilder->insert()
 6 SYSTEMPATH\BaseModel.php(749): CodeIgniter\Model->doInsert([...])
 7 SYSTEMPATH\Model.php(667): CodeIgniter\BaseModel->insert([...], false)
 8 SYSTEMPATH\BaseModel.php(659): CodeIgniter\Model->insert([...], false)
 9 APPPATH\Controllers\Kategori.php(41): CodeIgniter\BaseModel->save([...])
10 SYSTEMPATH\CodeIgniter.php(927): App\Controllers\Kategori->simpan()
11 SYSTEMPATH\CodeIgniter.php(482): CodeIgniter\CodeIgniter->runController(Object(App\Controllers\Kategori))
12 SYSTEMPATH\CodeIgniter.php(351): CodeIgniter\CodeIgniter->handleRequest(null, Object(Config\Cache), false)
13 FCPATH\index.php(67): CodeIgniter\CodeIgniter->run()
14 SYSTEMPATH\Commands\Server\rewrite.php(46): require_once('FCPATH\\index.php')
ERROR - 2023-01-26 03:38:16 --> mysqli_sql_exception: Unknown column 'product_nama' in 'where clause' in C:\Users\10\Desktop\lth\CI-Arsal\system\Database\MySQLi\Connection.php:292
Stack trace:
#0 C:\Users\10\Desktop\lth\CI-Arsal\system\Database\MySQLi\Connection.php(292): mysqli->query('SELECT COUNT(*)...', 0)
#1 C:\Users\10\Desktop\lth\CI-Arsal\system\Database\BaseConnection.php(666): CodeIgniter\Database\MySQLi\Connection->execute('SELECT COUNT(*)...')
#2 C:\Users\10\Desktop\lth\CI-Arsal\system\Database\BaseConnection.php(593): CodeIgniter\Database\BaseConnection->simpleQuery('SELECT COUNT(*)...')
#3 C:\Users\10\Desktop\lth\CI-Arsal\system\Database\BaseBuilder.php(1669): CodeIgniter\Database\BaseConnection->query('SELECT COUNT(*)...', Array, false)
#4 C:\Users\10\Desktop\lth\CI-Arsal\system\Model.php(551): CodeIgniter\Database\BaseBuilder->countAllResults(false)
#5 C:\Users\10\Desktop\lth\CI-Arsal\system\BaseModel.php(1106): CodeIgniter\Model->countAllResults(false)
#6 C:\Users\10\Desktop\lth\CI-Arsal\app\Controllers\Kategori.php(27): CodeIgniter\BaseModel->paginate(5, 'buku')
#7 C:\Users\10\Desktop\lth\CI-Arsal\system\CodeIgniter.php(927): App\Controllers\Kategori->index()
#8 C:\Users\10\Desktop\lth\CI-Arsal\system\CodeIgniter.php(482): CodeIgniter\CodeIgniter->runController(Object(App\Controllers\Kategori))
#9 C:\Users\10\Desktop\lth\CI-Arsal\system\CodeIgniter.php(351): CodeIgniter\CodeIgniter->handleRequest(NULL, Object(Config\Cache), false)
#10 C:\Users\10\Desktop\lth\CI-Arsal\public\index.php(67): CodeIgniter\CodeIgniter->run()
#11 C:\Users\10\Desktop\lth\CI-Arsal\system\Commands\Server\rewrite.php(46): require_once('C:\\Users\\10\\Des...')
#12 {main}
CRITICAL - 2023-01-26 03:38:16 --> Unknown column 'product_nama' in 'where clause'
in SYSTEMPATH\Database\MySQLi\Connection.php on line 292.
 1 SYSTEMPATH\Database\MySQLi\Connection.php(292): mysqli->query('SELECT COUNT(*) AS `numrows`
FROM `mobil0143`
WHERE `product_nama` LIKE \'%avanza%\' ESCAPE \'!\'', 0)
 2 SYSTEMPATH\Database\BaseConnection.php(666): CodeIgniter\Database\MySQLi\Connection->execute('SELECT COUNT(*) AS `numrows`
FROM `mobil0143`
WHERE `product_nama` LIKE \'%avanza%\' ESCAPE \'!\'')
 3 SYSTEMPATH\Database\BaseConnection.php(593): CodeIgniter\Database\BaseConnection->simpleQuery('SELECT COUNT(*) AS `numrows`
FROM `mobil0143`
WHERE `product_nama` LIKE \'%avanza%\' ESCAPE \'!\'')
 4 SYSTEMPATH\Database\BaseBuilder.php(1669): CodeIgniter\Database\BaseConnection->query('SELECT COUNT(*) AS `numrows`
FROM `mobil0143`
WHERE `product_nama` LIKE :product_nama: ESCAPE \'!\'', [...], false)
 5 SYSTEMPATH\Model.php(551): CodeIgniter\Database\BaseBuilder->countAllResults(false)
 6 SYSTEMPATH\BaseModel.php(1106): CodeIgniter\Model->countAllResults(false)
 7 APPPATH\Controllers\Kategori.php(27): CodeIgniter\BaseModel->paginate(5, 'buku')
 8 SYSTEMPATH\CodeIgniter.php(927): App\Controllers\Kategori->index()
 9 SYSTEMPATH\CodeIgniter.php(482): CodeIgniter\CodeIgniter->runController(Object(App\Controllers\Kategori))
10 SYSTEMPATH\CodeIgniter.php(351): CodeIgniter\CodeIgniter->handleRequest(null, Object(Config\Cache), false)
11 FCPATH\index.php(67): CodeIgniter\CodeIgniter->run()
12 SYSTEMPATH\Commands\Server\rewrite.php(46): require_once('FCPATH\\index.php')
CRITICAL - 2023-01-26 03:55:57 --> View themes, no current section.
in SYSTEMPATH\View\View.php on line 394.
 1 APPPATH\Views\kategori\viewkategori.php(8): CodeIgniter\View\View->endSection('subjudul')
 2 SYSTEMPATH\View\View.php(213): include('APPPATH\\Views\\kategori\\viewkategori.php')
 3 SYSTEMPATH\View\View.php(216): CodeIgniter\View\View->CodeIgniter\View\{closure}()
 4 SYSTEMPATH\Common.php(1134): CodeIgniter\View\View->render('kategori/viewkategori', [], true)
 5 APPPATH\Controllers\Kategori.php(39): view('kategori/viewkategori', [...])
 6 SYSTEMPATH\CodeIgniter.php(927): App\Controllers\Kategori->index()
 7 SYSTEMPATH\CodeIgniter.php(482): CodeIgniter\CodeIgniter->runController(Object(App\Controllers\Kategori))
 8 SYSTEMPATH\CodeIgniter.php(351): CodeIgniter\CodeIgniter->handleRequest(null, Object(Config\Cache), false)
 9 FCPATH\index.php(67): CodeIgniter\CodeIgniter->run()
10 SYSTEMPATH\Commands\Server\rewrite.php(46): require_once('FCPATH\\index.php')
CRITICAL - 2023-01-26 03:57:06 --> Undefined variable $tampildata
in APPPATH\Views\kategori\viewkategori.php on line 38.
 1 APPPATH\Views\kategori\viewkategori.php(38): CodeIgniter\Debug\Exceptions->errorHandler(2, 'Undefined variable $tampildata', 'APPPATH\\Views\\kategori\\viewkategori.php', 38)
 2 SYSTEMPATH\View\View.php(213): include('APPPATH\\Views\\kategori\\viewkategori.php')
 3 SYSTEMPATH\View\View.php(216): CodeIgniter\View\View->CodeIgniter\View\{closure}()
 4 SYSTEMPATH\Common.php(1134): CodeIgniter\View\View->render('kategori/viewkategori', [], true)
 5 APPPATH\Controllers\Kategori.php(39): view('kategori/viewkategori', [...])
 6 SYSTEMPATH\CodeIgniter.php(927): App\Controllers\Kategori->index()
 7 SYSTEMPATH\CodeIgniter.php(482): CodeIgniter\CodeIgniter->runController(Object(App\Controllers\Kategori))
 8 SYSTEMPATH\CodeIgniter.php(351): CodeIgniter\CodeIgniter->handleRequest(null, Object(Config\Cache), false)
 9 FCPATH\index.php(67): CodeIgniter\CodeIgniter->run()
10 SYSTEMPATH\Commands\Server\rewrite.php(46): require_once('FCPATH\\index.php')
ERROR - 2023-01-26 03:58:26 --> mysqli_sql_exception: Unknown column 'product_nama' in 'where clause' in C:\Users\10\Desktop\lth\CI-Arsal\system\Database\MySQLi\Connection.php:292
Stack trace:
#0 C:\Users\10\Desktop\lth\CI-Arsal\system\Database\MySQLi\Connection.php(292): mysqli->query('SELECT COUNT(*)...', 0)
#1 C:\Users\10\Desktop\lth\CI-Arsal\system\Database\BaseConnection.php(666): CodeIgniter\Database\MySQLi\Connection->execute('SELECT COUNT(*)...')
#2 C:\Users\10\Desktop\lth\CI-Arsal\system\Database\BaseConnection.php(593): CodeIgniter\Database\BaseConnection->simpleQuery('SELECT COUNT(*)...')
#3 C:\Users\10\Desktop\lth\CI-Arsal\system\Database\BaseBuilder.php(1669): CodeIgniter\Database\BaseConnection->query('SELECT COUNT(*)...', Array, false)
#4 C:\Users\10\Desktop\lth\CI-Arsal\system\Model.php(551): CodeIgniter\Database\BaseBuilder->countAllResults(false)
#5 C:\Users\10\Desktop\lth\CI-Arsal\system\BaseModel.php(1106): CodeIgniter\Model->countAllResults(false)
#6 C:\Users\10\Desktop\lth\CI-Arsal\app\Controllers\Kategori.php(27): CodeIgniter\BaseModel->paginate(5, 'mobil0143')
#7 C:\Users\10\Desktop\lth\CI-Arsal\system\CodeIgniter.php(927): App\Controllers\Kategori->index()
#8 C:\Users\10\Desktop\lth\CI-Arsal\system\CodeIgniter.php(482): CodeIgniter\CodeIgniter->runController(Object(App\Controllers\Kategori))
#9 C:\Users\10\Desktop\lth\CI-Arsal\system\CodeIgniter.php(351): CodeIgniter\CodeIgniter->handleRequest(NULL, Object(Config\Cache), false)
#10 C:\Users\10\Desktop\lth\CI-Arsal\public\index.php(67): CodeIgniter\CodeIgniter->run()
#11 C:\Users\10\Desktop\lth\CI-Arsal\system\Commands\Server\rewrite.php(46): require_once('C:\\Users\\10\\Des...')
#12 {main}
CRITICAL - 2023-01-26 03:58:26 --> Unknown column 'product_nama' in 'where clause'
in SYSTEMPATH\Database\MySQLi\Connection.php on line 292.
 1 SYSTEMPATH\Database\MySQLi\Connection.php(292): mysqli->query('SELECT COUNT(*) AS `numrows`
FROM `mobil0143`
WHERE `product_nama` LIKE \'%avanza%\' ESCAPE \'!\'', 0)
 2 SYSTEMPATH\Database\BaseConnection.php(666): CodeIgniter\Database\MySQLi\Connection->execute('SELECT COUNT(*) AS `numrows`
FROM `mobil0143`
WHERE `product_nama` LIKE \'%avanza%\' ESCAPE \'!\'')
 3 SYSTEMPATH\Database\BaseConnection.php(593): CodeIgniter\Database\BaseConnection->simpleQuery('SELECT COUNT(*) AS `numrows`
FROM `mobil0143`
WHERE `product_nama` LIKE \'%avanza%\' ESCAPE \'!\'')
 4 SYSTEMPATH\Database\BaseBuilder.php(1669): CodeIgniter\Database\BaseConnection->query('SELECT COUNT(*) AS `numrows`
FROM `mobil0143`
WHERE `product_nama` LIKE :product_nama: ESCAPE \'!\'', [...], false)
 5 SYSTEMPATH\Model.php(551): CodeIgniter\Database\BaseBuilder->countAllResults(false)
 6 SYSTEMPATH\BaseModel.php(1106): CodeIgniter\Model->countAllResults(false)
 7 APPPATH\Controllers\Kategori.php(27): CodeIgniter\BaseModel->paginate(5, 'mobil0143')
 8 SYSTEMPATH\CodeIgniter.php(927): App\Controllers\Kategori->index()
 9 SYSTEMPATH\CodeIgniter.php(482): CodeIgniter\CodeIgniter->runController(Object(App\Controllers\Kategori))
10 SYSTEMPATH\CodeIgniter.php(351): CodeIgniter\CodeIgniter->handleRequest(null, Object(Config\Cache), false)
11 FCPATH\index.php(67): CodeIgniter\CodeIgniter->run()
12 SYSTEMPATH\Commands\Server\rewrite.php(46): require_once('FCPATH\\index.php')
ERROR - 2023-01-26 04:01:06 --> mysqli_sql_exception: Unknown column 'product_nama' in 'where clause' in C:\Users\10\Desktop\lth\CI-Arsal\system\Database\MySQLi\Connection.php:292
Stack trace:
#0 C:\Users\10\Desktop\lth\CI-Arsal\system\Database\MySQLi\Connection.php(292): mysqli->query('SELECT COUNT(*)...', 0)
#1 C:\Users\10\Desktop\lth\CI-Arsal\system\Database\BaseConnection.php(666): CodeIgniter\Database\MySQLi\Connection->execute('SELECT COUNT(*)...')
#2 C:\Users\10\Desktop\lth\CI-Arsal\system\Database\BaseConnection.php(593): CodeIgniter\Database\BaseConnection->simpleQuery('SELECT COUNT(*)...')
#3 C:\Users\10\Desktop\lth\CI-Arsal\system\Database\BaseBuilder.php(1669): CodeIgniter\Database\BaseConnection->query('SELECT COUNT(*)...', Array, false)
#4 C:\Users\10\Desktop\lth\CI-Arsal\system\Model.php(551): CodeIgniter\Database\BaseBuilder->countAllResults(false)
#5 C:\Users\10\Desktop\lth\CI-Arsal\system\BaseModel.php(1106): CodeIgniter\Model->countAllResults(false)
#6 C:\Users\10\Desktop\lth\CI-Arsal\app\Controllers\Kategori.php(27): CodeIgniter\BaseModel->paginate(5, 'mobil0143')
#7 C:\Users\10\Desktop\lth\CI-Arsal\system\CodeIgniter.php(927): App\Controllers\Kategori->index()
#8 C:\Users\10\Desktop\lth\CI-Arsal\system\CodeIgniter.php(482): CodeIgniter\CodeIgniter->runController(Object(App\Controllers\Kategori))
#9 C:\Users\10\Desktop\lth\CI-Arsal\system\CodeIgniter.php(351): CodeIgniter\CodeIgniter->handleRequest(NULL, Object(Config\Cache), false)
#10 C:\Users\10\Desktop\lth\CI-Arsal\public\index.php(67): CodeIgniter\CodeIgniter->run()
#11 C:\Users\10\Desktop\lth\CI-Arsal\system\Commands\Server\rewrite.php(46): require_once('C:\\Users\\10\\Des...')
#12 {main}
CRITICAL - 2023-01-26 04:01:06 --> Unknown column 'product_nama' in 'where clause'
in SYSTEMPATH\Database\MySQLi\Connection.php on line 292.
 1 SYSTEMPATH\Database\MySQLi\Connection.php(292): mysqli->query('SELECT COUNT(*) AS `numrows`
FROM `mobil0143`
WHERE `product_nama` LIKE \'%S%\' ESCAPE \'!\'', 0)
 2 SYSTEMPATH\Database\BaseConnection.php(666): CodeIgniter\Database\MySQLi\Connection->execute('SELECT COUNT(*) AS `numrows`
FROM `mobil0143`
WHERE `product_nama` LIKE \'%S%\' ESCAPE \'!\'')
 3 SYSTEMPATH\Database\BaseConnection.php(593): CodeIgniter\Database\BaseConnection->simpleQuery('SELECT COUNT(*) AS `numrows`
FROM `mobil0143`
WHERE `product_nama` LIKE \'%S%\' ESCAPE \'!\'')
 4 SYSTEMPATH\Database\BaseBuilder.php(1669): CodeIgniter\Database\BaseConnection->query('SELECT COUNT(*) AS `numrows`
FROM `mobil0143`
WHERE `product_nama` LIKE :product_nama: ESCAPE \'!\'', [...], false)
 5 SYSTEMPATH\Model.php(551): CodeIgniter\Database\BaseBuilder->countAllResults(false)
 6 SYSTEMPATH\BaseModel.php(1106): CodeIgniter\Model->countAllResults(false)
 7 APPPATH\Controllers\Kategori.php(27): CodeIgniter\BaseModel->paginate(5, 'mobil0143')
 8 SYSTEMPATH\CodeIgniter.php(927): App\Controllers\Kategori->index()
 9 SYSTEMPATH\CodeIgniter.php(482): CodeIgniter\CodeIgniter->runController(Object(App\Controllers\Kategori))
10 SYSTEMPATH\CodeIgniter.php(351): CodeIgniter\CodeIgniter->handleRequest(null, Object(Config\Cache), false)
11 FCPATH\index.php(67): CodeIgniter\CodeIgniter->run()
12 SYSTEMPATH\Commands\Server\rewrite.php(46): require_once('FCPATH\\index.php')
CRITICAL - 2023-01-26 04:09:00 --> Undefined array key "id"
in APPPATH\Views\kategori\viewkategori.php on line 46.
 1 APPPATH\Views\kategori\viewkategori.php(46): CodeIgniter\Debug\Exceptions->errorHandler(2, 'Undefined array key "id"', 'APPPATH\\Views\\kategori\\viewkategori.php', 46)
 2 SYSTEMPATH\View\View.php(213): include('APPPATH\\Views\\kategori\\viewkategori.php')
 3 SYSTEMPATH\View\View.php(216): CodeIgniter\View\View->CodeIgniter\View\{closure}()
 4 SYSTEMPATH\Common.php(1134): CodeIgniter\View\View->render('kategori/viewkategori', [], true)
 5 APPPATH\Controllers\Kategori.php(39): view('kategori/viewkategori', [...])
 6 SYSTEMPATH\CodeIgniter.php(927): App\Controllers\Kategori->index()
 7 SYSTEMPATH\CodeIgniter.php(482): CodeIgniter\CodeIgniter->runController(Object(App\Controllers\Kategori))
 8 SYSTEMPATH\CodeIgniter.php(351): CodeIgniter\CodeIgniter->handleRequest(null, Object(Config\Cache), false)
 9 FCPATH\index.php(67): CodeIgniter\CodeIgniter->run()
10 SYSTEMPATH\Commands\Server\rewrite.php(46): require_once('FCPATH\\index.php')
CRITICAL - 2023-01-26 04:27:37 --> Call to undefined method App\Models\Modelkategori::getBuku
in SYSTEMPATH\Model.php on line 774.
 1 APPPATH\Controllers\Kategori.php(107): CodeIgniter\Model->__call('getBuku', [...])
 2 SYSTEMPATH\CodeIgniter.php(927): App\Controllers\Kategori->edit('8')
 3 SYSTEMPATH\CodeIgniter.php(482): CodeIgniter\CodeIgniter->runController(Object(App\Controllers\Kategori))
 4 SYSTEMPATH\CodeIgniter.php(351): CodeIgniter\CodeIgniter->handleRequest(null, Object(Config\Cache), false)
 5 FCPATH\index.php(67): CodeIgniter\CodeIgniter->run()
 6 SYSTEMPATH\Commands\Server\rewrite.php(46): require_once('FCPATH\\index.php')
CRITICAL - 2023-01-26 04:28:48 --> Undefined variable $id
in APPPATH\Views\kategori\formedit.php on line 16.
 1 APPPATH\Views\kategori\formedit.php(16): CodeIgniter\Debug\Exceptions->errorHandler(2, 'Undefined variable $id', 'APPPATH\\Views\\kategori\\formedit.php', 16)
 2 SYSTEMPATH\View\View.php(213): include('APPPATH\\Views\\kategori\\formedit.php')
 3 SYSTEMPATH\View\View.php(216): CodeIgniter\View\View->CodeIgniter\View\{closure}()
 4 SYSTEMPATH\Common.php(1134): CodeIgniter\View\View->render('kategori/formedit', [], true)
 5 APPPATH\Controllers\Kategori.php(111): view('kategori/formedit', [...])
 6 SYSTEMPATH\CodeIgniter.php(927): App\Controllers\Kategori->edit('8')
 7 SYSTEMPATH\CodeIgniter.php(482): CodeIgniter\CodeIgniter->runController(Object(App\Controllers\Kategori))
 8 SYSTEMPATH\CodeIgniter.php(351): CodeIgniter\CodeIgniter->handleRequest(null, Object(Config\Cache), false)
 9 FCPATH\index.php(67): CodeIgniter\CodeIgniter->run()
10 SYSTEMPATH\Commands\Server\rewrite.php(46): require_once('FCPATH\\index.php')
CRITICAL - 2023-01-26 04:29:06 --> Undefined variable $id
in APPPATH\Views\kategori\formedit.php on line 16.
 1 APPPATH\Views\kategori\formedit.php(16): CodeIgniter\Debug\Exceptions->errorHandler(2, 'Undefined variable $id', 'APPPATH\\Views\\kategori\\formedit.php', 16)
 2 SYSTEMPATH\View\View.php(213): include('APPPATH\\Views\\kategori\\formedit.php')
 3 SYSTEMPATH\View\View.php(216): CodeIgniter\View\View->CodeIgniter\View\{closure}()
 4 SYSTEMPATH\Common.php(1134): CodeIgniter\View\View->render('kategori/formedit', [], true)
 5 APPPATH\Controllers\Kategori.php(111): view('kategori/formedit', [...])
 6 SYSTEMPATH\CodeIgniter.php(927): App\Controllers\Kategori->edit('8')
 7 SYSTEMPATH\CodeIgniter.php(482): CodeIgniter\CodeIgniter->runController(Object(App\Controllers\Kategori))
 8 SYSTEMPATH\CodeIgniter.php(351): CodeIgniter\CodeIgniter->handleRequest(null, Object(Config\Cache), false)
 9 FCPATH\index.php(67): CodeIgniter\CodeIgniter->run()
10 SYSTEMPATH\Commands\Server\rewrite.php(46): require_once('FCPATH\\index.php')
CRITICAL - 2023-01-26 04:32:02 --> Undefined variable $id
in APPPATH\Views\kategori\formedit.php on line 16.
 1 APPPATH\Views\kategori\formedit.php(16): CodeIgniter\Debug\Exceptions->errorHandler(2, 'Undefined variable $id', 'APPPATH\\Views\\kategori\\formedit.php', 16)
 2 SYSTEMPATH\View\View.php(213): include('APPPATH\\Views\\kategori\\formedit.php')
 3 SYSTEMPATH\View\View.php(216): CodeIgniter\View\View->CodeIgniter\View\{closure}()
 4 SYSTEMPATH\Common.php(1134): CodeIgniter\View\View->render('kategori/formedit', [], true)
 5 APPPATH\Controllers\Kategori.php(111): view('kategori/formedit', [...])
 6 SYSTEMPATH\CodeIgniter.php(927): App\Controllers\Kategori->edit('8')
 7 SYSTEMPATH\CodeIgniter.php(482): CodeIgniter\CodeIgniter->runController(Object(App\Controllers\Kategori))
 8 SYSTEMPATH\CodeIgniter.php(351): CodeIgniter\CodeIgniter->handleRequest(null, Object(Config\Cache), false)
 9 FCPATH\index.php(67): CodeIgniter\CodeIgniter->run()
10 SYSTEMPATH\Commands\Server\rewrite.php(46): require_once('FCPATH\\index.php')
CRITICAL - 2023-01-26 04:32:26 --> Undefined variable $id
in APPPATH\Views\kategori\formedit.php on line 16.
 1 APPPATH\Views\kategori\formedit.php(16): CodeIgniter\Debug\Exceptions->errorHandler(2, 'Undefined variable $id', 'APPPATH\\Views\\kategori\\formedit.php', 16)
 2 SYSTEMPATH\View\View.php(213): include('APPPATH\\Views\\kategori\\formedit.php')
 3 SYSTEMPATH\View\View.php(216): CodeIgniter\View\View->CodeIgniter\View\{closure}()
 4 SYSTEMPATH\Common.php(1134): CodeIgniter\View\View->render('kategori/formedit', [], true)
 5 APPPATH\Controllers\Kategori.php(111): view('kategori/formedit', [...])
 6 SYSTEMPATH\CodeIgniter.php(927): App\Controllers\Kategori->edit('8')
 7 SYSTEMPATH\CodeIgniter.php(482): CodeIgniter\CodeIgniter->runController(Object(App\Controllers\Kategori))
 8 SYSTEMPATH\CodeIgniter.php(351): CodeIgniter\CodeIgniter->handleRequest(null, Object(Config\Cache), false)
 9 FCPATH\index.php(67): CodeIgniter\CodeIgniter->run()
10 SYSTEMPATH\Commands\Server\rewrite.php(46): require_once('FCPATH\\index.php')
CRITICAL - 2023-01-26 04:34:58 --> Trying to access array offset on value of type null
in APPPATH\Views\kategori\formedit.php on line 8.
 1 APPPATH\Views\kategori\formedit.php(8): CodeIgniter\Debug\Exceptions->errorHandler(2, 'Trying to access array offset on value of type null', 'APPPATH\\Views\\kategori\\formedit.php', 8)
 2 SYSTEMPATH\View\View.php(213): include('APPPATH\\Views\\kategori\\formedit.php')
 3 SYSTEMPATH\View\View.php(216): CodeIgniter\View\View->CodeIgniter\View\{closure}()
 4 SYSTEMPATH\Common.php(1134): CodeIgniter\View\View->render('kategori/formedit', [], true)
 5 APPPATH\Controllers\Kategori.php(111): view('kategori/formedit', [...])
 6 SYSTEMPATH\CodeIgniter.php(927): App\Controllers\Kategori->edit('2')
 7 SYSTEMPATH\CodeIgniter.php(482): CodeIgniter\CodeIgniter->runController(Object(App\Controllers\Kategori))
 8 SYSTEMPATH\CodeIgniter.php(351): CodeIgniter\CodeIgniter->handleRequest(null, Object(Config\Cache), false)
 9 FCPATH\index.php(67): CodeIgniter\CodeIgniter->run()
10 SYSTEMPATH\Commands\Server\rewrite.php(46): require_once('FCPATH\\index.php')
CRITICAL - 2023-01-26 04:35:36 --> Undefined variable $row
in APPPATH\Views\kategori\formedit.php on line 8.
 1 APPPATH\Views\kategori\formedit.php(8): CodeIgniter\Debug\Exceptions->errorHandler(2, 'Undefined variable $row', 'APPPATH\\Views\\kategori\\formedit.php', 8)
 2 SYSTEMPATH\View\View.php(213): include('APPPATH\\Views\\kategori\\formedit.php')
 3 SYSTEMPATH\View\View.php(216): CodeIgniter\View\View->CodeIgniter\View\{closure}()
 4 SYSTEMPATH\Common.php(1134): CodeIgniter\View\View->render('kategori/formedit', [], true)
 5 APPPATH\Controllers\Kategori.php(111): view('kategori/formedit', [...])
 6 SYSTEMPATH\CodeIgniter.php(927): App\Controllers\Kategori->edit('2')
 7 SYSTEMPATH\CodeIgniter.php(482): CodeIgniter\CodeIgniter->runController(Object(App\Controllers\Kategori))
 8 SYSTEMPATH\CodeIgniter.php(351): CodeIgniter\CodeIgniter->handleRequest(null, Object(Config\Cache), false)
 9 FCPATH\index.php(67): CodeIgniter\CodeIgniter->run()
10 SYSTEMPATH\Commands\Server\rewrite.php(46): require_once('FCPATH\\index.php')
CRITICAL - 2023-01-26 04:39:09 --> Trying to access array offset on value of type null
in APPPATH\Views\kategori\formedit.php on line 15.
 1 APPPATH\Views\kategori\formedit.php(15): CodeIgniter\Debug\Exceptions->errorHandler(2, 'Trying to access array offset on value of type null', 'APPPATH\\Views\\kategori\\formedit.php', 15)
 2 SYSTEMPATH\View\View.php(213): include('APPPATH\\Views\\kategori\\formedit.php')
 3 SYSTEMPATH\View\View.php(216): CodeIgniter\View\View->CodeIgniter\View\{closure}()
 4 SYSTEMPATH\Common.php(1134): CodeIgniter\View\View->render('kategori/formedit', [], true)
 5 APPPATH\Controllers\Kategori.php(111): view('kategori/formedit', [...])
 6 SYSTEMPATH\CodeIgniter.php(927): App\Controllers\Kategori->edit('2')
 7 SYSTEMPATH\CodeIgniter.php(482): CodeIgniter\CodeIgniter->runController(Object(App\Controllers\Kategori))
 8 SYSTEMPATH\CodeIgniter.php(351): CodeIgniter\CodeIgniter->handleRequest(null, Object(Config\Cache), false)
 9 FCPATH\index.php(67): CodeIgniter\CodeIgniter->run()
10 SYSTEMPATH\Commands\Server\rewrite.php(46): require_once('FCPATH\\index.php')
CRITICAL - 2023-01-26 04:40:36 --> Trying to access array offset on value of type null
in APPPATH\Views\kategori\formedit.php on line 15.
 1 APPPATH\Views\kategori\formedit.php(15): CodeIgniter\Debug\Exceptions->errorHandler(2, 'Trying to access array offset on value of type null', 'APPPATH\\Views\\kategori\\formedit.php', 15)
 2 SYSTEMPATH\View\View.php(213): include('APPPATH\\Views\\kategori\\formedit.php')
 3 SYSTEMPATH\View\View.php(216): CodeIgniter\View\View->CodeIgniter\View\{closure}()
 4 SYSTEMPATH\Common.php(1134): CodeIgniter\View\View->render('kategori/formedit', [], true)
 5 APPPATH\Controllers\Kategori.php(111): view('kategori/formedit', [...])
 6 SYSTEMPATH\CodeIgniter.php(927): App\Controllers\Kategori->edit('2')
 7 SYSTEMPATH\CodeIgniter.php(482): CodeIgniter\CodeIgniter->runController(Object(App\Controllers\Kategori))
 8 SYSTEMPATH\CodeIgniter.php(351): CodeIgniter\CodeIgniter->handleRequest(null, Object(Config\Cache), false)
 9 FCPATH\index.php(67): CodeIgniter\CodeIgniter->run()
10 SYSTEMPATH\Commands\Server\rewrite.php(46): require_once('FCPATH\\index.php')
CRITICAL - 2023-01-26 04:41:29 --> Trying to access array offset on value of type null
in APPPATH\Views\kategori\formedit.php on line 2.
 1 APPPATH\Views\kategori\formedit.php(2): CodeIgniter\Debug\Exceptions->errorHandler(2, 'Trying to access array offset on value of type null', 'APPPATH\\Views\\kategori\\formedit.php', 2)
 2 SYSTEMPATH\View\View.php(213): include('APPPATH\\Views\\kategori\\formedit.php')
 3 SYSTEMPATH\View\View.php(216): CodeIgniter\View\View->CodeIgniter\View\{closure}()
 4 SYSTEMPATH\Common.php(1134): CodeIgniter\View\View->render('kategori/formedit', [], true)
 5 APPPATH\Controllers\Kategori.php(111): view('kategori/formedit', [...])
 6 SYSTEMPATH\CodeIgniter.php(927): App\Controllers\Kategori->edit('2')
 7 SYSTEMPATH\CodeIgniter.php(482): CodeIgniter\CodeIgniter->runController(Object(App\Controllers\Kategori))
 8 SYSTEMPATH\CodeIgniter.php(351): CodeIgniter\CodeIgniter->handleRequest(null, Object(Config\Cache), false)
 9 FCPATH\index.php(67): CodeIgniter\CodeIgniter->run()
10 SYSTEMPATH\Commands\Server\rewrite.php(46): require_once('FCPATH\\index.php')
ERROR - 2023-01-26 04:50:56 --> mysqli_sql_exception: Column 'stok_mobil' cannot be null in C:\Users\10\Desktop\lth\CI-Arsal\system\Database\MySQLi\Connection.php:292
Stack trace:
#0 C:\Users\10\Desktop\lth\CI-Arsal\system\Database\MySQLi\Connection.php(292): mysqli->query('INSERT INTO `mo...', 0)
#1 C:\Users\10\Desktop\lth\CI-Arsal\system\Database\BaseConnection.php(666): CodeIgniter\Database\MySQLi\Connection->execute('INSERT INTO `mo...')
#2 C:\Users\10\Desktop\lth\CI-Arsal\system\Database\BaseConnection.php(593): CodeIgniter\Database\BaseConnection->simpleQuery('INSERT INTO `mo...')
#3 C:\Users\10\Desktop\lth\CI-Arsal\system\Database\BaseBuilder.php(1916): CodeIgniter\Database\BaseConnection->query('INSERT INTO `mo...', Array, false)
#4 C:\Users\10\Desktop\lth\CI-Arsal\system\Model.php(279): CodeIgniter\Database\BaseBuilder->insert()
#5 C:\Users\10\Desktop\lth\CI-Arsal\system\BaseModel.php(749): CodeIgniter\Model->doInsert(Array)
#6 C:\Users\10\Desktop\lth\CI-Arsal\system\Model.php(667): CodeIgniter\BaseModel->insert(Array, false)
#7 C:\Users\10\Desktop\lth\CI-Arsal\system\BaseModel.php(659): CodeIgniter\Model->insert(Array, false)
#8 C:\Users\10\Desktop\lth\CI-Arsal\app\Controllers\Kategori.php(57): CodeIgniter\BaseModel->save(Array)
#9 C:\Users\10\Desktop\lth\CI-Arsal\system\CodeIgniter.php(927): App\Controllers\Kategori->simpan()
#10 C:\Users\10\Desktop\lth\CI-Arsal\system\CodeIgniter.php(482): CodeIgniter\CodeIgniter->runController(Object(App\Controllers\Kategori))
#11 C:\Users\10\Desktop\lth\CI-Arsal\system\CodeIgniter.php(351): CodeIgniter\CodeIgniter->handleRequest(NULL, Object(Config\Cache), false)
#12 C:\Users\10\Desktop\lth\CI-Arsal\public\index.php(67): CodeIgniter\CodeIgniter->run()
#13 C:\Users\10\Desktop\lth\CI-Arsal\system\Commands\Server\rewrite.php(46): require_once('C:\\Users\\10\\Des...')
#14 {main}
CRITICAL - 2023-01-26 04:50:56 --> Column 'stok_mobil' cannot be null
in SYSTEMPATH\Database\MySQLi\Connection.php on line 292.
 1 SYSTEMPATH\Database\MySQLi\Connection.php(292): mysqli->query('INSERT INTO `mobil0143` (`jenis_mobil`, `stok_mobil`, `harga_sewa`) VALUES (\'Suzuki\', NULL, \'500\')', 0)
 2 SYSTEMPATH\Database\BaseConnection.php(666): CodeIgniter\Database\MySQLi\Connection->execute('INSERT INTO `mobil0143` (`jenis_mobil`, `stok_mobil`, `harga_sewa`) VALUES (\'Suzuki\', NULL, \'500\')')
 3 SYSTEMPATH\Database\BaseConnection.php(593): CodeIgniter\Database\BaseConnection->simpleQuery('INSERT INTO `mobil0143` (`jenis_mobil`, `stok_mobil`, `harga_sewa`) VALUES (\'Suzuki\', NULL, \'500\')')
 4 SYSTEMPATH\Database\BaseBuilder.php(1916): CodeIgniter\Database\BaseConnection->query('INSERT INTO `mobil0143` (`jenis_mobil`, `stok_mobil`, `harga_sewa`) VALUES (:jenis_mobil:, :stok_mobil:, :harga_sewa:)', [...], false)
 5 SYSTEMPATH\Model.php(279): CodeIgniter\Database\BaseBuilder->insert()
 6 SYSTEMPATH\BaseModel.php(749): CodeIgniter\Model->doInsert([...])
 7 SYSTEMPATH\Model.php(667): CodeIgniter\BaseModel->insert([...], false)
 8 SYSTEMPATH\BaseModel.php(659): CodeIgniter\Model->insert([...], false)
 9 APPPATH\Controllers\Kategori.php(57): CodeIgniter\BaseModel->save([...])
10 SYSTEMPATH\CodeIgniter.php(927): App\Controllers\Kategori->simpan()
11 SYSTEMPATH\CodeIgniter.php(482): CodeIgniter\CodeIgniter->runController(Object(App\Controllers\Kategori))
12 SYSTEMPATH\CodeIgniter.php(351): CodeIgniter\CodeIgniter->handleRequest(null, Object(Config\Cache), false)
13 FCPATH\index.php(67): CodeIgniter\CodeIgniter->run()
14 SYSTEMPATH\Commands\Server\rewrite.php(46): require_once('FCPATH\\index.php')
CRITICAL - 2023-01-26 05:29:09 --> Undefined variable $row
in APPPATH\Views\kategori\formedit.php on line 2.
 1 APPPATH\Views\kategori\formedit.php(2): CodeIgniter\Debug\Exceptions->errorHandler(2, 'Undefined variable $row', 'APPPATH\\Views\\kategori\\formedit.php', 2)
 2 SYSTEMPATH\View\View.php(213): include('APPPATH\\Views\\kategori\\formedit.php')
 3 SYSTEMPATH\View\View.php(216): CodeIgniter\View\View->CodeIgniter\View\{closure}()
 4 SYSTEMPATH\Common.php(1134): CodeIgniter\View\View->render('kategori/formedit', [], true)
 5 APPPATH\Controllers\Kategori.php(111): view('kategori/formedit', [...])
 6 SYSTEMPATH\CodeIgniter.php(927): App\Controllers\Kategori->edit('2')
 7 SYSTEMPATH\CodeIgniter.php(482): CodeIgniter\CodeIgniter->runController(Object(App\Controllers\Kategori))
 8 SYSTEMPATH\CodeIgniter.php(351): CodeIgniter\CodeIgniter->handleRequest(null, Object(Config\Cache), false)
 9 FCPATH\index.php(67): CodeIgniter\CodeIgniter->run()
10 SYSTEMPATH\Commands\Server\rewrite.php(46): require_once('FCPATH\\index.php')
CRITICAL - 2023-01-26 05:29:25 --> Trying to access array offset on value of type null
in APPPATH\Views\kategori\formedit.php on line 2.
 1 APPPATH\Views\kategori\formedit.php(2): CodeIgniter\Debug\Exceptions->errorHandler(2, 'Trying to access array offset on value of type null', 'APPPATH\\Views\\kategori\\formedit.php', 2)
 2 SYSTEMPATH\View\View.php(213): include('APPPATH\\Views\\kategori\\formedit.php')
 3 SYSTEMPATH\View\View.php(216): CodeIgniter\View\View->CodeIgniter\View\{closure}()
 4 SYSTEMPATH\Common.php(1134): CodeIgniter\View\View->render('kategori/formedit', [], true)
 5 APPPATH\Controllers\Kategori.php(111): view('kategori/formedit', [...])
 6 SYSTEMPATH\CodeIgniter.php(927): App\Controllers\Kategori->edit('2')
 7 SYSTEMPATH\CodeIgniter.php(482): CodeIgniter\CodeIgniter->runController(Object(App\Controllers\Kategori))
 8 SYSTEMPATH\CodeIgniter.php(351): CodeIgniter\CodeIgniter->handleRequest(null, Object(Config\Cache), false)
 9 FCPATH\index.php(67): CodeIgniter\CodeIgniter->run()
10 SYSTEMPATH\Commands\Server\rewrite.php(46): require_once('FCPATH\\index.php')
CRITICAL - 2023-01-26 05:29:49 --> Trying to access array offset on value of type null
in APPPATH\Views\kategori\formedit.php on line 2.
 1 APPPATH\Views\kategori\formedit.php(2): CodeIgniter\Debug\Exceptions->errorHandler(2, 'Trying to access array offset on value of type null', 'APPPATH\\Views\\kategori\\formedit.php', 2)
 2 SYSTEMPATH\View\View.php(213): include('APPPATH\\Views\\kategori\\formedit.php')
 3 SYSTEMPATH\View\View.php(216): CodeIgniter\View\View->CodeIgniter\View\{closure}()
 4 SYSTEMPATH\Common.php(1134): CodeIgniter\View\View->render('kategori/formedit', [], true)
 5 APPPATH\Controllers\Kategori.php(111): view('kategori/formedit', [...])
 6 SYSTEMPATH\CodeIgniter.php(927): App\Controllers\Kategori->edit('2')
 7 SYSTEMPATH\CodeIgniter.php(482): CodeIgniter\CodeIgniter->runController(Object(App\Controllers\Kategori))
 8 SYSTEMPATH\CodeIgniter.php(351): CodeIgniter\CodeIgniter->handleRequest(null, Object(Config\Cache), false)
 9 FCPATH\index.php(67): CodeIgniter\CodeIgniter->run()
10 SYSTEMPATH\Commands\Server\rewrite.php(46): require_once('FCPATH\\index.php')
CRITICAL - 2023-01-26 05:56:37 --> Trying to access array offset on value of type null
in APPPATH\Views\kategori\formedit.php on line 2.
 1 APPPATH\Views\kategori\formedit.php(2): CodeIgniter\Debug\Exceptions->errorHandler(2, 'Trying to access array offset on value of type null', 'APPPATH\\Views\\kategori\\formedit.php', 2)
 2 SYSTEMPATH\View\View.php(213): include('APPPATH\\Views\\kategori\\formedit.php')
 3 SYSTEMPATH\View\View.php(216): CodeIgniter\View\View->CodeIgniter\View\{closure}()
 4 SYSTEMPATH\Common.php(1134): CodeIgniter\View\View->render('kategori/formedit', [], true)
 5 APPPATH\Controllers\Kategori.php(111): view('kategori/formedit', [...])
 6 SYSTEMPATH\CodeIgniter.php(927): App\Controllers\Kategori->edit('2')
 7 SYSTEMPATH\CodeIgniter.php(482): CodeIgniter\CodeIgniter->runController(Object(App\Controllers\Kategori))
 8 SYSTEMPATH\CodeIgniter.php(351): CodeIgniter\CodeIgniter->handleRequest(null, Object(Config\Cache), false)
 9 FCPATH\index.php(67): CodeIgniter\CodeIgniter->run()
10 SYSTEMPATH\Commands\Server\rewrite.php(46): require_once('FCPATH\\index.php')
CRITICAL - 2023-01-26 06:24:02 --> Undefined variable $kategori
in APPPATH\Views\kategori\formedit.php on line 8.
 1 APPPATH\Views\kategori\formedit.php(8): CodeIgniter\Debug\Exceptions->errorHandler(2, 'Undefined variable $kategori', 'APPPATH\\Views\\kategori\\formedit.php', 8)
 2 SYSTEMPATH\View\View.php(213): include('APPPATH\\Views\\kategori\\formedit.php')
 3 SYSTEMPATH\View\View.php(216): CodeIgniter\View\View->CodeIgniter\View\{closure}()
 4 SYSTEMPATH\Common.php(1134): CodeIgniter\View\View->render('kategori/formedit', [], true)
 5 APPPATH\Controllers\Kategori.php(111): view('kategori/formedit', [...])
 6 SYSTEMPATH\CodeIgniter.php(927): App\Controllers\Kategori->edit('2')
 7 SYSTEMPATH\CodeIgniter.php(482): CodeIgniter\CodeIgniter->runController(Object(App\Controllers\Kategori))
 8 SYSTEMPATH\CodeIgniter.php(351): CodeIgniter\CodeIgniter->handleRequest(null, Object(Config\Cache), false)
 9 FCPATH\index.php(67): CodeIgniter\CodeIgniter->run()
10 SYSTEMPATH\Commands\Server\rewrite.php(46): require_once('FCPATH\\index.php')
CRITICAL - 2023-01-26 06:24:43 --> Trying to access array offset on value of type null
in APPPATH\Views\kategori\formedit.php on line 8.
 1 APPPATH\Views\kategori\formedit.php(8): CodeIgniter\Debug\Exceptions->errorHandler(2, 'Trying to access array offset on value of type null', 'APPPATH\\Views\\kategori\\formedit.php', 8)
 2 SYSTEMPATH\View\View.php(213): include('APPPATH\\Views\\kategori\\formedit.php')
 3 SYSTEMPATH\View\View.php(216): CodeIgniter\View\View->CodeIgniter\View\{closure}()
 4 SYSTEMPATH\Common.php(1134): CodeIgniter\View\View->render('kategori/formedit', [], true)
 5 APPPATH\Controllers\Kategori.php(111): view('kategori/formedit', [...])
 6 SYSTEMPATH\CodeIgniter.php(927): App\Controllers\Kategori->edit('2')
 7 SYSTEMPATH\CodeIgniter.php(482): CodeIgniter\CodeIgniter->runController(Object(App\Controllers\Kategori))
 8 SYSTEMPATH\CodeIgniter.php(351): CodeIgniter\CodeIgniter->handleRequest(null, Object(Config\Cache), false)
 9 FCPATH\index.php(67): CodeIgniter\CodeIgniter->run()
10 SYSTEMPATH\Commands\Server\rewrite.php(46): require_once('FCPATH\\index.php')
CRITICAL - 2023-01-26 06:26:45 --> Trying to access array offset on value of type null
in APPPATH\Views\kategori\formedit.php on line 8.
 1 APPPATH\Views\kategori\formedit.php(8): CodeIgniter\Debug\Exceptions->errorHandler(2, 'Trying to access array offset on value of type null', 'APPPATH\\Views\\kategori\\formedit.php', 8)
 2 SYSTEMPATH\View\View.php(213): include('APPPATH\\Views\\kategori\\formedit.php')
 3 SYSTEMPATH\View\View.php(216): CodeIgniter\View\View->CodeIgniter\View\{closure}()
 4 SYSTEMPATH\Common.php(1134): CodeIgniter\View\View->render('kategori/formedit', [], true)
 5 APPPATH\Controllers\Kategori.php(95): view('kategori/formedit', [...])
 6 SYSTEMPATH\CodeIgniter.php(927): App\Controllers\Kategori->edit('2')
 7 SYSTEMPATH\CodeIgniter.php(482): CodeIgniter\CodeIgniter->runController(Object(App\Controllers\Kategori))
 8 SYSTEMPATH\CodeIgniter.php(351): CodeIgniter\CodeIgniter->handleRequest(null, Object(Config\Cache), false)
 9 FCPATH\index.php(67): CodeIgniter\CodeIgniter->run()
10 SYSTEMPATH\Commands\Server\rewrite.php(46): require_once('FCPATH\\index.php')
CRITICAL - 2023-01-26 06:29:22 --> Trying to access array offset on value of type null
in APPPATH\Views\kategori\formedit.php on line 8.
 1 APPPATH\Views\kategori\formedit.php(8): CodeIgniter\Debug\Exceptions->errorHandler(2, 'Trying to access array offset on value of type null', 'APPPATH\\Views\\kategori\\formedit.php', 8)
 2 SYSTEMPATH\View\View.php(213): include('APPPATH\\Views\\kategori\\formedit.php')
 3 SYSTEMPATH\View\View.php(216): CodeIgniter\View\View->CodeIgniter\View\{closure}()
 4 SYSTEMPATH\Common.php(1134): CodeIgniter\View\View->render('kategori/formedit', [], true)
 5 APPPATH\Controllers\Kategori.php(95): view('kategori/formedit', [...])
 6 SYSTEMPATH\CodeIgniter.php(927): App\Controllers\Kategori->edit('2')
 7 SYSTEMPATH\CodeIgniter.php(482): CodeIgniter\CodeIgniter->runController(Object(App\Controllers\Kategori))
 8 SYSTEMPATH\CodeIgniter.php(351): CodeIgniter\CodeIgniter->handleRequest(null, Object(Config\Cache), false)
 9 FCPATH\index.php(67): CodeIgniter\CodeIgniter->run()
10 SYSTEMPATH\Commands\Server\rewrite.php(46): require_once('FCPATH\\index.php')
CRITICAL - 2023-01-26 06:43:05 --> Trying to access array offset on value of type null
in APPPATH\Views\kategori\formedit.php on line 8.
 1 APPPATH\Views\kategori\formedit.php(8): CodeIgniter\Debug\Exceptions->errorHandler(2, 'Trying to access array offset on value of type null', 'APPPATH\\Views\\kategori\\formedit.php', 8)
 2 SYSTEMPATH\View\View.php(213): include('APPPATH\\Views\\kategori\\formedit.php')
 3 SYSTEMPATH\View\View.php(216): CodeIgniter\View\View->CodeIgniter\View\{closure}()
 4 SYSTEMPATH\Common.php(1134): CodeIgniter\View\View->render('kategori/formedit', [], true)
 5 APPPATH\Controllers\Kategori.php(94): view('kategori/formedit', [...])
 6 SYSTEMPATH\CodeIgniter.php(927): App\Controllers\Kategori->edit('2')
 7 SYSTEMPATH\CodeIgniter.php(482): CodeIgniter\CodeIgniter->runController(Object(App\Controllers\Kategori))
 8 SYSTEMPATH\CodeIgniter.php(351): CodeIgniter\CodeIgniter->handleRequest(null, Object(Config\Cache), false)
 9 FCPATH\index.php(67): CodeIgniter\CodeIgniter->run()
10 SYSTEMPATH\Commands\Server\rewrite.php(46): require_once('FCPATH\\index.php')
CRITICAL - 2023-01-26 07:05:40 --> Trying to access array offset on value of type null
in APPPATH\Views\kategori\formedit.php on line 8.
 1 APPPATH\Views\kategori\formedit.php(8): CodeIgniter\Debug\Exceptions->errorHandler(2, 'Trying to access array offset on value of type null', 'APPPATH\\Views\\kategori\\formedit.php', 8)
 2 SYSTEMPATH\View\View.php(213): include('APPPATH\\Views\\kategori\\formedit.php')
 3 SYSTEMPATH\View\View.php(216): CodeIgniter\View\View->CodeIgniter\View\{closure}()
 4 SYSTEMPATH\Common.php(1134): CodeIgniter\View\View->render('kategori/formedit', [], true)
 5 APPPATH\Controllers\Kategori.php(94): view('kategori/formedit', [...])
 6 SYSTEMPATH\CodeIgniter.php(927): App\Controllers\Kategori->edit('2')
 7 SYSTEMPATH\CodeIgniter.php(482): CodeIgniter\CodeIgniter->runController(Object(App\Controllers\Kategori))
 8 SYSTEMPATH\CodeIgniter.php(351): CodeIgniter\CodeIgniter->handleRequest(null, Object(Config\Cache), false)
 9 FCPATH\index.php(67): CodeIgniter\CodeIgniter->run()
10 SYSTEMPATH\Commands\Server\rewrite.php(46): require_once('FCPATH\\index.php')
CRITICAL - 2023-01-26 07:12:16 --> Trying to access array offset on value of type null
in APPPATH\Views\kategori\formedit.php on line 8.
 1 APPPATH\Views\kategori\formedit.php(8): CodeIgniter\Debug\Exceptions->errorHandler(2, 'Trying to access array offset on value of type null', 'APPPATH\\Views\\kategori\\formedit.php', 8)
 2 SYSTEMPATH\View\View.php(213): include('APPPATH\\Views\\kategori\\formedit.php')
 3 SYSTEMPATH\View\View.php(216): CodeIgniter\View\View->CodeIgniter\View\{closure}()
 4 SYSTEMPATH\Common.php(1134): CodeIgniter\View\View->render('kategori/formedit', [], true)
 5 APPPATH\Controllers\Kategori.php(101): view('kategori/formedit', [...])
 6 SYSTEMPATH\CodeIgniter.php(927): App\Controllers\Kategori->formedit('2')
 7 SYSTEMPATH\CodeIgniter.php(482): CodeIgniter\CodeIgniter->runController(Object(App\Controllers\Kategori))
 8 SYSTEMPATH\CodeIgniter.php(351): CodeIgniter\CodeIgniter->handleRequest(null, Object(Config\Cache), false)
 9 FCPATH\index.php(67): CodeIgniter\CodeIgniter->run()
10 SYSTEMPATH\Commands\Server\rewrite.php(46): require_once('FCPATH\\index.php')
CRITICAL - 2023-01-26 07:15:48 --> Undefined variable $id
in APPPATH\Views\kategori\formedit.php on line 16.
 1 APPPATH\Views\kategori\formedit.php(16): CodeIgniter\Debug\Exceptions->errorHandler(2, 'Undefined variable $id', 'APPPATH\\Views\\kategori\\formedit.php', 16)
 2 SYSTEMPATH\View\View.php(213): include('APPPATH\\Views\\kategori\\formedit.php')
 3 SYSTEMPATH\View\View.php(216): CodeIgniter\View\View->CodeIgniter\View\{closure}()
 4 SYSTEMPATH\Common.php(1134): CodeIgniter\View\View->render('kategori/formedit', [], true)
 5 APPPATH\Controllers\Kategori.php(101): view('kategori/formedit', [...])
 6 SYSTEMPATH\CodeIgniter.php(927): App\Controllers\Kategori->formedit('2')
 7 SYSTEMPATH\CodeIgniter.php(482): CodeIgniter\CodeIgniter->runController(Object(App\Controllers\Kategori))
 8 SYSTEMPATH\CodeIgniter.php(351): CodeIgniter\CodeIgniter->handleRequest(null, Object(Config\Cache), false)
 9 FCPATH\index.php(67): CodeIgniter\CodeIgniter->run()
10 SYSTEMPATH\Commands\Server\rewrite.php(46): require_once('FCPATH\\index.php')
CRITICAL - 2023-01-26 07:17:32 --> Undefined variable $id
in APPPATH\Views\kategori\formedit.php on line 16.
 1 APPPATH\Views\kategori\formedit.php(16): CodeIgniter\Debug\Exceptions->errorHandler(2, 'Undefined variable $id', 'APPPATH\\Views\\kategori\\formedit.php', 16)
 2 SYSTEMPATH\View\View.php(213): include('APPPATH\\Views\\kategori\\formedit.php')
 3 SYSTEMPATH\View\View.php(216): CodeIgniter\View\View->CodeIgniter\View\{closure}()
 4 SYSTEMPATH\Common.php(1134): CodeIgniter\View\View->render('kategori/formedit', [], true)
 5 APPPATH\Controllers\Kategori.php(101): view('kategori/formedit', [...])
 6 SYSTEMPATH\CodeIgniter.php(927): App\Controllers\Kategori->formedit('2')
 7 SYSTEMPATH\CodeIgniter.php(482): CodeIgniter\CodeIgniter->runController(Object(App\Controllers\Kategori))
 8 SYSTEMPATH\CodeIgniter.php(351): CodeIgniter\CodeIgniter->handleRequest(null, Object(Config\Cache), false)
 9 FCPATH\index.php(67): CodeIgniter\CodeIgniter->run()
10 SYSTEMPATH\Commands\Server\rewrite.php(46): require_once('FCPATH\\index.php')
CRITICAL - 2023-01-26 07:19:14 --> Undefined variable $id
in APPPATH\Views\kategori\formedit.php on line 16.
 1 APPPATH\Views\kategori\formedit.php(16): CodeIgniter\Debug\Exceptions->errorHandler(2, 'Undefined variable $id', 'APPPATH\\Views\\kategori\\formedit.php', 16)
 2 SYSTEMPATH\View\View.php(213): include('APPPATH\\Views\\kategori\\formedit.php')
 3 SYSTEMPATH\View\View.php(216): CodeIgniter\View\View->CodeIgniter\View\{closure}()
 4 SYSTEMPATH\Common.php(1134): CodeIgniter\View\View->render('kategori/formedit', [], true)
 5 APPPATH\Controllers\Kategori.php(101): view('kategori/formedit', [...])
 6 SYSTEMPATH\CodeIgniter.php(927): App\Controllers\Kategori->formedit('2')
 7 SYSTEMPATH\CodeIgniter.php(482): CodeIgniter\CodeIgniter->runController(Object(App\Controllers\Kategori))
 8 SYSTEMPATH\CodeIgniter.php(351): CodeIgniter\CodeIgniter->handleRequest(null, Object(Config\Cache), false)
 9 FCPATH\index.php(67): CodeIgniter\CodeIgniter->run()
10 SYSTEMPATH\Commands\Server\rewrite.php(46): require_once('FCPATH\\index.php')
CRITICAL - 2023-01-26 07:31:12 --> Undefined variable $nama
in APPPATH\Views\kategori\formedit.php on line 19.
 1 APPPATH\Views\kategori\formedit.php(19): CodeIgniter\Debug\Exceptions->errorHandler(2, 'Undefined variable $nama', 'APPPATH\\Views\\kategori\\formedit.php', 19)
 2 SYSTEMPATH\View\View.php(213): include('APPPATH\\Views\\kategori\\formedit.php')
 3 SYSTEMPATH\View\View.php(216): CodeIgniter\View\View->CodeIgniter\View\{closure}()
 4 SYSTEMPATH\Common.php(1134): CodeIgniter\View\View->render('kategori/formedit', [], true)
 5 APPPATH\Controllers\Kategori.php(101): view('kategori/formedit', [...])
 6 SYSTEMPATH\CodeIgniter.php(927): App\Controllers\Kategori->formedit('2')
 7 SYSTEMPATH\CodeIgniter.php(482): CodeIgniter\CodeIgniter->runController(Object(App\Controllers\Kategori))
 8 SYSTEMPATH\CodeIgniter.php(351): CodeIgniter\CodeIgniter->handleRequest(null, Object(Config\Cache), false)
 9 FCPATH\index.php(67): CodeIgniter\CodeIgniter->run()
10 SYSTEMPATH\Commands\Server\rewrite.php(46): require_once('FCPATH\\index.php')
CRITICAL - 2023-01-26 07:31:40 --> Undefined variable $id
in APPPATH\Views\kategori\formedit.php on line 16.
 1 APPPATH\Views\kategori\formedit.php(16): CodeIgniter\Debug\Exceptions->errorHandler(2, 'Undefined variable $id', 'APPPATH\\Views\\kategori\\formedit.php', 16)
 2 SYSTEMPATH\View\View.php(213): include('APPPATH\\Views\\kategori\\formedit.php')
 3 SYSTEMPATH\View\View.php(216): CodeIgniter\View\View->CodeIgniter\View\{closure}()
 4 SYSTEMPATH\Common.php(1134): CodeIgniter\View\View->render('kategori/formedit', [], true)
 5 APPPATH\Controllers\Kategori.php(101): view('kategori/formedit', [...])
 6 SYSTEMPATH\CodeIgniter.php(927): App\Controllers\Kategori->formedit('2')
 7 SYSTEMPATH\CodeIgniter.php(482): CodeIgniter\CodeIgniter->runController(Object(App\Controllers\Kategori))
 8 SYSTEMPATH\CodeIgniter.php(351): CodeIgniter\CodeIgniter->handleRequest(null, Object(Config\Cache), false)
 9 FCPATH\index.php(67): CodeIgniter\CodeIgniter->run()
10 SYSTEMPATH\Commands\Server\rewrite.php(46): require_once('FCPATH\\index.php')
CRITICAL - 2023-01-26 07:31:48 --> form_input(): Argument #2 ($value) must be of type string, null given, called in C:\Users\10\Desktop\lth\CI-Arsal\app\Views\kategori\formedit.php on line 20
in SYSTEMPATH\Helpers\form_helper.php on line 143.
 1 APPPATH\Views\kategori\formedit.php(20): form_input('namasatuan', null, [...])
 2 SYSTEMPATH\View\View.php(213): include('APPPATH\\Views\\kategori\\formedit.php')
 3 SYSTEMPATH\View\View.php(216): CodeIgniter\View\View->CodeIgniter\View\{closure}()
 4 SYSTEMPATH\Common.php(1134): CodeIgniter\View\View->render('kategori/formedit', [], true)
 5 APPPATH\Controllers\Kategori.php(101): view('kategori/formedit', [...])
 6 SYSTEMPATH\CodeIgniter.php(927): App\Controllers\Kategori->formedit('2')
 7 SYSTEMPATH\CodeIgniter.php(482): CodeIgniter\CodeIgniter->runController(Object(App\Controllers\Kategori))
 8 SYSTEMPATH\CodeIgniter.php(351): CodeIgniter\CodeIgniter->handleRequest(null, Object(Config\Cache), false)
 9 FCPATH\index.php(67): CodeIgniter\CodeIgniter->run()
10 SYSTEMPATH\Commands\Server\rewrite.php(46): require_once('FCPATH\\index.php')
CRITICAL - 2023-01-26 07:33:39 --> Undefined variable $id
in APPPATH\Views\kategori\formedit.php on line 16.
 1 APPPATH\Views\kategori\formedit.php(16): CodeIgniter\Debug\Exceptions->errorHandler(2, 'Undefined variable $id', 'APPPATH\\Views\\kategori\\formedit.php', 16)
 2 SYSTEMPATH\View\View.php(213): include('APPPATH\\Views\\kategori\\formedit.php')
 3 SYSTEMPATH\View\View.php(216): CodeIgniter\View\View->CodeIgniter\View\{closure}()
 4 SYSTEMPATH\Common.php(1134): CodeIgniter\View\View->render('kategori/formedit', [], true)
 5 APPPATH\Controllers\Kategori.php(101): view('kategori/formedit', [...])
 6 SYSTEMPATH\CodeIgniter.php(927): App\Controllers\Kategori->formedit('4')
 7 SYSTEMPATH\CodeIgniter.php(482): CodeIgniter\CodeIgniter->runController(Object(App\Controllers\Kategori))
 8 SYSTEMPATH\CodeIgniter.php(351): CodeIgniter\CodeIgniter->handleRequest(null, Object(Config\Cache), false)
 9 FCPATH\index.php(67): CodeIgniter\CodeIgniter->run()
10 SYSTEMPATH\Commands\Server\rewrite.php(46): require_once('FCPATH\\index.php')
CRITICAL - 2023-01-26 07:36:27 --> Undefined array key "jenis_mobil"
in APPPATH\Views\kategori\viewkategori.php on line 42.
 1 APPPATH\Views\kategori\viewkategori.php(42): CodeIgniter\Debug\Exceptions->errorHandler(2, 'Undefined array key "jenis_mobil"', 'APPPATH\\Views\\kategori\\viewkategori.php', 42)
 2 SYSTEMPATH\View\View.php(213): include('APPPATH\\Views\\kategori\\viewkategori.php')
 3 SYSTEMPATH\View\View.php(216): CodeIgniter\View\View->CodeIgniter\View\{closure}()
 4 SYSTEMPATH\Common.php(1134): CodeIgniter\View\View->render('kategori/viewkategori', [], true)
 5 APPPATH\Controllers\Kategori.php(39): view('kategori/viewkategori', [...])
 6 SYSTEMPATH\CodeIgniter.php(927): App\Controllers\Kategori->index()
 7 SYSTEMPATH\CodeIgniter.php(482): CodeIgniter\CodeIgniter->runController(Object(App\Controllers\Kategori))
 8 SYSTEMPATH\CodeIgniter.php(351): CodeIgniter\CodeIgniter->handleRequest(null, Object(Config\Cache), false)
 9 FCPATH\index.php(67): CodeIgniter\CodeIgniter->run()
10 SYSTEMPATH\Commands\Server\rewrite.php(46): require_once('FCPATH\\index.php')
ERROR - 2023-01-26 07:39:19 --> mysqli_sql_exception: Unknown column 'slug' in 'where clause' in C:\Users\10\Desktop\lth\CI-Arsal\system\Database\MySQLi\Connection.php:292
Stack trace:
#0 C:\Users\10\Desktop\lth\CI-Arsal\system\Database\MySQLi\Connection.php(292): mysqli->query('SELECT *\nFROM `...', 0)
#1 C:\Users\10\Desktop\lth\CI-Arsal\system\Database\BaseConnection.php(666): CodeIgniter\Database\MySQLi\Connection->execute('SELECT *\nFROM `...')
#2 C:\Users\10\Desktop\lth\CI-Arsal\system\Database\BaseConnection.php(593): CodeIgniter\Database\BaseConnection->simpleQuery('SELECT *\nFROM `...')
#3 C:\Users\10\Desktop\lth\CI-Arsal\system\Database\BaseBuilder.php(1585): CodeIgniter\Database\BaseConnection->query('SELECT *\nFROM `...', Array, false)
#4 C:\Users\10\Desktop\lth\CI-Arsal\system\Model.php(250): CodeIgniter\Database\BaseBuilder->get()
#5 C:\Users\10\Desktop\lth\CI-Arsal\system\BaseModel.php(623): CodeIgniter\Model->doFirst()
#6 C:\Users\10\Desktop\lth\CI-Arsal\app\Models\Modelkategori.php(26): CodeIgniter\BaseModel->first()
#7 C:\Users\10\Desktop\lth\CI-Arsal\app\Controllers\Kategori.php(97): App\Models\Modelkategori->getBuku('20')
#8 C:\Users\10\Desktop\lth\CI-Arsal\system\CodeIgniter.php(927): App\Controllers\Kategori->formedit('20')
#9 C:\Users\10\Desktop\lth\CI-Arsal\system\CodeIgniter.php(482): CodeIgniter\CodeIgniter->runController(Object(App\Controllers\Kategori))
#10 C:\Users\10\Desktop\lth\CI-Arsal\system\CodeIgniter.php(351): CodeIgniter\CodeIgniter->handleRequest(NULL, Object(Config\Cache), false)
#11 C:\Users\10\Desktop\lth\CI-Arsal\public\index.php(67): CodeIgniter\CodeIgniter->run()
#12 C:\Users\10\Desktop\lth\CI-Arsal\system\Commands\Server\rewrite.php(46): require_once('C:\\Users\\10\\Des...')
#13 {main}
CRITICAL - 2023-01-26 07:39:19 --> Unknown column 'slug' in 'where clause'
in SYSTEMPATH\Database\MySQLi\Connection.php on line 292.
 1 SYSTEMPATH\Database\MySQLi\Connection.php(292): mysqli->query('SELECT *
FROM `buku`
WHERE `slug` = \'20\'
 LIMIT 1', 0)
 2 SYSTEMPATH\Database\BaseConnection.php(666): CodeIgniter\Database\MySQLi\Connection->execute('SELECT *
FROM `buku`
WHERE `slug` = \'20\'
 LIMIT 1')
 3 SYSTEMPATH\Database\BaseConnection.php(593): CodeIgniter\Database\BaseConnection->simpleQuery('SELECT *
FROM `buku`
WHERE `slug` = \'20\'
 LIMIT 1')
 4 SYSTEMPATH\Database\BaseBuilder.php(1585): CodeIgniter\Database\BaseConnection->query('SELECT *
FROM `buku`
WHERE `slug` = :slug:
 LIMIT 1', [...], false)
 5 SYSTEMPATH\Model.php(250): CodeIgniter\Database\BaseBuilder->get()
 6 SYSTEMPATH\BaseModel.php(623): CodeIgniter\Model->doFirst()
 7 APPPATH\Models\Modelkategori.php(26): CodeIgniter\BaseModel->first()
 8 APPPATH\Controllers\Kategori.php(97): App\Models\Modelkategori->getBuku('20')
 9 SYSTEMPATH\CodeIgniter.php(927): App\Controllers\Kategori->formedit('20')
10 SYSTEMPATH\CodeIgniter.php(482): CodeIgniter\CodeIgniter->runController(Object(App\Controllers\Kategori))
11 SYSTEMPATH\CodeIgniter.php(351): CodeIgniter\CodeIgniter->handleRequest(null, Object(Config\Cache), false)
12 FCPATH\index.php(67): CodeIgniter\CodeIgniter->run()
13 SYSTEMPATH\Commands\Server\rewrite.php(46): require_once('FCPATH\\index.php')
ERROR - 2023-01-26 07:41:06 --> mysqli_sql_exception: Unknown column 'slug' in 'where clause' in C:\Users\10\Desktop\lth\CI-Arsal\system\Database\MySQLi\Connection.php:292
Stack trace:
#0 C:\Users\10\Desktop\lth\CI-Arsal\system\Database\MySQLi\Connection.php(292): mysqli->query('SELECT *\nFROM `...', 0)
#1 C:\Users\10\Desktop\lth\CI-Arsal\system\Database\BaseConnection.php(666): CodeIgniter\Database\MySQLi\Connection->execute('SELECT *\nFROM `...')
#2 C:\Users\10\Desktop\lth\CI-Arsal\system\Database\BaseConnection.php(593): CodeIgniter\Database\BaseConnection->simpleQuery('SELECT *\nFROM `...')
#3 C:\Users\10\Desktop\lth\CI-Arsal\system\Database\BaseBuilder.php(1585): CodeIgniter\Database\BaseConnection->query('SELECT *\nFROM `...', Array, false)
#4 C:\Users\10\Desktop\lth\CI-Arsal\system\Model.php(250): CodeIgniter\Database\BaseBuilder->get()
#5 C:\Users\10\Desktop\lth\CI-Arsal\system\BaseModel.php(623): CodeIgniter\Model->doFirst()
#6 C:\Users\10\Desktop\lth\CI-Arsal\app\Models\Modelkategori.php(26): CodeIgniter\BaseModel->first()
#7 C:\Users\10\Desktop\lth\CI-Arsal\app\Controllers\Kategori.php(97): App\Models\Modelkategori->getBuku('17')
#8 C:\Users\10\Desktop\lth\CI-Arsal\system\CodeIgniter.php(927): App\Controllers\Kategori->formedit('17')
#9 C:\Users\10\Desktop\lth\CI-Arsal\system\CodeIgniter.php(482): CodeIgniter\CodeIgniter->runController(Object(App\Controllers\Kategori))
#10 C:\Users\10\Desktop\lth\CI-Arsal\system\CodeIgniter.php(351): CodeIgniter\CodeIgniter->handleRequest(NULL, Object(Config\Cache), false)
#11 C:\Users\10\Desktop\lth\CI-Arsal\public\index.php(67): CodeIgniter\CodeIgniter->run()
#12 C:\Users\10\Desktop\lth\CI-Arsal\system\Commands\Server\rewrite.php(46): require_once('C:\\Users\\10\\Des...')
#13 {main}
CRITICAL - 2023-01-26 07:41:06 --> Unknown column 'slug' in 'where clause'
in SYSTEMPATH\Database\MySQLi\Connection.php on line 292.
 1 SYSTEMPATH\Database\MySQLi\Connection.php(292): mysqli->query('SELECT *
FROM `buku`
WHERE `slug` = \'17\'
 LIMIT 1', 0)
 2 SYSTEMPATH\Database\BaseConnection.php(666): CodeIgniter\Database\MySQLi\Connection->execute('SELECT *
FROM `buku`
WHERE `slug` = \'17\'
 LIMIT 1')
 3 SYSTEMPATH\Database\BaseConnection.php(593): CodeIgniter\Database\BaseConnection->simpleQuery('SELECT *
FROM `buku`
WHERE `slug` = \'17\'
 LIMIT 1')
 4 SYSTEMPATH\Database\BaseBuilder.php(1585): CodeIgniter\Database\BaseConnection->query('SELECT *
FROM `buku`
WHERE `slug` = :slug:
 LIMIT 1', [...], false)
 5 SYSTEMPATH\Model.php(250): CodeIgniter\Database\BaseBuilder->get()
 6 SYSTEMPATH\BaseModel.php(623): CodeIgniter\Model->doFirst()
 7 APPPATH\Models\Modelkategori.php(26): CodeIgniter\BaseModel->first()
 8 APPPATH\Controllers\Kategori.php(97): App\Models\Modelkategori->getBuku('17')
 9 SYSTEMPATH\CodeIgniter.php(927): App\Controllers\Kategori->formedit('17')
10 SYSTEMPATH\CodeIgniter.php(482): CodeIgniter\CodeIgniter->runController(Object(App\Controllers\Kategori))
11 SYSTEMPATH\CodeIgniter.php(351): CodeIgniter\CodeIgniter->handleRequest(null, Object(Config\Cache), false)
12 FCPATH\index.php(67): CodeIgniter\CodeIgniter->run()
13 SYSTEMPATH\Commands\Server\rewrite.php(46): require_once('FCPATH\\index.php')
ERROR - 2023-01-26 07:41:36 --> mysqli_sql_exception: Unknown column 'slug' in 'where clause' in C:\Users\10\Desktop\lth\CI-Arsal\system\Database\MySQLi\Connection.php:292
Stack trace:
#0 C:\Users\10\Desktop\lth\CI-Arsal\system\Database\MySQLi\Connection.php(292): mysqli->query('SELECT *\nFROM `...', 0)
#1 C:\Users\10\Desktop\lth\CI-Arsal\system\Database\BaseConnection.php(666): CodeIgniter\Database\MySQLi\Connection->execute('SELECT *\nFROM `...')
#2 C:\Users\10\Desktop\lth\CI-Arsal\system\Database\BaseConnection.php(593): CodeIgniter\Database\BaseConnection->simpleQuery('SELECT *\nFROM `...')
#3 C:\Users\10\Desktop\lth\CI-Arsal\system\Database\BaseBuilder.php(1585): CodeIgniter\Database\BaseConnection->query('SELECT *\nFROM `...', Array, false)
#4 C:\Users\10\Desktop\lth\CI-Arsal\system\Model.php(250): CodeIgniter\Database\BaseBuilder->get()
#5 C:\Users\10\Desktop\lth\CI-Arsal\system\BaseModel.php(623): CodeIgniter\Model->doFirst()
#6 C:\Users\10\Desktop\lth\CI-Arsal\app\Models\Modelkategori.php(26): CodeIgniter\BaseModel->first()
#7 C:\Users\10\Desktop\lth\CI-Arsal\app\Controllers\Kategori.php(97): App\Models\Modelkategori->getBuku('17')
#8 C:\Users\10\Desktop\lth\CI-Arsal\system\CodeIgniter.php(927): App\Controllers\Kategori->formedit('17')
#9 C:\Users\10\Desktop\lth\CI-Arsal\system\CodeIgniter.php(482): CodeIgniter\CodeIgniter->runController(Object(App\Controllers\Kategori))
#10 C:\Users\10\Desktop\lth\CI-Arsal\system\CodeIgniter.php(351): CodeIgniter\CodeIgniter->handleRequest(NULL, Object(Config\Cache), false)
#11 C:\Users\10\Desktop\lth\CI-Arsal\public\index.php(67): CodeIgniter\CodeIgniter->run()
#12 C:\Users\10\Desktop\lth\CI-Arsal\system\Commands\Server\rewrite.php(46): require_once('C:\\Users\\10\\Des...')
#13 {main}
CRITICAL - 2023-01-26 07:41:36 --> Unknown column 'slug' in 'where clause'
in SYSTEMPATH\Database\MySQLi\Connection.php on line 292.
 1 SYSTEMPATH\Database\MySQLi\Connection.php(292): mysqli->query('SELECT *
FROM `buku`
WHERE `slug` = \'17\'
 LIMIT 1', 0)
 2 SYSTEMPATH\Database\BaseConnection.php(666): CodeIgniter\Database\MySQLi\Connection->execute('SELECT *
FROM `buku`
WHERE `slug` = \'17\'
 LIMIT 1')
 3 SYSTEMPATH\Database\BaseConnection.php(593): CodeIgniter\Database\BaseConnection->simpleQuery('SELECT *
FROM `buku`
WHERE `slug` = \'17\'
 LIMIT 1')
 4 SYSTEMPATH\Database\BaseBuilder.php(1585): CodeIgniter\Database\BaseConnection->query('SELECT *
FROM `buku`
WHERE `slug` = :slug:
 LIMIT 1', [...], false)
 5 SYSTEMPATH\Model.php(250): CodeIgniter\Database\BaseBuilder->get()
 6 SYSTEMPATH\BaseModel.php(623): CodeIgniter\Model->doFirst()
 7 APPPATH\Models\Modelkategori.php(26): CodeIgniter\BaseModel->first()
 8 APPPATH\Controllers\Kategori.php(97): App\Models\Modelkategori->getBuku('17')
 9 SYSTEMPATH\CodeIgniter.php(927): App\Controllers\Kategori->formedit('17')
10 SYSTEMPATH\CodeIgniter.php(482): CodeIgniter\CodeIgniter->runController(Object(App\Controllers\Kategori))
11 SYSTEMPATH\CodeIgniter.php(351): CodeIgniter\CodeIgniter->handleRequest(null, Object(Config\Cache), false)
12 FCPATH\index.php(67): CodeIgniter\CodeIgniter->run()
13 SYSTEMPATH\Commands\Server\rewrite.php(46): require_once('FCPATH\\index.php')
ERROR - 2023-01-26 07:42:16 --> mysqli_sql_exception: Unknown column 'slug' in 'where clause' in C:\Users\10\Desktop\lth\CI-Arsal\system\Database\MySQLi\Connection.php:292
Stack trace:
#0 C:\Users\10\Desktop\lth\CI-Arsal\system\Database\MySQLi\Connection.php(292): mysqli->query('SELECT *\nFROM `...', 0)
#1 C:\Users\10\Desktop\lth\CI-Arsal\system\Database\BaseConnection.php(666): CodeIgniter\Database\MySQLi\Connection->execute('SELECT *\nFROM `...')
#2 C:\Users\10\Desktop\lth\CI-Arsal\system\Database\BaseConnection.php(593): CodeIgniter\Database\BaseConnection->simpleQuery('SELECT *\nFROM `...')
#3 C:\Users\10\Desktop\lth\CI-Arsal\system\Database\BaseBuilder.php(1585): CodeIgniter\Database\BaseConnection->query('SELECT *\nFROM `...', Array, false)
#4 C:\Users\10\Desktop\lth\CI-Arsal\system\Model.php(250): CodeIgniter\Database\BaseBuilder->get()
#5 C:\Users\10\Desktop\lth\CI-Arsal\system\BaseModel.php(623): CodeIgniter\Model->doFirst()
#6 C:\Users\10\Desktop\lth\CI-Arsal\app\Models\Modelkategori.php(26): CodeIgniter\BaseModel->first()
#7 C:\Users\10\Desktop\lth\CI-Arsal\app\Controllers\Kategori.php(97): App\Models\Modelkategori->getBuku('17')
#8 C:\Users\10\Desktop\lth\CI-Arsal\system\CodeIgniter.php(927): App\Controllers\Kategori->formedit('17')
#9 C:\Users\10\Desktop\lth\CI-Arsal\system\CodeIgniter.php(482): CodeIgniter\CodeIgniter->runController(Object(App\Controllers\Kategori))
#10 C:\Users\10\Desktop\lth\CI-Arsal\system\CodeIgniter.php(351): CodeIgniter\CodeIgniter->handleRequest(NULL, Object(Config\Cache), false)
#11 C:\Users\10\Desktop\lth\CI-Arsal\public\index.php(67): CodeIgniter\CodeIgniter->run()
#12 C:\Users\10\Desktop\lth\CI-Arsal\system\Commands\Server\rewrite.php(46): require_once('C:\\Users\\10\\Des...')
#13 {main}
CRITICAL - 2023-01-26 07:42:16 --> Unknown column 'slug' in 'where clause'
in SYSTEMPATH\Database\MySQLi\Connection.php on line 292.
 1 SYSTEMPATH\Database\MySQLi\Connection.php(292): mysqli->query('SELECT *
FROM `buku`
WHERE `slug` = \'17\'
 LIMIT 1', 0)
 2 SYSTEMPATH\Database\BaseConnection.php(666): CodeIgniter\Database\MySQLi\Connection->execute('SELECT *
FROM `buku`
WHERE `slug` = \'17\'
 LIMIT 1')
 3 SYSTEMPATH\Database\BaseConnection.php(593): CodeIgniter\Database\BaseConnection->simpleQuery('SELECT *
FROM `buku`
WHERE `slug` = \'17\'
 LIMIT 1')
 4 SYSTEMPATH\Database\BaseBuilder.php(1585): CodeIgniter\Database\BaseConnection->query('SELECT *
FROM `buku`
WHERE `slug` = :slug:
 LIMIT 1', [...], false)
 5 SYSTEMPATH\Model.php(250): CodeIgniter\Database\BaseBuilder->get()
 6 SYSTEMPATH\BaseModel.php(623): CodeIgniter\Model->doFirst()
 7 APPPATH\Models\Modelkategori.php(26): CodeIgniter\BaseModel->first()
 8 APPPATH\Controllers\Kategori.php(97): App\Models\Modelkategori->getBuku('17')
 9 SYSTEMPATH\CodeIgniter.php(927): App\Controllers\Kategori->formedit('17')
10 SYSTEMPATH\CodeIgniter.php(482): CodeIgniter\CodeIgniter->runController(Object(App\Controllers\Kategori))
11 SYSTEMPATH\CodeIgniter.php(351): CodeIgniter\CodeIgniter->handleRequest(null, Object(Config\Cache), false)
12 FCPATH\index.php(67): CodeIgniter\CodeIgniter->run()
13 SYSTEMPATH\Commands\Server\rewrite.php(46): require_once('FCPATH\\index.php')
ERROR - 2023-01-26 07:43:20 --> mysqli_sql_exception: Unknown column 'slug' in 'where clause' in C:\Users\10\Desktop\lth\CI-Arsal\system\Database\MySQLi\Connection.php:292
Stack trace:
#0 C:\Users\10\Desktop\lth\CI-Arsal\system\Database\MySQLi\Connection.php(292): mysqli->query('SELECT *\nFROM `...', 0)
#1 C:\Users\10\Desktop\lth\CI-Arsal\system\Database\BaseConnection.php(666): CodeIgniter\Database\MySQLi\Connection->execute('SELECT *\nFROM `...')
#2 C:\Users\10\Desktop\lth\CI-Arsal\system\Database\BaseConnection.php(593): CodeIgniter\Database\BaseConnection->simpleQuery('SELECT *\nFROM `...')
#3 C:\Users\10\Desktop\lth\CI-Arsal\system\Database\BaseBuilder.php(1585): CodeIgniter\Database\BaseConnection->query('SELECT *\nFROM `...', Array, false)
#4 C:\Users\10\Desktop\lth\CI-Arsal\system\Model.php(250): CodeIgniter\Database\BaseBuilder->get()
#5 C:\Users\10\Desktop\lth\CI-Arsal\system\BaseModel.php(623): CodeIgniter\Model->doFirst()
#6 C:\Users\10\Desktop\lth\CI-Arsal\app\Models\Modelkategori.php(26): CodeIgniter\BaseModel->first()
#7 C:\Users\10\Desktop\lth\CI-Arsal\app\Controllers\Kategori.php(97): App\Models\Modelkategori->getBuku('17')
#8 C:\Users\10\Desktop\lth\CI-Arsal\system\CodeIgniter.php(927): App\Controllers\Kategori->formedit('17')
#9 C:\Users\10\Desktop\lth\CI-Arsal\system\CodeIgniter.php(482): CodeIgniter\CodeIgniter->runController(Object(App\Controllers\Kategori))
#10 C:\Users\10\Desktop\lth\CI-Arsal\system\CodeIgniter.php(351): CodeIgniter\CodeIgniter->handleRequest(NULL, Object(Config\Cache), false)
#11 C:\Users\10\Desktop\lth\CI-Arsal\public\index.php(67): CodeIgniter\CodeIgniter->run()
#12 C:\Users\10\Desktop\lth\CI-Arsal\system\Commands\Server\rewrite.php(46): require_once('C:\\Users\\10\\Des...')
#13 {main}
CRITICAL - 2023-01-26 07:43:20 --> Unknown column 'slug' in 'where clause'
in SYSTEMPATH\Database\MySQLi\Connection.php on line 292.
 1 SYSTEMPATH\Database\MySQLi\Connection.php(292): mysqli->query('SELECT *
FROM `buku`
WHERE `slug` = \'17\'
 LIMIT 1', 0)
 2 SYSTEMPATH\Database\BaseConnection.php(666): CodeIgniter\Database\MySQLi\Connection->execute('SELECT *
FROM `buku`
WHERE `slug` = \'17\'
 LIMIT 1')
 3 SYSTEMPATH\Database\BaseConnection.php(593): CodeIgniter\Database\BaseConnection->simpleQuery('SELECT *
FROM `buku`
WHERE `slug` = \'17\'
 LIMIT 1')
 4 SYSTEMPATH\Database\BaseBuilder.php(1585): CodeIgniter\Database\BaseConnection->query('SELECT *
FROM `buku`
WHERE `slug` = :slug:
 LIMIT 1', [...], false)
 5 SYSTEMPATH\Model.php(250): CodeIgniter\Database\BaseBuilder->get()
 6 SYSTEMPATH\BaseModel.php(623): CodeIgniter\Model->doFirst()
 7 APPPATH\Models\Modelkategori.php(26): CodeIgniter\BaseModel->first()
 8 APPPATH\Controllers\Kategori.php(97): App\Models\Modelkategori->getBuku('17')
 9 SYSTEMPATH\CodeIgniter.php(927): App\Controllers\Kategori->formedit('17')
10 SYSTEMPATH\CodeIgniter.php(482): CodeIgniter\CodeIgniter->runController(Object(App\Controllers\Kategori))
11 SYSTEMPATH\CodeIgniter.php(351): CodeIgniter\CodeIgniter->handleRequest(null, Object(Config\Cache), false)
12 FCPATH\index.php(67): CodeIgniter\CodeIgniter->run()
13 SYSTEMPATH\Commands\Server\rewrite.php(46): require_once('FCPATH\\index.php')
CRITICAL - 2023-01-26 07:43:59 --> Trying to access array offset on value of type null
in APPPATH\Views\kategori\formedit.php on line 8.
 1 APPPATH\Views\kategori\formedit.php(8): CodeIgniter\Debug\Exceptions->errorHandler(2, 'Trying to access array offset on value of type null', 'APPPATH\\Views\\kategori\\formedit.php', 8)
 2 SYSTEMPATH\View\View.php(213): include('APPPATH\\Views\\kategori\\formedit.php')
 3 SYSTEMPATH\View\View.php(216): CodeIgniter\View\View->CodeIgniter\View\{closure}()
 4 SYSTEMPATH\Common.php(1134): CodeIgniter\View\View->render('kategori/formedit', [], true)
 5 APPPATH\Controllers\Kategori.php(101): view('kategori/formedit', [...])
 6 SYSTEMPATH\CodeIgniter.php(927): App\Controllers\Kategori->formedit('17')
 7 SYSTEMPATH\CodeIgniter.php(482): CodeIgniter\CodeIgniter->runController(Object(App\Controllers\Kategori))
 8 SYSTEMPATH\CodeIgniter.php(351): CodeIgniter\CodeIgniter->handleRequest(null, Object(Config\Cache), false)
 9 FCPATH\index.php(67): CodeIgniter\CodeIgniter->run()
10 SYSTEMPATH\Commands\Server\rewrite.php(46): require_once('FCPATH\\index.php')
CRITICAL - 2023-01-26 08:05:38 --> Undefined variable $buku
in APPPATH\Views\kategori\formtambah.php on line 6.
 1 APPPATH\Views\kategori\formtambah.php(6): CodeIgniter\Debug\Exceptions->errorHandler(2, 'Undefined variable $buku', 'APPPATH\\Views\\kategori\\formtambah.php', 6)
 2 SYSTEMPATH\View\View.php(213): include('APPPATH\\Views\\kategori\\formtambah.php')
 3 SYSTEMPATH\View\View.php(216): CodeIgniter\View\View->CodeIgniter\View\{closure}()
 4 SYSTEMPATH\Common.php(1134): CodeIgniter\View\View->render('kategori/formtambah', [], true)
 5 APPPATH\Controllers\Kategori.php(50): view('kategori/formtambah', [...])
 6 SYSTEMPATH\CodeIgniter.php(927): App\Controllers\Kategori->formtambah()
 7 SYSTEMPATH\CodeIgniter.php(482): CodeIgniter\CodeIgniter->runController(Object(App\Controllers\Kategori))
 8 SYSTEMPATH\CodeIgniter.php(351): CodeIgniter\CodeIgniter->handleRequest(null, Object(Config\Cache), false)
 9 FCPATH\index.php(67): CodeIgniter\CodeIgniter->run()
10 SYSTEMPATH\Commands\Server\rewrite.php(46): require_once('FCPATH\\index.php')
CRITICAL - 2023-01-26 08:16:25 --> Invalid file: layout/navbar.php
in SYSTEMPATH\Exceptions\FrameworkException.php on line 33.
 1 SYSTEMPATH\View\View.php(201): CodeIgniter\Exceptions\FrameworkException::forInvalidFile('layout/navbar.php')
 2 SYSTEMPATH\Common.php(1134): CodeIgniter\View\View->render('layout/navbar', [], true)
 3 APPPATH\Controllers\Kategori.php(117): view('layout/navbar')
 4 SYSTEMPATH\CodeIgniter.php(927): App\Controllers\Kategori->formedit('2')
 5 SYSTEMPATH\CodeIgniter.php(482): CodeIgniter\CodeIgniter->runController(Object(App\Controllers\Kategori))
 6 SYSTEMPATH\CodeIgniter.php(351): CodeIgniter\CodeIgniter->handleRequest(null, Object(Config\Cache), false)
 7 FCPATH\index.php(67): CodeIgniter\CodeIgniter->run()
 8 SYSTEMPATH\Commands\Server\rewrite.php(46): require_once('FCPATH\\index.php')
CRITICAL - 2023-01-26 08:18:35 --> Invalid file: layout/navbar.php
in SYSTEMPATH\Exceptions\FrameworkException.php on line 33.
 1 SYSTEMPATH\View\View.php(201): CodeIgniter\Exceptions\FrameworkException::forInvalidFile('layout/navbar.php')
 2 SYSTEMPATH\Common.php(1134): CodeIgniter\View\View->render('layout/navbar', [], true)
 3 APPPATH\Controllers\Kategori.php(117): view('layout/navbar')
 4 SYSTEMPATH\CodeIgniter.php(927): App\Controllers\Kategori->formedit('2')
 5 SYSTEMPATH\CodeIgniter.php(482): CodeIgniter\CodeIgniter->runController(Object(App\Controllers\Kategori))
 6 SYSTEMPATH\CodeIgniter.php(351): CodeIgniter\CodeIgniter->handleRequest(null, Object(Config\Cache), false)
 7 FCPATH\index.php(67): CodeIgniter\CodeIgniter->run()
 8 SYSTEMPATH\Commands\Server\rewrite.php(46): require_once('FCPATH\\index.php')
CRITICAL - 2023-01-26 08:20:08 --> Trying to access array offset on value of type null
in APPPATH\Views\kategori\formedit.php on line 6.
 1 APPPATH\Views\kategori\formedit.php(6): CodeIgniter\Debug\Exceptions->errorHandler(2, 'Trying to access array offset on value of type null', 'APPPATH\\Views\\kategori\\formedit.php', 6)
 2 SYSTEMPATH\View\View.php(213): include('APPPATH\\Views\\kategori\\formedit.php')
 3 SYSTEMPATH\View\View.php(216): CodeIgniter\View\View->CodeIgniter\View\{closure}()
 4 SYSTEMPATH\Common.php(1134): CodeIgniter\View\View->render('kategori/formedit', [], true)
 5 APPPATH\Controllers\Kategori.php(118): view('kategori/formedit', [...])
 6 SYSTEMPATH\CodeIgniter.php(927): App\Controllers\Kategori->formedit('2')
 7 SYSTEMPATH\CodeIgniter.php(482): CodeIgniter\CodeIgniter->runController(Object(App\Controllers\Kategori))
 8 SYSTEMPATH\CodeIgniter.php(351): CodeIgniter\CodeIgniter->handleRequest(null, Object(Config\Cache), false)
 9 FCPATH\index.php(67): CodeIgniter\CodeIgniter->run()
10 SYSTEMPATH\Commands\Server\rewrite.php(46): require_once('FCPATH\\index.php')
CRITICAL - 2023-01-26 08:21:06 --> Trying to access array offset on value of type null
in APPPATH\Views\kategori\formedit.php on line 6.
 1 APPPATH\Views\kategori\formedit.php(6): CodeIgniter\Debug\Exceptions->errorHandler(2, 'Trying to access array offset on value of type null', 'APPPATH\\Views\\kategori\\formedit.php', 6)
 2 SYSTEMPATH\View\View.php(213): include('APPPATH\\Views\\kategori\\formedit.php')
 3 SYSTEMPATH\View\View.php(216): CodeIgniter\View\View->CodeIgniter\View\{closure}()
 4 SYSTEMPATH\Common.php(1134): CodeIgniter\View\View->render('kategori/formedit', [], true)
 5 APPPATH\Controllers\Kategori.php(118): view('kategori/formedit', [...])
 6 SYSTEMPATH\CodeIgniter.php(927): App\Controllers\Kategori->formedit('2')
 7 SYSTEMPATH\CodeIgniter.php(482): CodeIgniter\CodeIgniter->runController(Object(App\Controllers\Kategori))
 8 SYSTEMPATH\CodeIgniter.php(351): CodeIgniter\CodeIgniter->handleRequest(null, Object(Config\Cache), false)
 9 FCPATH\index.php(67): CodeIgniter\CodeIgniter->run()
10 SYSTEMPATH\Commands\Server\rewrite.php(46): require_once('FCPATH\\index.php')
CRITICAL - 2023-01-26 08:25:28 --> Trying to access array offset on value of type null
in APPPATH\Views\kategori\formedit.php on line 6.
 1 APPPATH\Views\kategori\formedit.php(6): CodeIgniter\Debug\Exceptions->errorHandler(2, 'Trying to access array offset on value of type null', 'APPPATH\\Views\\kategori\\formedit.php', 6)
 2 SYSTEMPATH\View\View.php(213): include('APPPATH\\Views\\kategori\\formedit.php')
 3 SYSTEMPATH\View\View.php(216): CodeIgniter\View\View->CodeIgniter\View\{closure}()
 4 SYSTEMPATH\Common.php(1134): CodeIgniter\View\View->render('kategori/formedit', [], true)
 5 APPPATH\Controllers\Kategori.php(118): view('kategori/formedit', [...])
 6 SYSTEMPATH\CodeIgniter.php(927): App\Controllers\Kategori->formedit('10')
 7 SYSTEMPATH\CodeIgniter.php(482): CodeIgniter\CodeIgniter->runController(Object(App\Controllers\Kategori))
 8 SYSTEMPATH\CodeIgniter.php(351): CodeIgniter\CodeIgniter->handleRequest(null, Object(Config\Cache), false)
 9 FCPATH\index.php(67): CodeIgniter\CodeIgniter->run()
10 SYSTEMPATH\Commands\Server\rewrite.php(46): require_once('FCPATH\\index.php')
CRITICAL - 2023-01-26 08:29:44 --> Trying to access array offset on value of type null
in APPPATH\Views\kategori\formedit.php on line 6.
 1 APPPATH\Views\kategori\formedit.php(6): CodeIgniter\Debug\Exceptions->errorHandler(2, 'Trying to access array offset on value of type null', 'APPPATH\\Views\\kategori\\formedit.php', 6)
 2 SYSTEMPATH\View\View.php(213): include('APPPATH\\Views\\kategori\\formedit.php')
 3 SYSTEMPATH\View\View.php(216): CodeIgniter\View\View->CodeIgniter\View\{closure}()
 4 SYSTEMPATH\Common.php(1134): CodeIgniter\View\View->render('kategori/formedit', [], true)
 5 APPPATH\Controllers\Kategori.php(118): view('kategori/formedit', [...])
 6 SYSTEMPATH\CodeIgniter.php(927): App\Controllers\Kategori->formedit('10')
 7 SYSTEMPATH\CodeIgniter.php(482): CodeIgniter\CodeIgniter->runController(Object(App\Controllers\Kategori))
 8 SYSTEMPATH\CodeIgniter.php(351): CodeIgniter\CodeIgniter->handleRequest(null, Object(Config\Cache), false)
 9 FCPATH\index.php(67): CodeIgniter\CodeIgniter->run()
10 SYSTEMPATH\Commands\Server\rewrite.php(46): require_once('FCPATH\\index.php')
CRITICAL - 2023-01-26 08:30:09 --> Trying to access array offset on value of type null
in APPPATH\Views\kategori\formedit.php on line 6.
 1 APPPATH\Views\kategori\formedit.php(6): CodeIgniter\Debug\Exceptions->errorHandler(2, 'Trying to access array offset on value of type null', 'APPPATH\\Views\\kategori\\formedit.php', 6)
 2 SYSTEMPATH\View\View.php(213): include('APPPATH\\Views\\kategori\\formedit.php')
 3 SYSTEMPATH\View\View.php(216): CodeIgniter\View\View->CodeIgniter\View\{closure}()
 4 SYSTEMPATH\Common.php(1134): CodeIgniter\View\View->render('kategori/formedit', [], true)
 5 APPPATH\Controllers\Kategori.php(118): view('kategori/formedit', [...])
 6 SYSTEMPATH\CodeIgniter.php(927): App\Controllers\Kategori->formedit('16')
 7 SYSTEMPATH\CodeIgniter.php(482): CodeIgniter\CodeIgniter->runController(Object(App\Controllers\Kategori))
 8 SYSTEMPATH\CodeIgniter.php(351): CodeIgniter\CodeIgniter->handleRequest(null, Object(Config\Cache), false)
 9 FCPATH\index.php(67): CodeIgniter\CodeIgniter->run()
10 SYSTEMPATH\Commands\Server\rewrite.php(46): require_once('FCPATH\\index.php')
CRITICAL - 2023-01-26 08:33:21 --> Undefined variable $row
in APPPATH\Views\kategori\viewkategori.php on line 42.
 1 APPPATH\Views\kategori\viewkategori.php(42): CodeIgniter\Debug\Exceptions->errorHandler(2, 'Undefined variable $row', 'APPPATH\\Views\\kategori\\viewkategori.php', 42)
 2 SYSTEMPATH\View\View.php(213): include('APPPATH\\Views\\kategori\\viewkategori.php')
 3 SYSTEMPATH\View\View.php(216): CodeIgniter\View\View->CodeIgniter\View\{closure}()
 4 SYSTEMPATH\Common.php(1134): CodeIgniter\View\View->render('kategori/viewkategori', [], true)
 5 APPPATH\Controllers\Kategori.php(40): view('kategori/viewkategori', [...])
 6 SYSTEMPATH\CodeIgniter.php(927): App\Controllers\Kategori->index()
 7 SYSTEMPATH\CodeIgniter.php(482): CodeIgniter\CodeIgniter->runController(Object(App\Controllers\Kategori))
 8 SYSTEMPATH\CodeIgniter.php(351): CodeIgniter\CodeIgniter->handleRequest(null, Object(Config\Cache), false)
 9 FCPATH\index.php(67): CodeIgniter\CodeIgniter->run()
10 SYSTEMPATH\Commands\Server\rewrite.php(46): require_once('FCPATH\\index.php')
CRITICAL - 2023-01-26 08:39:14 --> Undefined array key "alias"
in APPPATH\Views\kategori\viewkategori.php on line 47.
 1 APPPATH\Views\kategori\viewkategori.php(47): CodeIgniter\Debug\Exceptions->errorHandler(2, 'Undefined array key "alias"', 'APPPATH\\Views\\kategori\\viewkategori.php', 47)
 2 SYSTEMPATH\View\View.php(213): include('APPPATH\\Views\\kategori\\viewkategori.php')
 3 SYSTEMPATH\View\View.php(216): CodeIgniter\View\View->CodeIgniter\View\{closure}()
 4 SYSTEMPATH\Common.php(1134): CodeIgniter\View\View->render('kategori/viewkategori', [], true)
 5 APPPATH\Controllers\Kategori.php(40): view('kategori/viewkategori', [...])
 6 SYSTEMPATH\CodeIgniter.php(927): App\Controllers\Kategori->index()
 7 SYSTEMPATH\CodeIgniter.php(482): CodeIgniter\CodeIgniter->runController(Object(App\Controllers\Kategori))
 8 SYSTEMPATH\CodeIgniter.php(351): CodeIgniter\CodeIgniter->handleRequest(null, Object(Config\Cache), false)
 9 FCPATH\index.php(67): CodeIgniter\CodeIgniter->run()
10 SYSTEMPATH\Commands\Server\rewrite.php(46): require_once('FCPATH\\index.php')
