CRITICAL - 2023-06-29 00:41:48 --> Undefined array key "alias"
in APPPATH\Views\kategori\formedit.php on line 14.
 1 APPPATH\Views\kategori\formedit.php(14): CodeIgniter\Debug\Exceptions->errorHandler(2, 'Undefined array key "alias"', 'APPPATH\\Views\\kategori\\formedit.php', 14)
 2 SYSTEMPATH\View\View.php(213): include('APPPATH\\Views\\kategori\\formedit.php')
 3 SYSTEMPATH\View\View.php(216): CodeIgniter\View\View->CodeIgniter\View\{closure}()
 4 SYSTEMPATH\Common.php(1134): CodeIgniter\View\View->render('kategori/formedit', [], true)
 5 APPPATH\Controllers\Admin.php(106): view('kategori/formedit', [...])
 6 SYSTEMPATH\CodeIgniter.php(927): App\Controllers\Admin->formedit('6')
 7 SYSTEMPATH\CodeIgniter.php(482): CodeIgniter\CodeIgniter->runController(Object(App\Controllers\Admin))
 8 SYSTEMPATH\CodeIgniter.php(351): CodeIgniter\CodeIgniter->handleRequest(null, Object(Config\Cache), false)
 9 FCPATH\index.php(67): CodeIgniter\CodeIgniter->run()
10 SYSTEMPATH\Commands\Server\rewrite.php(46): require_once('FCPATH\\index.php')
CRITICAL - 2023-06-29 00:42:15 --> Undefined array key "judul"
in APPPATH\Views\kategori\formedit.php on line 18.
 1 APPPATH\Views\kategori\formedit.php(18): CodeIgniter\Debug\Exceptions->errorHandler(2, 'Undefined array key "judul"', 'APPPATH\\Views\\kategori\\formedit.php', 18)
 2 SYSTEMPATH\View\View.php(213): include('APPPATH\\Views\\kategori\\formedit.php')
 3 SYSTEMPATH\View\View.php(216): CodeIgniter\View\View->CodeIgniter\View\{closure}()
 4 SYSTEMPATH\Common.php(1134): CodeIgniter\View\View->render('kategori/formedit', [], true)
 5 APPPATH\Controllers\Admin.php(106): view('kategori/formedit', [...])
 6 SYSTEMPATH\CodeIgniter.php(927): App\Controllers\Admin->formedit('6')
 7 SYSTEMPATH\CodeIgniter.php(482): CodeIgniter\CodeIgniter->runController(Object(App\Controllers\Admin))
 8 SYSTEMPATH\CodeIgniter.php(351): CodeIgniter\CodeIgniter->handleRequest(null, Object(Config\Cache), false)
 9 FCPATH\index.php(67): CodeIgniter\CodeIgniter->run()
10 SYSTEMPATH\Commands\Server\rewrite.php(46): require_once('FCPATH\\index.php')
CRITICAL - 2023-06-29 00:59:49 --> Undefined array key "mo_hp"
in APPPATH\Views\kategori\formedit.php on line 32.
 1 APPPATH\Views\kategori\formedit.php(32): CodeIgniter\Debug\Exceptions->errorHandler(2, 'Undefined array key "mo_hp"', 'APPPATH\\Views\\kategori\\formedit.php', 32)
 2 SYSTEMPATH\View\View.php(213): include('APPPATH\\Views\\kategori\\formedit.php')
 3 SYSTEMPATH\View\View.php(216): CodeIgniter\View\View->CodeIgniter\View\{closure}()
 4 SYSTEMPATH\Common.php(1134): CodeIgniter\View\View->render('kategori/formedit', [], true)
 5 APPPATH\Controllers\Admin.php(106): view('kategori/formedit', [...])
 6 SYSTEMPATH\CodeIgniter.php(927): App\Controllers\Admin->formedit('6')
 7 SYSTEMPATH\CodeIgniter.php(482): CodeIgniter\CodeIgniter->runController(Object(App\Controllers\Admin))
 8 SYSTEMPATH\CodeIgniter.php(351): CodeIgniter\CodeIgniter->handleRequest(null, Object(Config\Cache), false)
 9 FCPATH\index.php(67): CodeIgniter\CodeIgniter->run()
10 SYSTEMPATH\Commands\Server\rewrite.php(46): require_once('FCPATH\\index.php')
CRITICAL - 2023-06-29 01:00:02 --> Invalid file: main/layot.php
in SYSTEMPATH\Exceptions\FrameworkException.php on line 33.
 1 SYSTEMPATH\View\View.php(201): CodeIgniter\Exceptions\FrameworkException::forInvalidFile('main/layot.php')
 2 SYSTEMPATH\View\View.php(229): CodeIgniter\View\View->render('main/layot', [], true)
 3 SYSTEMPATH\Common.php(1134): CodeIgniter\View\View->render('kategori/formedit', [], true)
 4 APPPATH\Controllers\Admin.php(106): view('kategori/formedit', [...])
 5 SYSTEMPATH\CodeIgniter.php(927): App\Controllers\Admin->formedit('6')
 6 SYSTEMPATH\CodeIgniter.php(482): CodeIgniter\CodeIgniter->runController(Object(App\Controllers\Admin))
 7 SYSTEMPATH\CodeIgniter.php(351): CodeIgniter\CodeIgniter->handleRequest(null, Object(Config\Cache), false)
 8 FCPATH\index.php(67): CodeIgniter\CodeIgniter->run()
 9 SYSTEMPATH\Commands\Server\rewrite.php(46): require_once('FCPATH\\index.php')
CRITICAL - 2023-06-29 01:02:11 --> Invalid file: main/bootstrap.php
in SYSTEMPATH\Exceptions\FrameworkException.php on line 33.
 1 SYSTEMPATH\View\View.php(201): CodeIgniter\Exceptions\FrameworkException::forInvalidFile('main/bootstrap.php')
 2 SYSTEMPATH\View\View.php(229): CodeIgniter\View\View->render('main/bootstrap', [], true)
 3 SYSTEMPATH\Common.php(1134): CodeIgniter\View\View->render('kategori/formedit', [], true)
 4 APPPATH\Controllers\Admin.php(106): view('kategori/formedit', [...])
 5 SYSTEMPATH\CodeIgniter.php(927): App\Controllers\Admin->formedit('6')
 6 SYSTEMPATH\CodeIgniter.php(482): CodeIgniter\CodeIgniter->runController(Object(App\Controllers\Admin))
 7 SYSTEMPATH\CodeIgniter.php(351): CodeIgniter\CodeIgniter->handleRequest(null, Object(Config\Cache), false)
 8 FCPATH\index.php(67): CodeIgniter\CodeIgniter->run()
 9 SYSTEMPATH\Commands\Server\rewrite.php(46): require_once('FCPATH\\index.php')
CRITICAL - 2023-06-29 01:20:18 --> There is no data to update.
in SYSTEMPATH\BaseModel.php on line 867.
 1 SYSTEMPATH\BaseModel.php(867): CodeIgniter\Database\Exceptions\DataException::forEmptyDataset('update')
 2 SYSTEMPATH\Model.php(693): CodeIgniter\BaseModel->update([...], [])
 3 SYSTEMPATH\BaseModel.php(657): CodeIgniter\Model->update('6', [...])
 4 APPPATH\Controllers\Admin.php(92): CodeIgniter\BaseModel->save([...])
 5 SYSTEMPATH\CodeIgniter.php(927): App\Controllers\Admin->update('6')
 6 SYSTEMPATH\CodeIgniter.php(482): CodeIgniter\CodeIgniter->runController(Object(App\Controllers\Admin))
 7 SYSTEMPATH\CodeIgniter.php(351): CodeIgniter\CodeIgniter->handleRequest(null, Object(Config\Cache), false)
 8 FCPATH\index.php(67): CodeIgniter\CodeIgniter->run()
 9 SYSTEMPATH\Commands\Server\rewrite.php(46): require_once('FCPATH\\index.php')
CRITICAL - 2023-06-29 01:20:25 --> There is no data to update.
in SYSTEMPATH\BaseModel.php on line 867.
 1 SYSTEMPATH\BaseModel.php(867): CodeIgniter\Database\Exceptions\DataException::forEmptyDataset('update')
 2 SYSTEMPATH\Model.php(693): CodeIgniter\BaseModel->update([...], [])
 3 SYSTEMPATH\BaseModel.php(657): CodeIgniter\Model->update('6', [...])
 4 APPPATH\Controllers\Admin.php(92): CodeIgniter\BaseModel->save([...])
 5 SYSTEMPATH\CodeIgniter.php(927): App\Controllers\Admin->update('6')
 6 SYSTEMPATH\CodeIgniter.php(482): CodeIgniter\CodeIgniter->runController(Object(App\Controllers\Admin))
 7 SYSTEMPATH\CodeIgniter.php(351): CodeIgniter\CodeIgniter->handleRequest(null, Object(Config\Cache), false)
 8 FCPATH\index.php(67): CodeIgniter\CodeIgniter->run()
 9 SYSTEMPATH\Commands\Server\rewrite.php(46): require_once('FCPATH\\index.php')
CRITICAL - 2023-06-29 04:13:11 --> Undefined array key "nama_produk"
in APPPATH\Views\kategori\formtambah.php on line 15.
 1 APPPATH\Views\kategori\formtambah.php(15): CodeIgniter\Debug\Exceptions->errorHandler(2, 'Undefined array key "nama_produk"', 'APPPATH\\Views\\kategori\\formtambah.php', 15)
 2 SYSTEMPATH\View\View.php(213): include('APPPATH\\Views\\kategori\\formtambah.php')
 3 SYSTEMPATH\View\View.php(216): CodeIgniter\View\View->CodeIgniter\View\{closure}()
 4 SYSTEMPATH\Common.php(1134): CodeIgniter\View\View->render('kategori/formtambah', [], true)
 5 APPPATH\Controllers\User.php(15): view('kategori/formtambah', [...])
 6 SYSTEMPATH\CodeIgniter.php(927): App\Controllers\User->create()
 7 SYSTEMPATH\CodeIgniter.php(482): CodeIgniter\CodeIgniter->runController(Object(App\Controllers\User))
 8 SYSTEMPATH\CodeIgniter.php(351): CodeIgniter\CodeIgniter->handleRequest(null, Object(Config\Cache), false)
 9 FCPATH\index.php(67): CodeIgniter\CodeIgniter->run()
10 SYSTEMPATH\Commands\Server\rewrite.php(46): require_once('FCPATH\\index.php')
ERROR - 2023-06-29 05:17:09 --> mysqli_sql_exception: Column 'paket' cannot be null in C:\Users\10\Desktop\LandingPage\Bimbel-app\system\Database\MySQLi\Connection.php:292
Stack trace:
#0 C:\Users\10\Desktop\LandingPage\Bimbel-app\system\Database\MySQLi\Connection.php(292): mysqli->query('INSERT INTO `da...', 0)
#1 C:\Users\10\Desktop\LandingPage\Bimbel-app\system\Database\BaseConnection.php(666): CodeIgniter\Database\MySQLi\Connection->execute('INSERT INTO `da...')
#2 C:\Users\10\Desktop\LandingPage\Bimbel-app\system\Database\BaseConnection.php(593): CodeIgniter\Database\BaseConnection->simpleQuery('INSERT INTO `da...')
#3 C:\Users\10\Desktop\LandingPage\Bimbel-app\system\Database\BaseBuilder.php(1916): CodeIgniter\Database\BaseConnection->query('INSERT INTO `da...', Array, false)
#4 C:\Users\10\Desktop\LandingPage\Bimbel-app\system\Model.php(279): CodeIgniter\Database\BaseBuilder->insert()
#5 C:\Users\10\Desktop\LandingPage\Bimbel-app\system\BaseModel.php(749): CodeIgniter\Model->doInsert(Array)
#6 C:\Users\10\Desktop\LandingPage\Bimbel-app\system\Model.php(667): CodeIgniter\BaseModel->insert(Array, false)
#7 C:\Users\10\Desktop\LandingPage\Bimbel-app\system\BaseModel.php(659): CodeIgniter\Model->insert(Array, false)
#8 C:\Users\10\Desktop\LandingPage\Bimbel-app\app\Controllers\Admin.php(105): CodeIgniter\BaseModel->save(Array)
#9 C:\Users\10\Desktop\LandingPage\Bimbel-app\system\CodeIgniter.php(927): App\Controllers\Admin->simpan()
#10 C:\Users\10\Desktop\LandingPage\Bimbel-app\system\CodeIgniter.php(482): CodeIgniter\CodeIgniter->runController(Object(App\Controllers\Admin))
#11 C:\Users\10\Desktop\LandingPage\Bimbel-app\system\CodeIgniter.php(351): CodeIgniter\CodeIgniter->handleRequest(NULL, Object(Config\Cache), false)
#12 C:\Users\10\Desktop\LandingPage\Bimbel-app\public\index.php(67): CodeIgniter\CodeIgniter->run()
#13 C:\Users\10\Desktop\LandingPage\Bimbel-app\system\Commands\Server\rewrite.php(46): require_once('C:\\Users\\10\\Des...')
#14 {main}
CRITICAL - 2023-06-29 05:17:09 --> Column 'paket' cannot be null
in SYSTEMPATH\Database\MySQLi\Connection.php on line 292.
 1 SYSTEMPATH\Database\MySQLi\Connection.php(292): mysqli->query('INSERT INTO `daftar` (`nama_lengkap`, `alamat`, `email`, `no_hp`, `asal_sekolah`, `paket`, `jurusan`) VALUES (\'Bagus Setiawan\', \'Limas\', \'arasalrsal@gmil.com\', \'0987\', \'SMAN02\', NULL, \'IPS\')', 0)
 2 SYSTEMPATH\Database\BaseConnection.php(666): CodeIgniter\Database\MySQLi\Connection->execute('INSERT INTO `daftar` (`nama_lengkap`, `alamat`, `email`, `no_hp`, `asal_sekolah`, `paket`, `jurusan`) VALUES (\'Bagus Setiawan\', \'Limas\', \'arasalrsal@gmil.com\', \'0987\', \'SMAN02\', NULL, \'IPS\')')
 3 SYSTEMPATH\Database\BaseConnection.php(593): CodeIgniter\Database\BaseConnection->simpleQuery('INSERT INTO `daftar` (`nama_lengkap`, `alamat`, `email`, `no_hp`, `asal_sekolah`, `paket`, `jurusan`) VALUES (\'Bagus Setiawan\', \'Limas\', \'arasalrsal@gmil.com\', \'0987\', \'SMAN02\', NULL, \'IPS\')')
 4 SYSTEMPATH\Database\BaseBuilder.php(1916): CodeIgniter\Database\BaseConnection->query('INSERT INTO `daftar` (`nama_lengkap`, `alamat`, `email`, `no_hp`, `asal_sekolah`, `paket`, `jurusan`) VALUES (:nama_lengkap:, :alamat:, :email:, :no_hp:, :asal_sekolah:, :paket:, :jurusan:)', [...], false)
 5 SYSTEMPATH\Model.php(279): CodeIgniter\Database\BaseBuilder->insert()
 6 SYSTEMPATH\BaseModel.php(749): CodeIgniter\Model->doInsert([...])
 7 SYSTEMPATH\Model.php(667): CodeIgniter\BaseModel->insert([...], false)
 8 SYSTEMPATH\BaseModel.php(659): CodeIgniter\Model->insert([...], false)
 9 APPPATH\Controllers\Admin.php(105): CodeIgniter\BaseModel->save([...])
10 SYSTEMPATH\CodeIgniter.php(927): App\Controllers\Admin->simpan()
11 SYSTEMPATH\CodeIgniter.php(482): CodeIgniter\CodeIgniter->runController(Object(App\Controllers\Admin))
12 SYSTEMPATH\CodeIgniter.php(351): CodeIgniter\CodeIgniter->handleRequest(null, Object(Config\Cache), false)
13 FCPATH\index.php(67): CodeIgniter\CodeIgniter->run()
14 SYSTEMPATH\Commands\Server\rewrite.php(46): require_once('FCPATH\\index.php')
